01-Apr-2023 16:58:48.568 INFO [main] org.apache.catalina.startup.VersionLoggerListener.log Server version name:   Apache Tomcat/8.5.50
01-Apr-2023 16:58:48.573 INFO [main] org.apache.catalina.startup.VersionLoggerListener.log Server built:          Dec 7 2019 19:19:46 UTC
01-Apr-2023 16:58:48.573 INFO [main] org.apache.catalina.startup.VersionLoggerListener.log Server version number: 8.5.50.0
01-Apr-2023 16:58:48.573 INFO [main] org.apache.catalina.startup.VersionLoggerListener.log OS Name:               Linux
01-Apr-2023 16:58:48.573 INFO [main] org.apache.catalina.startup.VersionLoggerListener.log OS Version:            5.15.0-41-generic
01-Apr-2023 16:58:48.574 INFO [main] org.apache.catalina.startup.VersionLoggerListener.log Architecture:          amd64
01-Apr-2023 16:58:48.574 INFO [main] org.apache.catalina.startup.VersionLoggerListener.log Java Home:             /home/jeronimo/.sdkman/candidates/java/11.0.2-open
01-Apr-2023 16:58:48.574 INFO [main] org.apache.catalina.startup.VersionLoggerListener.log JVM Version:           11.0.2+9
01-Apr-2023 16:58:48.574 INFO [main] org.apache.catalina.startup.VersionLoggerListener.log JVM Vendor:            Oracle Corporation
01-Apr-2023 16:58:48.575 INFO [main] org.apache.catalina.startup.VersionLoggerListener.log CATALINA_BASE:         /home/jeronimo/Documentos/udemy/integracao-continua-testes-jenkins/continuous-integration-with-test-using-jenkins/apache-tomcat-8.5.50
01-Apr-2023 16:58:48.575 INFO [main] org.apache.catalina.startup.VersionLoggerListener.log CATALINA_HOME:         /home/jeronimo/Documentos/udemy/integracao-continua-testes-jenkins/continuous-integration-with-test-using-jenkins/apache-tomcat-8.5.50
01-Apr-2023 16:58:48.576 INFO [main] org.apache.catalina.startup.VersionLoggerListener.log Command line argument: --add-opens=java.base/java.lang=ALL-UNNAMED
01-Apr-2023 16:58:48.578 INFO [main] org.apache.catalina.startup.VersionLoggerListener.log Command line argument: --add-opens=java.base/java.io=ALL-UNNAMED
01-Apr-2023 16:58:48.578 INFO [main] org.apache.catalina.startup.VersionLoggerListener.log Command line argument: --add-opens=java.rmi/sun.rmi.transport=ALL-UNNAMED
01-Apr-2023 16:58:48.581 INFO [main] org.apache.catalina.startup.VersionLoggerListener.log Command line argument: -Djava.util.logging.config.file=/home/jeronimo/Documentos/udemy/integracao-continua-testes-jenkins/continuous-integration-with-test-using-jenkins/apache-tomcat-8.5.50/conf/logging.properties
01-Apr-2023 16:58:48.581 INFO [main] org.apache.catalina.startup.VersionLoggerListener.log Command line argument: -Djava.util.logging.manager=org.apache.juli.ClassLoaderLogManager
01-Apr-2023 16:58:48.581 INFO [main] org.apache.catalina.startup.VersionLoggerListener.log Command line argument: -Djdk.tls.ephemeralDHKeySize=2048
01-Apr-2023 16:58:48.581 INFO [main] org.apache.catalina.startup.VersionLoggerListener.log Command line argument: -Djava.protocol.handler.pkgs=org.apache.catalina.webresources
01-Apr-2023 16:58:48.582 INFO [main] org.apache.catalina.startup.VersionLoggerListener.log Command line argument: -Dorg.apache.catalina.security.SecurityListener.UMASK=0027
01-Apr-2023 16:58:48.582 INFO [main] org.apache.catalina.startup.VersionLoggerListener.log Command line argument: -Dignore.endorsed.dirs=
01-Apr-2023 16:58:48.582 INFO [main] org.apache.catalina.startup.VersionLoggerListener.log Command line argument: -Dcatalina.base=/home/jeronimo/Documentos/udemy/integracao-continua-testes-jenkins/continuous-integration-with-test-using-jenkins/apache-tomcat-8.5.50
01-Apr-2023 16:58:48.582 INFO [main] org.apache.catalina.startup.VersionLoggerListener.log Command line argument: -Dcatalina.home=/home/jeronimo/Documentos/udemy/integracao-continua-testes-jenkins/continuous-integration-with-test-using-jenkins/apache-tomcat-8.5.50
01-Apr-2023 16:58:48.582 INFO [main] org.apache.catalina.startup.VersionLoggerListener.log Command line argument: -Djava.io.tmpdir=/home/jeronimo/Documentos/udemy/integracao-continua-testes-jenkins/continuous-integration-with-test-using-jenkins/apache-tomcat-8.5.50/temp
01-Apr-2023 16:58:48.582 INFO [main] org.apache.catalina.core.AprLifecycleListener.lifecycleEvent The APR based Apache Tomcat Native library which allows optimal performance in production environments was not found on the java.library.path: [/usr/java/packages/lib:/usr/lib64:/lib64:/lib:/usr/lib]
01-Apr-2023 16:58:48.630 INFO [main] org.apache.coyote.AbstractProtocol.init Initializing ProtocolHandler ["http-nio-8001"]
01-Apr-2023 16:58:48.652 INFO [main] org.apache.tomcat.util.net.NioSelectorPool.getSharedSelector Using a shared selector for servlet write/read
01-Apr-2023 16:58:48.669 INFO [main] org.apache.coyote.AbstractProtocol.init Initializing ProtocolHandler ["ajp-nio-8009"]
01-Apr-2023 16:58:48.672 INFO [main] org.apache.tomcat.util.net.NioSelectorPool.getSharedSelector Using a shared selector for servlet write/read
01-Apr-2023 16:58:48.675 INFO [main] org.apache.catalina.startup.Catalina.load Initialization processed in 725 ms
01-Apr-2023 16:58:48.772 INFO [main] org.apache.catalina.core.StandardService.startInternal Starting service [Catalina]
01-Apr-2023 16:58:48.772 INFO [main] org.apache.catalina.core.StandardEngine.startInternal Starting Servlet Engine: Apache Tomcat/8.5.50
01-Apr-2023 16:58:48.785 INFO [localhost-startStop-1] org.apache.catalina.startup.HostConfig.deployDirectory Deploying web application directory [/home/jeronimo/Documentos/udemy/integracao-continua-testes-jenkins/continuous-integration-with-test-using-jenkins/apache-tomcat-8.5.50/webapps/examples]
01-Apr-2023 16:58:49.460 INFO [localhost-startStop-1] org.apache.catalina.startup.HostConfig.deployDirectory Deployment of web application directory [/home/jeronimo/Documentos/udemy/integracao-continua-testes-jenkins/continuous-integration-with-test-using-jenkins/apache-tomcat-8.5.50/webapps/examples] has finished in [674] ms
01-Apr-2023 16:58:49.460 INFO [localhost-startStop-1] org.apache.catalina.startup.HostConfig.deployDirectory Deploying web application directory [/home/jeronimo/Documentos/udemy/integracao-continua-testes-jenkins/continuous-integration-with-test-using-jenkins/apache-tomcat-8.5.50/webapps/manager]
01-Apr-2023 16:58:49.517 INFO [localhost-startStop-1] org.apache.catalina.startup.HostConfig.deployDirectory Deployment of web application directory [/home/jeronimo/Documentos/udemy/integracao-continua-testes-jenkins/continuous-integration-with-test-using-jenkins/apache-tomcat-8.5.50/webapps/manager] has finished in [57] ms
01-Apr-2023 16:58:49.518 INFO [localhost-startStop-1] org.apache.catalina.startup.HostConfig.deployDirectory Deploying web application directory [/home/jeronimo/Documentos/udemy/integracao-continua-testes-jenkins/continuous-integration-with-test-using-jenkins/apache-tomcat-8.5.50/webapps/ROOT]
01-Apr-2023 16:58:49.539 INFO [localhost-startStop-1] org.apache.catalina.startup.HostConfig.deployDirectory Deployment of web application directory [/home/jeronimo/Documentos/udemy/integracao-continua-testes-jenkins/continuous-integration-with-test-using-jenkins/apache-tomcat-8.5.50/webapps/ROOT] has finished in [22] ms
01-Apr-2023 16:58:49.539 INFO [localhost-startStop-1] org.apache.catalina.startup.HostConfig.deployDirectory Deploying web application directory [/home/jeronimo/Documentos/udemy/integracao-continua-testes-jenkins/continuous-integration-with-test-using-jenkins/apache-tomcat-8.5.50/webapps/host-manager]
01-Apr-2023 16:58:49.566 INFO [localhost-startStop-1] org.apache.catalina.startup.HostConfig.deployDirectory Deployment of web application directory [/home/jeronimo/Documentos/udemy/integracao-continua-testes-jenkins/continuous-integration-with-test-using-jenkins/apache-tomcat-8.5.50/webapps/host-manager] has finished in [26] ms
01-Apr-2023 16:58:49.566 INFO [localhost-startStop-1] org.apache.catalina.startup.HostConfig.deployDirectory Deploying web application directory [/home/jeronimo/Documentos/udemy/integracao-continua-testes-jenkins/continuous-integration-with-test-using-jenkins/apache-tomcat-8.5.50/webapps/docs]
01-Apr-2023 16:58:49.585 INFO [localhost-startStop-1] org.apache.catalina.startup.HostConfig.deployDirectory Deployment of web application directory [/home/jeronimo/Documentos/udemy/integracao-continua-testes-jenkins/continuous-integration-with-test-using-jenkins/apache-tomcat-8.5.50/webapps/docs] has finished in [19] ms
01-Apr-2023 16:58:49.595 INFO [main] org.apache.coyote.AbstractProtocol.start Starting ProtocolHandler ["http-nio-8001"]
01-Apr-2023 16:58:49.615 INFO [main] org.apache.coyote.AbstractProtocol.start Starting ProtocolHandler ["ajp-nio-8009"]
01-Apr-2023 16:58:49.635 INFO [main] org.apache.catalina.startup.Catalina.start Server startup in 959 ms
01-Apr-2023 17:00:21.106 INFO [http-nio-8001-exec-8] org.apache.catalina.startup.HostConfig.deployWAR Deploying web application archive [/home/jeronimo/Documentos/udemy/integracao-continua-testes-jenkins/continuous-integration-with-test-using-jenkins/apache-tomcat-8.5.50/webapps/tasks-backend.war]
01-Apr-2023 17:00:33.983 INFO [http-nio-8001-exec-8] org.apache.jasper.servlet.TldScanner.scanJars At least one JAR was scanned for TLDs yet contained no TLDs. Enable debug logging for this logger for a complete list of JARs that were scanned but no TLDs were found in them. Skipping unneeded JARs during scanning can improve startup time and JSP compilation time.
01-Apr-2023 17:00:34.008 INFO [http-nio-8001-exec-8] org.apache.catalina.startup.HostConfig.deployWAR Deployment of web application archive [/home/jeronimo/Documentos/udemy/integracao-continua-testes-jenkins/continuous-integration-with-test-using-jenkins/apache-tomcat-8.5.50/webapps/tasks-backend.war] has finished in [12,901] ms
01-Apr-2023 17:07:14.074 INFO [http-nio-8001-exec-7] org.apache.catalina.startup.HostConfig.deployWAR Deploying web application archive [/home/jeronimo/Documentos/udemy/integracao-continua-testes-jenkins/continuous-integration-with-test-using-jenkins/apache-tomcat-8.5.50/webapps/tasks.war]
01-Apr-2023 17:07:21.390 INFO [http-nio-8001-exec-7] org.apache.jasper.servlet.TldScanner.scanJars At least one JAR was scanned for TLDs yet contained no TLDs. Enable debug logging for this logger for a complete list of JARs that were scanned but no TLDs were found in them. Skipping unneeded JARs during scanning can improve startup time and JSP compilation time.
01-Apr-2023 17:07:21.401 INFO [http-nio-8001-exec-7] org.apache.catalina.startup.HostConfig.deployWAR Deployment of web application archive [/home/jeronimo/Documentos/udemy/integracao-continua-testes-jenkins/continuous-integration-with-test-using-jenkins/apache-tomcat-8.5.50/webapps/tasks.war] has finished in [7,328] ms
