06-Apr-2023 09:20:19.778 WARNING [http-nio-8001-exec-346] org.apache.catalina.loader.WebappClassLoaderBase.clearReferencesJdbc The web application [tasks-backend] registered the JDBC driver [org.postgresql.Driver] but failed to unregister it when the web application was stopped. To prevent a memory leak, the JDBC Driver has been forcibly unregistered.
06-Apr-2023 09:20:20.302 INFO [http-nio-8001-exec-346] org.apache.catalina.startup.HostConfig.undeploy Undeploying context [/tasks-backend]
06-Apr-2023 09:20:20.582 INFO [http-nio-8001-exec-347] org.apache.catalina.startup.HostConfig.deployWAR Deploying web application archive [/home/jeronimo/Documentos/udemy/integracao-continua-testes-jenkins/continuous-integration-with-test-using-jenkins/apache-tomcat-8.5.50/webapps/tasks-backend.war]
06-Apr-2023 09:20:26.696 INFO [http-nio-8001-exec-347] org.apache.jasper.servlet.TldScanner.scanJars At least one JAR was scanned for TLDs yet contained no TLDs. Enable debug logging for this logger for a complete list of JARs that were scanned but no TLDs were found in them. Skipping unneeded JARs during scanning can improve startup time and JSP compilation time.
06-Apr-2023 09:20:26.701 INFO [http-nio-8001-exec-347] org.apache.catalina.startup.HostConfig.deployWAR Deployment of web application archive [/home/jeronimo/Documentos/udemy/integracao-continua-testes-jenkins/continuous-integration-with-test-using-jenkins/apache-tomcat-8.5.50/webapps/tasks-backend.war] has finished in [6,118] ms
06-Apr-2023 09:20:59.119 INFO [http-nio-8001-exec-351] org.apache.catalina.startup.HostConfig.undeploy Undeploying context [/tasks]
06-Apr-2023 09:20:59.269 INFO [http-nio-8001-exec-352] org.apache.catalina.startup.HostConfig.deployWAR Deploying web application archive [/home/jeronimo/Documentos/udemy/integracao-continua-testes-jenkins/continuous-integration-with-test-using-jenkins/apache-tomcat-8.5.50/webapps/tasks.war]
06-Apr-2023 09:21:02.307 INFO [http-nio-8001-exec-352] org.apache.jasper.servlet.TldScanner.scanJars At least one JAR was scanned for TLDs yet contained no TLDs. Enable debug logging for this logger for a complete list of JARs that were scanned but no TLDs were found in them. Skipping unneeded JARs during scanning can improve startup time and JSP compilation time.
06-Apr-2023 09:21:02.321 INFO [http-nio-8001-exec-352] org.apache.catalina.startup.HostConfig.deployWAR Deployment of web application archive [/home/jeronimo/Documentos/udemy/integracao-continua-testes-jenkins/continuous-integration-with-test-using-jenkins/apache-tomcat-8.5.50/webapps/tasks.war] has finished in [3,051] ms
06-Apr-2023 11:03:48.881 INFO [http-nio-8001-exec-361] org.apache.catalina.startup.HostConfig.undeploy Undeploying context [/tasks]
06-Apr-2023 11:03:49.058 INFO [http-nio-8001-exec-358] org.apache.catalina.startup.HostConfig.deployWAR Deploying web application archive [/home/jeronimo/Documentos/udemy/integracao-continua-testes-jenkins/continuous-integration-with-test-using-jenkins/apache-tomcat-8.5.50/webapps/tasks.war]
06-Apr-2023 11:03:52.965 INFO [http-nio-8001-exec-358] org.apache.jasper.servlet.TldScanner.scanJars At least one JAR was scanned for TLDs yet contained no TLDs. Enable debug logging for this logger for a complete list of JARs that were scanned but no TLDs were found in them. Skipping unneeded JARs during scanning can improve startup time and JSP compilation time.
06-Apr-2023 11:03:52.971 INFO [http-nio-8001-exec-358] org.apache.catalina.startup.HostConfig.deployWAR Deployment of web application archive [/home/jeronimo/Documentos/udemy/integracao-continua-testes-jenkins/continuous-integration-with-test-using-jenkins/apache-tomcat-8.5.50/webapps/tasks.war] has finished in [3,913] ms
06-Apr-2023 11:04:37.384 INFO [http-nio-8001-exec-359] org.apache.catalina.startup.HostConfig.undeploy Undeploying context [/tasks]
06-Apr-2023 11:04:50.654 INFO [http-nio-8001-exec-369] org.apache.catalina.startup.HostConfig.deployWAR Deploying web application archive [/home/jeronimo/Documentos/udemy/integracao-continua-testes-jenkins/continuous-integration-with-test-using-jenkins/apache-tomcat-8.5.50/webapps/tasks.war]
06-Apr-2023 11:04:54.956 INFO [http-nio-8001-exec-369] org.apache.jasper.servlet.TldScanner.scanJars At least one JAR was scanned for TLDs yet contained no TLDs. Enable debug logging for this logger for a complete list of JARs that were scanned but no TLDs were found in them. Skipping unneeded JARs during scanning can improve startup time and JSP compilation time.
06-Apr-2023 11:04:54.966 INFO [http-nio-8001-exec-369] org.apache.catalina.startup.HostConfig.deployWAR Deployment of web application archive [/home/jeronimo/Documentos/udemy/integracao-continua-testes-jenkins/continuous-integration-with-test-using-jenkins/apache-tomcat-8.5.50/webapps/tasks.war] has finished in [4,312] ms
06-Apr-2023 11:05:06.096 INFO [http-nio-8001-exec-372] org.apache.catalina.startup.HostConfig.undeploy Undeploying context [/tasks]
06-Apr-2023 11:05:37.271 INFO [http-nio-8001-exec-381] org.apache.catalina.startup.HostConfig.deployWAR Deploying web application archive [/home/jeronimo/Documentos/udemy/integracao-continua-testes-jenkins/continuous-integration-with-test-using-jenkins/apache-tomcat-8.5.50/webapps/tasks.war]
06-Apr-2023 11:05:41.707 INFO [http-nio-8001-exec-381] org.apache.jasper.servlet.TldScanner.scanJars At least one JAR was scanned for TLDs yet contained no TLDs. Enable debug logging for this logger for a complete list of JARs that were scanned but no TLDs were found in them. Skipping unneeded JARs during scanning can improve startup time and JSP compilation time.
06-Apr-2023 11:05:41.720 INFO [http-nio-8001-exec-381] org.apache.catalina.startup.HostConfig.deployWAR Deployment of web application archive [/home/jeronimo/Documentos/udemy/integracao-continua-testes-jenkins/continuous-integration-with-test-using-jenkins/apache-tomcat-8.5.50/webapps/tasks.war] has finished in [4,449] ms
06-Apr-2023 11:05:51.620 INFO [http-nio-8001-exec-385] org.apache.catalina.startup.HostConfig.undeploy Undeploying context [/tasks]
06-Apr-2023 11:28:19.644 INFO [http-nio-8001-exec-390] org.apache.catalina.startup.HostConfig.deployWAR Deploying web application archive [/home/jeronimo/Documentos/udemy/integracao-continua-testes-jenkins/continuous-integration-with-test-using-jenkins/apache-tomcat-8.5.50/webapps/tasks.war]
06-Apr-2023 11:28:24.289 INFO [http-nio-8001-exec-390] org.apache.jasper.servlet.TldScanner.scanJars At least one JAR was scanned for TLDs yet contained no TLDs. Enable debug logging for this logger for a complete list of JARs that were scanned but no TLDs were found in them. Skipping unneeded JARs during scanning can improve startup time and JSP compilation time.
06-Apr-2023 11:28:24.310 INFO [http-nio-8001-exec-390] org.apache.catalina.startup.HostConfig.deployWAR Deployment of web application archive [/home/jeronimo/Documentos/udemy/integracao-continua-testes-jenkins/continuous-integration-with-test-using-jenkins/apache-tomcat-8.5.50/webapps/tasks.war] has finished in [4,665] ms
06-Apr-2023 11:28:42.295 INFO [http-nio-8001-exec-391] org.apache.catalina.startup.HostConfig.undeploy Undeploying context [/tasks]
06-Apr-2023 11:30:43.153 INFO [http-nio-8001-exec-398] org.apache.catalina.startup.HostConfig.deployWAR Deploying web application archive [/home/jeronimo/Documentos/udemy/integracao-continua-testes-jenkins/continuous-integration-with-test-using-jenkins/apache-tomcat-8.5.50/webapps/tasks.war]
06-Apr-2023 11:30:47.022 INFO [http-nio-8001-exec-398] org.apache.jasper.servlet.TldScanner.scanJars At least one JAR was scanned for TLDs yet contained no TLDs. Enable debug logging for this logger for a complete list of JARs that were scanned but no TLDs were found in them. Skipping unneeded JARs during scanning can improve startup time and JSP compilation time.
06-Apr-2023 11:30:47.027 INFO [http-nio-8001-exec-398] org.apache.catalina.startup.HostConfig.deployWAR Deployment of web application archive [/home/jeronimo/Documentos/udemy/integracao-continua-testes-jenkins/continuous-integration-with-test-using-jenkins/apache-tomcat-8.5.50/webapps/tasks.war] has finished in [3,873] ms
06-Apr-2023 11:40:17.169 WARNING [http-nio-8001-exec-405] org.apache.catalina.loader.WebappClassLoaderBase.clearReferencesJdbc The web application [tasks-backend] registered the JDBC driver [org.postgresql.Driver] but failed to unregister it when the web application was stopped. To prevent a memory leak, the JDBC Driver has been forcibly unregistered.
06-Apr-2023 11:40:17.706 INFO [http-nio-8001-exec-405] org.apache.catalina.startup.HostConfig.undeploy Undeploying context [/tasks-backend]
06-Apr-2023 11:40:54.780 INFO [http-nio-8001-exec-402] org.apache.catalina.startup.HostConfig.deployWAR Deploying web application archive [/home/jeronimo/Documentos/udemy/integracao-continua-testes-jenkins/continuous-integration-with-test-using-jenkins/apache-tomcat-8.5.50/webapps/tasks-backend.war]
06-Apr-2023 11:41:01.767 INFO [http-nio-8001-exec-402] org.apache.jasper.servlet.TldScanner.scanJars At least one JAR was scanned for TLDs yet contained no TLDs. Enable debug logging for this logger for a complete list of JARs that were scanned but no TLDs were found in them. Skipping unneeded JARs during scanning can improve startup time and JSP compilation time.
06-Apr-2023 11:41:01.772 INFO [http-nio-8001-exec-402] org.apache.catalina.startup.HostConfig.deployWAR Deployment of web application archive [/home/jeronimo/Documentos/udemy/integracao-continua-testes-jenkins/continuous-integration-with-test-using-jenkins/apache-tomcat-8.5.50/webapps/tasks-backend.war] has finished in [6,993] ms
06-Apr-2023 16:06:00.538 INFO [http-nio-8001-exec-411] org.apache.catalina.startup.HostConfig.undeploy Undeploying context [/tasks]
06-Apr-2023 16:06:04.127 WARNING [http-nio-8001-exec-412] org.apache.catalina.loader.WebappClassLoaderBase.clearReferencesJdbc The web application [tasks-backend] registered the JDBC driver [org.postgresql.Driver] but failed to unregister it when the web application was stopped. To prevent a memory leak, the JDBC Driver has been forcibly unregistered.
06-Apr-2023 16:06:04.661 INFO [http-nio-8001-exec-412] org.apache.catalina.startup.HostConfig.undeploy Undeploying context [/tasks-backend]
06-Apr-2023 16:06:40.696 INFO [http-nio-8001-exec-417] org.apache.catalina.startup.HostConfig.deployWAR Deploying web application archive [/home/jeronimo/Documentos/udemy/integracao-continua-testes-jenkins/continuous-integration-with-test-using-jenkins/apache-tomcat-8.5.50/webapps/tasks.war]
06-Apr-2023 16:06:43.923 INFO [http-nio-8001-exec-417] org.apache.jasper.servlet.TldScanner.scanJars At least one JAR was scanned for TLDs yet contained no TLDs. Enable debug logging for this logger for a complete list of JARs that were scanned but no TLDs were found in them. Skipping unneeded JARs during scanning can improve startup time and JSP compilation time.
06-Apr-2023 16:06:43.929 INFO [http-nio-8001-exec-417] org.apache.catalina.startup.HostConfig.deployWAR Deployment of web application archive [/home/jeronimo/Documentos/udemy/integracao-continua-testes-jenkins/continuous-integration-with-test-using-jenkins/apache-tomcat-8.5.50/webapps/tasks.war] has finished in [3,233] ms
06-Apr-2023 16:07:01.556 INFO [http-nio-8001-exec-415] org.apache.catalina.startup.HostConfig.undeploy Undeploying context [/tasks]
06-Apr-2023 16:07:10.085 INFO [http-nio-8001-exec-420] org.apache.catalina.startup.HostConfig.deployWAR Deploying web application archive [/home/jeronimo/Documentos/udemy/integracao-continua-testes-jenkins/continuous-integration-with-test-using-jenkins/apache-tomcat-8.5.50/webapps/tasks.war]
06-Apr-2023 16:07:14.104 INFO [http-nio-8001-exec-420] org.apache.jasper.servlet.TldScanner.scanJars At least one JAR was scanned for TLDs yet contained no TLDs. Enable debug logging for this logger for a complete list of JARs that were scanned but no TLDs were found in them. Skipping unneeded JARs during scanning can improve startup time and JSP compilation time.
06-Apr-2023 16:07:14.111 INFO [http-nio-8001-exec-420] org.apache.catalina.startup.HostConfig.deployWAR Deployment of web application archive [/home/jeronimo/Documentos/udemy/integracao-continua-testes-jenkins/continuous-integration-with-test-using-jenkins/apache-tomcat-8.5.50/webapps/tasks.war] has finished in [4,026] ms
06-Apr-2023 16:07:23.370 INFO [http-nio-8001-exec-422] org.apache.catalina.startup.HostConfig.undeploy Undeploying context [/tasks]
06-Apr-2023 16:07:40.795 INFO [main] org.apache.catalina.core.StandardServer.await A valid shutdown command was received via the shutdown port. Stopping the Server instance.
06-Apr-2023 16:07:40.796 INFO [main] org.apache.coyote.AbstractProtocol.pause Pausing ProtocolHandler ["http-nio-8001"]
06-Apr-2023 16:07:40.802 INFO [main] org.apache.coyote.AbstractProtocol.pause Pausing ProtocolHandler ["ajp-nio-8009"]
06-Apr-2023 16:07:40.808 INFO [main] org.apache.catalina.core.StandardService.stopInternal Stopping service [Catalina]
06-Apr-2023 16:07:40.832 INFO [main] org.apache.coyote.AbstractProtocol.stop Stopping ProtocolHandler ["http-nio-8001"]
06-Apr-2023 16:07:40.835 INFO [main] org.apache.coyote.AbstractProtocol.stop Stopping ProtocolHandler ["ajp-nio-8009"]
06-Apr-2023 16:07:40.836 INFO [main] org.apache.coyote.AbstractProtocol.destroy Destroying ProtocolHandler ["http-nio-8001"]
06-Apr-2023 16:07:40.837 INFO [main] org.apache.coyote.AbstractProtocol.destroy Destroying ProtocolHandler ["ajp-nio-8009"]
06-Apr-2023 16:07:47.071 INFO [main] org.apache.catalina.startup.VersionLoggerListener.log Server version name:   Apache Tomcat/8.5.50
06-Apr-2023 16:07:47.080 INFO [main] org.apache.catalina.startup.VersionLoggerListener.log Server built:          Dec 7 2019 19:19:46 UTC
06-Apr-2023 16:07:47.080 INFO [main] org.apache.catalina.startup.VersionLoggerListener.log Server version number: 8.5.50.0
06-Apr-2023 16:07:47.080 INFO [main] org.apache.catalina.startup.VersionLoggerListener.log OS Name:               Linux
06-Apr-2023 16:07:47.081 INFO [main] org.apache.catalina.startup.VersionLoggerListener.log OS Version:            5.15.0-41-generic
06-Apr-2023 16:07:47.081 INFO [main] org.apache.catalina.startup.VersionLoggerListener.log Architecture:          amd64
06-Apr-2023 16:07:47.084 INFO [main] org.apache.catalina.startup.VersionLoggerListener.log Java Home:             /home/jeronimo/.sdkman/candidates/java/11.0.2-open
06-Apr-2023 16:07:47.085 INFO [main] org.apache.catalina.startup.VersionLoggerListener.log JVM Version:           11.0.2+9
06-Apr-2023 16:07:47.087 INFO [main] org.apache.catalina.startup.VersionLoggerListener.log JVM Vendor:            Oracle Corporation
06-Apr-2023 16:07:47.088 INFO [main] org.apache.catalina.startup.VersionLoggerListener.log CATALINA_BASE:         /home/jeronimo/Documentos/udemy/integracao-continua-testes-jenkins/continuous-integration-with-test-using-jenkins/apache-tomcat-8.5.50
06-Apr-2023 16:07:47.088 INFO [main] org.apache.catalina.startup.VersionLoggerListener.log CATALINA_HOME:         /home/jeronimo/Documentos/udemy/integracao-continua-testes-jenkins/continuous-integration-with-test-using-jenkins/apache-tomcat-8.5.50
06-Apr-2023 16:07:47.089 INFO [main] org.apache.catalina.startup.VersionLoggerListener.log Command line argument: --add-opens=java.base/java.lang=ALL-UNNAMED
06-Apr-2023 16:07:47.090 INFO [main] org.apache.catalina.startup.VersionLoggerListener.log Command line argument: --add-opens=java.base/java.io=ALL-UNNAMED
06-Apr-2023 16:07:47.091 INFO [main] org.apache.catalina.startup.VersionLoggerListener.log Command line argument: --add-opens=java.rmi/sun.rmi.transport=ALL-UNNAMED
06-Apr-2023 16:07:47.091 INFO [main] org.apache.catalina.startup.VersionLoggerListener.log Command line argument: -Djava.util.logging.config.file=/home/jeronimo/Documentos/udemy/integracao-continua-testes-jenkins/continuous-integration-with-test-using-jenkins/apache-tomcat-8.5.50/conf/logging.properties
06-Apr-2023 16:07:47.092 INFO [main] org.apache.catalina.startup.VersionLoggerListener.log Command line argument: -Djava.util.logging.manager=org.apache.juli.ClassLoaderLogManager
06-Apr-2023 16:07:47.092 INFO [main] org.apache.catalina.startup.VersionLoggerListener.log Command line argument: -Djdk.tls.ephemeralDHKeySize=2048
06-Apr-2023 16:07:47.093 INFO [main] org.apache.catalina.startup.VersionLoggerListener.log Command line argument: -Djava.protocol.handler.pkgs=org.apache.catalina.webresources
06-Apr-2023 16:07:47.093 INFO [main] org.apache.catalina.startup.VersionLoggerListener.log Command line argument: -Dorg.apache.catalina.security.SecurityListener.UMASK=0027
06-Apr-2023 16:07:47.094 INFO [main] org.apache.catalina.startup.VersionLoggerListener.log Command line argument: -Dignore.endorsed.dirs=
06-Apr-2023 16:07:47.094 INFO [main] org.apache.catalina.startup.VersionLoggerListener.log Command line argument: -Dcatalina.base=/home/jeronimo/Documentos/udemy/integracao-continua-testes-jenkins/continuous-integration-with-test-using-jenkins/apache-tomcat-8.5.50
06-Apr-2023 16:07:47.095 INFO [main] org.apache.catalina.startup.VersionLoggerListener.log Command line argument: -Dcatalina.home=/home/jeronimo/Documentos/udemy/integracao-continua-testes-jenkins/continuous-integration-with-test-using-jenkins/apache-tomcat-8.5.50
06-Apr-2023 16:07:47.096 INFO [main] org.apache.catalina.startup.VersionLoggerListener.log Command line argument: -Djava.io.tmpdir=/home/jeronimo/Documentos/udemy/integracao-continua-testes-jenkins/continuous-integration-with-test-using-jenkins/apache-tomcat-8.5.50/temp
06-Apr-2023 16:07:47.096 INFO [main] org.apache.catalina.core.AprLifecycleListener.lifecycleEvent The APR based Apache Tomcat Native library which allows optimal performance in production environments was not found on the java.library.path: [/usr/java/packages/lib:/usr/lib64:/lib64:/lib:/usr/lib]
06-Apr-2023 16:07:47.164 INFO [main] org.apache.coyote.AbstractProtocol.init Initializing ProtocolHandler ["http-nio-8001"]
06-Apr-2023 16:07:47.185 INFO [main] org.apache.tomcat.util.net.NioSelectorPool.getSharedSelector Using a shared selector for servlet write/read
06-Apr-2023 16:07:47.205 INFO [main] org.apache.coyote.AbstractProtocol.init Initializing ProtocolHandler ["ajp-nio-8009"]
06-Apr-2023 16:07:47.207 INFO [main] org.apache.tomcat.util.net.NioSelectorPool.getSharedSelector Using a shared selector for servlet write/read
06-Apr-2023 16:07:47.213 INFO [main] org.apache.catalina.startup.Catalina.load Initialization processed in 882 ms
06-Apr-2023 16:07:47.371 INFO [main] org.apache.catalina.core.StandardService.startInternal Starting service [Catalina]
06-Apr-2023 16:07:47.372 INFO [main] org.apache.catalina.core.StandardEngine.startInternal Starting Servlet Engine: Apache Tomcat/8.5.50
06-Apr-2023 16:07:47.386 INFO [localhost-startStop-1] org.apache.catalina.startup.HostConfig.deployDirectory Deploying web application directory [/home/jeronimo/Documentos/udemy/integracao-continua-testes-jenkins/continuous-integration-with-test-using-jenkins/apache-tomcat-8.5.50/webapps/examples]
06-Apr-2023 16:07:48.250 INFO [localhost-startStop-1] org.apache.catalina.startup.HostConfig.deployDirectory Deployment of web application directory [/home/jeronimo/Documentos/udemy/integracao-continua-testes-jenkins/continuous-integration-with-test-using-jenkins/apache-tomcat-8.5.50/webapps/examples] has finished in [863] ms
06-Apr-2023 16:07:48.250 INFO [localhost-startStop-1] org.apache.catalina.startup.HostConfig.deployDirectory Deploying web application directory [/home/jeronimo/Documentos/udemy/integracao-continua-testes-jenkins/continuous-integration-with-test-using-jenkins/apache-tomcat-8.5.50/webapps/manager]
06-Apr-2023 16:07:48.308 INFO [localhost-startStop-1] org.apache.catalina.startup.HostConfig.deployDirectory Deployment of web application directory [/home/jeronimo/Documentos/udemy/integracao-continua-testes-jenkins/continuous-integration-with-test-using-jenkins/apache-tomcat-8.5.50/webapps/manager] has finished in [57] ms
06-Apr-2023 16:07:48.308 INFO [localhost-startStop-1] org.apache.catalina.startup.HostConfig.deployDirectory Deploying web application directory [/home/jeronimo/Documentos/udemy/integracao-continua-testes-jenkins/continuous-integration-with-test-using-jenkins/apache-tomcat-8.5.50/webapps/ROOT]
06-Apr-2023 16:07:48.331 INFO [localhost-startStop-1] org.apache.catalina.startup.HostConfig.deployDirectory Deployment of web application directory [/home/jeronimo/Documentos/udemy/integracao-continua-testes-jenkins/continuous-integration-with-test-using-jenkins/apache-tomcat-8.5.50/webapps/ROOT] has finished in [23] ms
06-Apr-2023 16:07:48.331 INFO [localhost-startStop-1] org.apache.catalina.startup.HostConfig.deployDirectory Deploying web application directory [/home/jeronimo/Documentos/udemy/integracao-continua-testes-jenkins/continuous-integration-with-test-using-jenkins/apache-tomcat-8.5.50/webapps/host-manager]
06-Apr-2023 16:07:48.360 INFO [localhost-startStop-1] org.apache.catalina.startup.HostConfig.deployDirectory Deployment of web application directory [/home/jeronimo/Documentos/udemy/integracao-continua-testes-jenkins/continuous-integration-with-test-using-jenkins/apache-tomcat-8.5.50/webapps/host-manager] has finished in [28] ms
06-Apr-2023 16:07:48.360 INFO [localhost-startStop-1] org.apache.catalina.startup.HostConfig.deployDirectory Deploying web application directory [/home/jeronimo/Documentos/udemy/integracao-continua-testes-jenkins/continuous-integration-with-test-using-jenkins/apache-tomcat-8.5.50/webapps/docs]
06-Apr-2023 16:07:48.380 INFO [localhost-startStop-1] org.apache.catalina.startup.HostConfig.deployDirectory Deployment of web application directory [/home/jeronimo/Documentos/udemy/integracao-continua-testes-jenkins/continuous-integration-with-test-using-jenkins/apache-tomcat-8.5.50/webapps/docs] has finished in [20] ms
06-Apr-2023 16:07:48.388 INFO [main] org.apache.coyote.AbstractProtocol.start Starting ProtocolHandler ["http-nio-8001"]
06-Apr-2023 16:07:48.412 INFO [main] org.apache.coyote.AbstractProtocol.start Starting ProtocolHandler ["ajp-nio-8009"]
06-Apr-2023 16:07:48.439 INFO [main] org.apache.catalina.startup.Catalina.start Server startup in 1225 ms
06-Apr-2023 16:08:29.818 INFO [http-nio-8001-exec-6] org.apache.catalina.startup.HostConfig.deployWAR Deploying web application archive [/home/jeronimo/Documentos/udemy/integracao-continua-testes-jenkins/continuous-integration-with-test-using-jenkins/apache-tomcat-8.5.50/webapps/tasks.war]
06-Apr-2023 16:08:36.064 INFO [http-nio-8001-exec-6] org.apache.jasper.servlet.TldScanner.scanJars At least one JAR was scanned for TLDs yet contained no TLDs. Enable debug logging for this logger for a complete list of JARs that were scanned but no TLDs were found in them. Skipping unneeded JARs during scanning can improve startup time and JSP compilation time.
06-Apr-2023 16:08:36.077 INFO [http-nio-8001-exec-6] org.apache.catalina.startup.HostConfig.deployWAR Deployment of web application archive [/home/jeronimo/Documentos/udemy/integracao-continua-testes-jenkins/continuous-integration-with-test-using-jenkins/apache-tomcat-8.5.50/webapps/tasks.war] has finished in [6,259] ms
06-Apr-2023 16:09:10.729 INFO [http-nio-8001-exec-9] org.apache.catalina.startup.HostConfig.deployWAR Deploying web application archive [/home/jeronimo/Documentos/udemy/integracao-continua-testes-jenkins/continuous-integration-with-test-using-jenkins/apache-tomcat-8.5.50/webapps/tasks-backend.war]
06-Apr-2023 16:09:19.205 INFO [http-nio-8001-exec-9] org.apache.jasper.servlet.TldScanner.scanJars At least one JAR was scanned for TLDs yet contained no TLDs. Enable debug logging for this logger for a complete list of JARs that were scanned but no TLDs were found in them. Skipping unneeded JARs during scanning can improve startup time and JSP compilation time.
06-Apr-2023 16:09:19.214 INFO [http-nio-8001-exec-9] org.apache.catalina.startup.HostConfig.deployWAR Deployment of web application archive [/home/jeronimo/Documentos/udemy/integracao-continua-testes-jenkins/continuous-integration-with-test-using-jenkins/apache-tomcat-8.5.50/webapps/tasks-backend.war] has finished in [8,485] ms
06-Apr-2023 17:14:35.541 INFO [main] org.apache.catalina.core.StandardServer.await A valid shutdown command was received via the shutdown port. Stopping the Server instance.
06-Apr-2023 17:14:35.542 INFO [main] org.apache.coyote.AbstractProtocol.pause Pausing ProtocolHandler ["http-nio-8001"]
06-Apr-2023 17:14:35.549 INFO [main] org.apache.coyote.AbstractProtocol.pause Pausing ProtocolHandler ["ajp-nio-8009"]
06-Apr-2023 17:14:35.555 INFO [main] org.apache.catalina.core.StandardService.stopInternal Stopping service [Catalina]
06-Apr-2023 17:14:35.673 WARNING [localhost-startStop-2] org.apache.catalina.loader.WebappClassLoaderBase.clearReferencesJdbc The web application [tasks-backend] registered the JDBC driver [org.postgresql.Driver] but failed to unregister it when the web application was stopped. To prevent a memory leak, the JDBC Driver has been forcibly unregistered.
06-Apr-2023 17:14:35.797 INFO [main] org.apache.coyote.AbstractProtocol.stop Stopping ProtocolHandler ["http-nio-8001"]
06-Apr-2023 17:14:35.802 INFO [main] org.apache.coyote.AbstractProtocol.stop Stopping ProtocolHandler ["ajp-nio-8009"]
06-Apr-2023 17:14:35.809 INFO [main] org.apache.coyote.AbstractProtocol.destroy Destroying ProtocolHandler ["http-nio-8001"]
06-Apr-2023 17:14:35.820 INFO [main] org.apache.coyote.AbstractProtocol.destroy Destroying ProtocolHandler ["ajp-nio-8009"]
06-Apr-2023 17:14:45.424 INFO [main] org.apache.catalina.startup.VersionLoggerListener.log Server version name:   Apache Tomcat/8.5.50
06-Apr-2023 17:14:45.429 INFO [main] org.apache.catalina.startup.VersionLoggerListener.log Server built:          Dec 7 2019 19:19:46 UTC
06-Apr-2023 17:14:45.430 INFO [main] org.apache.catalina.startup.VersionLoggerListener.log Server version number: 8.5.50.0
06-Apr-2023 17:14:45.430 INFO [main] org.apache.catalina.startup.VersionLoggerListener.log OS Name:               Linux
06-Apr-2023 17:14:45.430 INFO [main] org.apache.catalina.startup.VersionLoggerListener.log OS Version:            5.15.0-41-generic
06-Apr-2023 17:14:45.431 INFO [main] org.apache.catalina.startup.VersionLoggerListener.log Architecture:          amd64
06-Apr-2023 17:14:45.431 INFO [main] org.apache.catalina.startup.VersionLoggerListener.log Java Home:             /home/jeronimo/.sdkman/candidates/java/11.0.2-open
06-Apr-2023 17:14:45.431 INFO [main] org.apache.catalina.startup.VersionLoggerListener.log JVM Version:           11.0.2+9
06-Apr-2023 17:14:45.432 INFO [main] org.apache.catalina.startup.VersionLoggerListener.log JVM Vendor:            Oracle Corporation
06-Apr-2023 17:14:45.432 INFO [main] org.apache.catalina.startup.VersionLoggerListener.log CATALINA_BASE:         /home/jeronimo/Documentos/udemy/integracao-continua-testes-jenkins/continuous-integration-with-test-using-jenkins/apache-tomcat-8.5.50
06-Apr-2023 17:14:45.432 INFO [main] org.apache.catalina.startup.VersionLoggerListener.log CATALINA_HOME:         /home/jeronimo/Documentos/udemy/integracao-continua-testes-jenkins/continuous-integration-with-test-using-jenkins/apache-tomcat-8.5.50
06-Apr-2023 17:14:45.435 INFO [main] org.apache.catalina.startup.VersionLoggerListener.log Command line argument: --add-opens=java.base/java.lang=ALL-UNNAMED
06-Apr-2023 17:14:45.436 INFO [main] org.apache.catalina.startup.VersionLoggerListener.log Command line argument: --add-opens=java.base/java.io=ALL-UNNAMED
06-Apr-2023 17:14:45.436 INFO [main] org.apache.catalina.startup.VersionLoggerListener.log Command line argument: --add-opens=java.rmi/sun.rmi.transport=ALL-UNNAMED
06-Apr-2023 17:14:45.437 INFO [main] org.apache.catalina.startup.VersionLoggerListener.log Command line argument: -Djava.util.logging.config.file=/home/jeronimo/Documentos/udemy/integracao-continua-testes-jenkins/continuous-integration-with-test-using-jenkins/apache-tomcat-8.5.50/conf/logging.properties
06-Apr-2023 17:14:45.437 INFO [main] org.apache.catalina.startup.VersionLoggerListener.log Command line argument: -Djava.util.logging.manager=org.apache.juli.ClassLoaderLogManager
06-Apr-2023 17:14:45.437 INFO [main] org.apache.catalina.startup.VersionLoggerListener.log Command line argument: -Djdk.tls.ephemeralDHKeySize=2048
06-Apr-2023 17:14:45.437 INFO [main] org.apache.catalina.startup.VersionLoggerListener.log Command line argument: -Djava.protocol.handler.pkgs=org.apache.catalina.webresources
06-Apr-2023 17:14:45.438 INFO [main] org.apache.catalina.startup.VersionLoggerListener.log Command line argument: -Dorg.apache.catalina.security.SecurityListener.UMASK=0027
06-Apr-2023 17:14:45.438 INFO [main] org.apache.catalina.startup.VersionLoggerListener.log Command line argument: -Dignore.endorsed.dirs=
06-Apr-2023 17:14:45.438 INFO [main] org.apache.catalina.startup.VersionLoggerListener.log Command line argument: -Dcatalina.base=/home/jeronimo/Documentos/udemy/integracao-continua-testes-jenkins/continuous-integration-with-test-using-jenkins/apache-tomcat-8.5.50
06-Apr-2023 17:14:45.438 INFO [main] org.apache.catalina.startup.VersionLoggerListener.log Command line argument: -Dcatalina.home=/home/jeronimo/Documentos/udemy/integracao-continua-testes-jenkins/continuous-integration-with-test-using-jenkins/apache-tomcat-8.5.50
06-Apr-2023 17:14:45.438 INFO [main] org.apache.catalina.startup.VersionLoggerListener.log Command line argument: -Djava.io.tmpdir=/home/jeronimo/Documentos/udemy/integracao-continua-testes-jenkins/continuous-integration-with-test-using-jenkins/apache-tomcat-8.5.50/temp
06-Apr-2023 17:14:45.439 INFO [main] org.apache.catalina.core.AprLifecycleListener.lifecycleEvent The APR based Apache Tomcat Native library which allows optimal performance in production environments was not found on the java.library.path: [/usr/java/packages/lib:/usr/lib64:/lib64:/lib:/usr/lib]
06-Apr-2023 17:14:45.505 INFO [main] org.apache.coyote.AbstractProtocol.init Initializing ProtocolHandler ["http-nio-8001"]
06-Apr-2023 17:14:45.524 INFO [main] org.apache.tomcat.util.net.NioSelectorPool.getSharedSelector Using a shared selector for servlet write/read
06-Apr-2023 17:14:45.545 INFO [main] org.apache.coyote.AbstractProtocol.init Initializing ProtocolHandler ["ajp-nio-8009"]
06-Apr-2023 17:14:45.548 INFO [main] org.apache.tomcat.util.net.NioSelectorPool.getSharedSelector Using a shared selector for servlet write/read
06-Apr-2023 17:14:45.551 INFO [main] org.apache.catalina.startup.Catalina.load Initialization processed in 842 ms
06-Apr-2023 17:14:45.718 INFO [main] org.apache.catalina.core.StandardService.startInternal Starting service [Catalina]
06-Apr-2023 17:14:45.719 INFO [main] org.apache.catalina.core.StandardEngine.startInternal Starting Servlet Engine: Apache Tomcat/8.5.50
06-Apr-2023 17:14:45.799 INFO [localhost-startStop-1] org.apache.catalina.startup.HostConfig.deployWAR Deploying web application archive [/home/jeronimo/Documentos/udemy/integracao-continua-testes-jenkins/continuous-integration-with-test-using-jenkins/apache-tomcat-8.5.50/webapps/tasks.war]
06-Apr-2023 17:14:54.493 INFO [localhost-startStop-1] org.apache.jasper.servlet.TldScanner.scanJars At least one JAR was scanned for TLDs yet contained no TLDs. Enable debug logging for this logger for a complete list of JARs that were scanned but no TLDs were found in them. Skipping unneeded JARs during scanning can improve startup time and JSP compilation time.
06-Apr-2023 17:14:54.569 INFO [localhost-startStop-1] org.apache.catalina.startup.HostConfig.deployWAR Deployment of web application archive [/home/jeronimo/Documentos/udemy/integracao-continua-testes-jenkins/continuous-integration-with-test-using-jenkins/apache-tomcat-8.5.50/webapps/tasks.war] has finished in [8,769] ms
06-Apr-2023 17:14:54.570 INFO [localhost-startStop-1] org.apache.catalina.startup.HostConfig.deployWAR Deploying web application archive [/home/jeronimo/Documentos/udemy/integracao-continua-testes-jenkins/continuous-integration-with-test-using-jenkins/apache-tomcat-8.5.50/webapps/tasks-backend.war]
06-Apr-2023 17:15:05.228 INFO [localhost-startStop-1] org.apache.jasper.servlet.TldScanner.scanJars At least one JAR was scanned for TLDs yet contained no TLDs. Enable debug logging for this logger for a complete list of JARs that were scanned but no TLDs were found in them. Skipping unneeded JARs during scanning can improve startup time and JSP compilation time.
06-Apr-2023 17:15:05.255 INFO [localhost-startStop-1] org.apache.catalina.startup.HostConfig.deployWAR Deployment of web application archive [/home/jeronimo/Documentos/udemy/integracao-continua-testes-jenkins/continuous-integration-with-test-using-jenkins/apache-tomcat-8.5.50/webapps/tasks-backend.war] has finished in [10,685] ms
06-Apr-2023 17:15:05.257 INFO [localhost-startStop-1] org.apache.catalina.startup.HostConfig.deployDirectory Deploying web application directory [/home/jeronimo/Documentos/udemy/integracao-continua-testes-jenkins/continuous-integration-with-test-using-jenkins/apache-tomcat-8.5.50/webapps/examples]
06-Apr-2023 17:15:05.718 INFO [localhost-startStop-1] org.apache.catalina.startup.HostConfig.deployDirectory Deployment of web application directory [/home/jeronimo/Documentos/udemy/integracao-continua-testes-jenkins/continuous-integration-with-test-using-jenkins/apache-tomcat-8.5.50/webapps/examples] has finished in [462] ms
06-Apr-2023 17:15:05.719 INFO [localhost-startStop-1] org.apache.catalina.startup.HostConfig.deployDirectory Deploying web application directory [/home/jeronimo/Documentos/udemy/integracao-continua-testes-jenkins/continuous-integration-with-test-using-jenkins/apache-tomcat-8.5.50/webapps/manager]
06-Apr-2023 17:15:05.783 INFO [localhost-startStop-1] org.apache.catalina.startup.HostConfig.deployDirectory Deployment of web application directory [/home/jeronimo/Documentos/udemy/integracao-continua-testes-jenkins/continuous-integration-with-test-using-jenkins/apache-tomcat-8.5.50/webapps/manager] has finished in [63] ms
06-Apr-2023 17:15:05.784 INFO [localhost-startStop-1] org.apache.catalina.startup.HostConfig.deployDirectory Deploying web application directory [/home/jeronimo/Documentos/udemy/integracao-continua-testes-jenkins/continuous-integration-with-test-using-jenkins/apache-tomcat-8.5.50/webapps/ROOT]
06-Apr-2023 17:15:05.839 INFO [localhost-startStop-1] org.apache.catalina.startup.HostConfig.deployDirectory Deployment of web application directory [/home/jeronimo/Documentos/udemy/integracao-continua-testes-jenkins/continuous-integration-with-test-using-jenkins/apache-tomcat-8.5.50/webapps/ROOT] has finished in [55] ms
06-Apr-2023 17:15:05.840 INFO [localhost-startStop-1] org.apache.catalina.startup.HostConfig.deployDirectory Deploying web application directory [/home/jeronimo/Documentos/udemy/integracao-continua-testes-jenkins/continuous-integration-with-test-using-jenkins/apache-tomcat-8.5.50/webapps/host-manager]
06-Apr-2023 17:15:05.887 INFO [localhost-startStop-1] org.apache.catalina.startup.HostConfig.deployDirectory Deployment of web application directory [/home/jeronimo/Documentos/udemy/integracao-continua-testes-jenkins/continuous-integration-with-test-using-jenkins/apache-tomcat-8.5.50/webapps/host-manager] has finished in [47] ms
06-Apr-2023 17:15:05.899 INFO [localhost-startStop-1] org.apache.catalina.startup.HostConfig.deployDirectory Deploying web application directory [/home/jeronimo/Documentos/udemy/integracao-continua-testes-jenkins/continuous-integration-with-test-using-jenkins/apache-tomcat-8.5.50/webapps/docs]
06-Apr-2023 17:15:05.927 INFO [localhost-startStop-1] org.apache.catalina.startup.HostConfig.deployDirectory Deployment of web application directory [/home/jeronimo/Documentos/udemy/integracao-continua-testes-jenkins/continuous-integration-with-test-using-jenkins/apache-tomcat-8.5.50/webapps/docs] has finished in [28] ms
06-Apr-2023 17:15:05.947 INFO [main] org.apache.coyote.AbstractProtocol.start Starting ProtocolHandler ["http-nio-8001"]
06-Apr-2023 17:15:06.018 INFO [main] org.apache.coyote.AbstractProtocol.start Starting ProtocolHandler ["ajp-nio-8009"]
06-Apr-2023 17:15:06.029 INFO [main] org.apache.catalina.startup.Catalina.start Server startup in 20477 ms
06-Apr-2023 18:28:54.777 INFO [http-nio-8001-exec-4] org.apache.catalina.startup.HostConfig.undeploy Undeploying context [/tasks]
06-Apr-2023 18:28:56.682 WARNING [http-nio-8001-exec-6] org.apache.catalina.loader.WebappClassLoaderBase.clearReferencesJdbc The web application [tasks-backend] registered the JDBC driver [org.postgresql.Driver] but failed to unregister it when the web application was stopped. To prevent a memory leak, the JDBC Driver has been forcibly unregistered.
06-Apr-2023 18:28:57.222 INFO [http-nio-8001-exec-6] org.apache.catalina.startup.HostConfig.undeploy Undeploying context [/tasks-backend]
06-Apr-2023 18:29:25.944 INFO [http-nio-8001-exec-7] org.apache.catalina.startup.HostConfig.deployWAR Deploying web application archive [/home/jeronimo/Documentos/udemy/integracao-continua-testes-jenkins/continuous-integration-with-test-using-jenkins/apache-tomcat-8.5.50/webapps/tasks-backend.war]
06-Apr-2023 18:29:33.841 INFO [http-nio-8001-exec-7] org.apache.jasper.servlet.TldScanner.scanJars At least one JAR was scanned for TLDs yet contained no TLDs. Enable debug logging for this logger for a complete list of JARs that were scanned but no TLDs were found in them. Skipping unneeded JARs during scanning can improve startup time and JSP compilation time.
06-Apr-2023 18:29:33.849 INFO [http-nio-8001-exec-7] org.apache.catalina.startup.HostConfig.deployWAR Deployment of web application archive [/home/jeronimo/Documentos/udemy/integracao-continua-testes-jenkins/continuous-integration-with-test-using-jenkins/apache-tomcat-8.5.50/webapps/tasks-backend.war] has finished in [7,904] ms
06-Apr-2023 18:30:06.315 INFO [http-nio-8001-exec-15] org.apache.catalina.startup.HostConfig.deployWAR Deploying web application archive [/home/jeronimo/Documentos/udemy/integracao-continua-testes-jenkins/continuous-integration-with-test-using-jenkins/apache-tomcat-8.5.50/webapps/tasks.war]
06-Apr-2023 18:30:10.621 INFO [http-nio-8001-exec-15] org.apache.jasper.servlet.TldScanner.scanJars At least one JAR was scanned for TLDs yet contained no TLDs. Enable debug logging for this logger for a complete list of JARs that were scanned but no TLDs were found in them. Skipping unneeded JARs during scanning can improve startup time and JSP compilation time.
06-Apr-2023 18:30:10.628 INFO [http-nio-8001-exec-15] org.apache.catalina.startup.HostConfig.deployWAR Deployment of web application archive [/home/jeronimo/Documentos/udemy/integracao-continua-testes-jenkins/continuous-integration-with-test-using-jenkins/apache-tomcat-8.5.50/webapps/tasks.war] has finished in [4,312] ms
06-Apr-2023 18:32:00.491 WARNING [http-nio-8001-exec-15] org.apache.catalina.loader.WebappClassLoaderBase.clearReferencesJdbc The web application [tasks-backend] registered the JDBC driver [org.postgresql.Driver] but failed to unregister it when the web application was stopped. To prevent a memory leak, the JDBC Driver has been forcibly unregistered.
06-Apr-2023 18:32:01.057 INFO [http-nio-8001-exec-15] org.apache.catalina.startup.HostConfig.undeploy Undeploying context [/tasks-backend]
06-Apr-2023 18:32:20.352 INFO [http-nio-8001-exec-20] org.apache.catalina.startup.HostConfig.undeploy Undeploying context [/tasks]
06-Apr-2023 18:32:41.418 INFO [http-nio-8001-exec-14] org.apache.catalina.startup.HostConfig.deployWAR Deploying web application archive [/home/jeronimo/Documentos/udemy/integracao-continua-testes-jenkins/continuous-integration-with-test-using-jenkins/apache-tomcat-8.5.50/webapps/tasks-backend.war]
06-Apr-2023 18:32:49.434 INFO [http-nio-8001-exec-14] org.apache.jasper.servlet.TldScanner.scanJars At least one JAR was scanned for TLDs yet contained no TLDs. Enable debug logging for this logger for a complete list of JARs that were scanned but no TLDs were found in them. Skipping unneeded JARs during scanning can improve startup time and JSP compilation time.
06-Apr-2023 18:32:49.452 INFO [http-nio-8001-exec-14] org.apache.catalina.startup.HostConfig.deployWAR Deployment of web application archive [/home/jeronimo/Documentos/udemy/integracao-continua-testes-jenkins/continuous-integration-with-test-using-jenkins/apache-tomcat-8.5.50/webapps/tasks-backend.war] has finished in [8,035] ms
06-Apr-2023 18:33:31.108 INFO [http-nio-8001-exec-29] org.apache.catalina.startup.HostConfig.deployWAR Deploying web application archive [/home/jeronimo/Documentos/udemy/integracao-continua-testes-jenkins/continuous-integration-with-test-using-jenkins/apache-tomcat-8.5.50/webapps/tasks.war]
06-Apr-2023 18:33:37.440 INFO [http-nio-8001-exec-29] org.apache.jasper.servlet.TldScanner.scanJars At least one JAR was scanned for TLDs yet contained no TLDs. Enable debug logging for this logger for a complete list of JARs that were scanned but no TLDs were found in them. Skipping unneeded JARs during scanning can improve startup time and JSP compilation time.
06-Apr-2023 18:33:37.445 INFO [http-nio-8001-exec-29] org.apache.catalina.startup.HostConfig.deployWAR Deployment of web application archive [/home/jeronimo/Documentos/udemy/integracao-continua-testes-jenkins/continuous-integration-with-test-using-jenkins/apache-tomcat-8.5.50/webapps/tasks.war] has finished in [6,337] ms
06-Apr-2023 18:34:14.843 INFO [http-nio-8001-exec-35] org.apache.catalina.startup.HostConfig.undeploy Undeploying context [/tasks]
