04-Apr-2023 11:02:13.284 WARNING [http-nio-8001-exec-225] org.apache.catalina.loader.WebappClassLoaderBase.clearReferencesJdbc The web application [tasks-backend] registered the JDBC driver [org.postgresql.Driver] but failed to unregister it when the web application was stopped. To prevent a memory leak, the JDBC Driver has been forcibly unregistered.
04-Apr-2023 11:02:13.855 INFO [http-nio-8001-exec-225] org.apache.catalina.startup.HostConfig.undeploy Undeploying context [/tasks-backend]
04-Apr-2023 11:02:14.403 INFO [http-nio-8001-exec-232] org.apache.catalina.startup.HostConfig.deployWAR Deploying web application archive [/home/jeronimo/Documentos/udemy/integracao-continua-testes-jenkins/continuous-integration-with-test-using-jenkins/apache-tomcat-8.5.50/webapps/tasks-backend.war]
04-Apr-2023 11:02:24.240 INFO [http-nio-8001-exec-232] org.apache.jasper.servlet.TldScanner.scanJars At least one JAR was scanned for TLDs yet contained no TLDs. Enable debug logging for this logger for a complete list of JARs that were scanned but no TLDs were found in them. Skipping unneeded JARs during scanning can improve startup time and JSP compilation time.
04-Apr-2023 11:02:24.249 INFO [http-nio-8001-exec-232] org.apache.catalina.startup.HostConfig.deployWAR Deployment of web application archive [/home/jeronimo/Documentos/udemy/integracao-continua-testes-jenkins/continuous-integration-with-test-using-jenkins/apache-tomcat-8.5.50/webapps/tasks-backend.war] has finished in [9,845] ms
04-Apr-2023 13:01:40.922 WARNING [http-nio-8001-exec-240] org.apache.catalina.loader.WebappClassLoaderBase.clearReferencesJdbc The web application [tasks-backend] registered the JDBC driver [org.postgresql.Driver] but failed to unregister it when the web application was stopped. To prevent a memory leak, the JDBC Driver has been forcibly unregistered.
04-Apr-2023 13:01:41.646 INFO [http-nio-8001-exec-240] org.apache.catalina.startup.HostConfig.undeploy Undeploying context [/tasks-backend]
04-Apr-2023 13:01:42.232 INFO [http-nio-8001-exec-238] org.apache.catalina.startup.HostConfig.deployWAR Deploying web application archive [/home/jeronimo/Documentos/udemy/integracao-continua-testes-jenkins/continuous-integration-with-test-using-jenkins/apache-tomcat-8.5.50/webapps/tasks-backend.war]
04-Apr-2023 13:01:51.295 INFO [http-nio-8001-exec-238] org.apache.jasper.servlet.TldScanner.scanJars At least one JAR was scanned for TLDs yet contained no TLDs. Enable debug logging for this logger for a complete list of JARs that were scanned but no TLDs were found in them. Skipping unneeded JARs during scanning can improve startup time and JSP compilation time.
04-Apr-2023 13:01:51.302 INFO [http-nio-8001-exec-238] org.apache.catalina.startup.HostConfig.deployWAR Deployment of web application archive [/home/jeronimo/Documentos/udemy/integracao-continua-testes-jenkins/continuous-integration-with-test-using-jenkins/apache-tomcat-8.5.50/webapps/tasks-backend.war] has finished in [9,071] ms
04-Apr-2023 13:07:47.503 WARNING [http-nio-8001-exec-246] org.apache.catalina.loader.WebappClassLoaderBase.clearReferencesJdbc The web application [tasks-backend] registered the JDBC driver [org.postgresql.Driver] but failed to unregister it when the web application was stopped. To prevent a memory leak, the JDBC Driver has been forcibly unregistered.
04-Apr-2023 13:07:48.064 INFO [http-nio-8001-exec-246] org.apache.catalina.startup.HostConfig.undeploy Undeploying context [/tasks-backend]
04-Apr-2023 13:07:48.367 INFO [http-nio-8001-exec-245] org.apache.catalina.startup.HostConfig.deployWAR Deploying web application archive [/home/jeronimo/Documentos/udemy/integracao-continua-testes-jenkins/continuous-integration-with-test-using-jenkins/apache-tomcat-8.5.50/webapps/tasks-backend.war]
04-Apr-2023 13:07:58.658 INFO [http-nio-8001-exec-245] org.apache.jasper.servlet.TldScanner.scanJars At least one JAR was scanned for TLDs yet contained no TLDs. Enable debug logging for this logger for a complete list of JARs that were scanned but no TLDs were found in them. Skipping unneeded JARs during scanning can improve startup time and JSP compilation time.
04-Apr-2023 13:07:58.665 INFO [http-nio-8001-exec-245] org.apache.catalina.startup.HostConfig.deployWAR Deployment of web application archive [/home/jeronimo/Documentos/udemy/integracao-continua-testes-jenkins/continuous-integration-with-test-using-jenkins/apache-tomcat-8.5.50/webapps/tasks-backend.war] has finished in [10,298] ms
04-Apr-2023 15:29:35.720 WARNING [http-nio-8001-exec-255] org.apache.catalina.loader.WebappClassLoaderBase.clearReferencesJdbc The web application [tasks-backend] registered the JDBC driver [org.postgresql.Driver] but failed to unregister it when the web application was stopped. To prevent a memory leak, the JDBC Driver has been forcibly unregistered.
04-Apr-2023 15:29:36.297 INFO [http-nio-8001-exec-255] org.apache.catalina.startup.HostConfig.undeploy Undeploying context [/tasks-backend]
04-Apr-2023 15:29:36.617 INFO [http-nio-8001-exec-254] org.apache.catalina.startup.HostConfig.deployWAR Deploying web application archive [/home/jeronimo/Documentos/udemy/integracao-continua-testes-jenkins/continuous-integration-with-test-using-jenkins/apache-tomcat-8.5.50/webapps/tasks-backend.war]
04-Apr-2023 15:29:45.351 INFO [http-nio-8001-exec-254] org.apache.jasper.servlet.TldScanner.scanJars At least one JAR was scanned for TLDs yet contained no TLDs. Enable debug logging for this logger for a complete list of JARs that were scanned but no TLDs were found in them. Skipping unneeded JARs during scanning can improve startup time and JSP compilation time.
04-Apr-2023 15:29:45.359 INFO [http-nio-8001-exec-254] org.apache.catalina.startup.HostConfig.deployWAR Deployment of web application archive [/home/jeronimo/Documentos/udemy/integracao-continua-testes-jenkins/continuous-integration-with-test-using-jenkins/apache-tomcat-8.5.50/webapps/tasks-backend.war] has finished in [8,743] ms
04-Apr-2023 15:54:52.659 WARNING [http-nio-8001-exec-265] org.apache.catalina.loader.WebappClassLoaderBase.clearReferencesJdbc The web application [tasks-backend] registered the JDBC driver [org.postgresql.Driver] but failed to unregister it when the web application was stopped. To prevent a memory leak, the JDBC Driver has been forcibly unregistered.
04-Apr-2023 15:54:53.227 INFO [http-nio-8001-exec-265] org.apache.catalina.startup.HostConfig.undeploy Undeploying context [/tasks-backend]
04-Apr-2023 15:54:53.642 INFO [http-nio-8001-exec-266] org.apache.catalina.startup.HostConfig.deployWAR Deploying web application archive [/home/jeronimo/Documentos/udemy/integracao-continua-testes-jenkins/continuous-integration-with-test-using-jenkins/apache-tomcat-8.5.50/webapps/tasks-backend.war]
04-Apr-2023 15:55:02.172 INFO [http-nio-8001-exec-266] org.apache.jasper.servlet.TldScanner.scanJars At least one JAR was scanned for TLDs yet contained no TLDs. Enable debug logging for this logger for a complete list of JARs that were scanned but no TLDs were found in them. Skipping unneeded JARs during scanning can improve startup time and JSP compilation time.
04-Apr-2023 15:55:02.181 INFO [http-nio-8001-exec-266] org.apache.catalina.startup.HostConfig.deployWAR Deployment of web application archive [/home/jeronimo/Documentos/udemy/integracao-continua-testes-jenkins/continuous-integration-with-test-using-jenkins/apache-tomcat-8.5.50/webapps/tasks-backend.war] has finished in [8,539] ms
04-Apr-2023 16:02:42.019 WARNING [http-nio-8001-exec-275] org.apache.catalina.loader.WebappClassLoaderBase.clearReferencesJdbc The web application [tasks-backend] registered the JDBC driver [org.postgresql.Driver] but failed to unregister it when the web application was stopped. To prevent a memory leak, the JDBC Driver has been forcibly unregistered.
04-Apr-2023 16:02:42.623 INFO [http-nio-8001-exec-275] org.apache.catalina.startup.HostConfig.undeploy Undeploying context [/tasks-backend]
04-Apr-2023 16:02:42.936 INFO [http-nio-8001-exec-276] org.apache.catalina.startup.HostConfig.deployWAR Deploying web application archive [/home/jeronimo/Documentos/udemy/integracao-continua-testes-jenkins/continuous-integration-with-test-using-jenkins/apache-tomcat-8.5.50/webapps/tasks-backend.war]
04-Apr-2023 16:02:52.609 INFO [http-nio-8001-exec-276] org.apache.jasper.servlet.TldScanner.scanJars At least one JAR was scanned for TLDs yet contained no TLDs. Enable debug logging for this logger for a complete list of JARs that were scanned but no TLDs were found in them. Skipping unneeded JARs during scanning can improve startup time and JSP compilation time.
04-Apr-2023 16:02:52.617 INFO [http-nio-8001-exec-276] org.apache.catalina.startup.HostConfig.deployWAR Deployment of web application archive [/home/jeronimo/Documentos/udemy/integracao-continua-testes-jenkins/continuous-integration-with-test-using-jenkins/apache-tomcat-8.5.50/webapps/tasks-backend.war] has finished in [9,680] ms
04-Apr-2023 16:05:33.563 WARNING [http-nio-8001-exec-285] org.apache.catalina.loader.WebappClassLoaderBase.clearReferencesJdbc The web application [tasks-backend] registered the JDBC driver [org.postgresql.Driver] but failed to unregister it when the web application was stopped. To prevent a memory leak, the JDBC Driver has been forcibly unregistered.
04-Apr-2023 16:05:34.113 INFO [http-nio-8001-exec-285] org.apache.catalina.startup.HostConfig.undeploy Undeploying context [/tasks-backend]
04-Apr-2023 16:05:34.654 INFO [http-nio-8001-exec-282] org.apache.catalina.startup.HostConfig.deployWAR Deploying web application archive [/home/jeronimo/Documentos/udemy/integracao-continua-testes-jenkins/continuous-integration-with-test-using-jenkins/apache-tomcat-8.5.50/webapps/tasks-backend.war]
04-Apr-2023 16:05:44.534 INFO [http-nio-8001-exec-282] org.apache.jasper.servlet.TldScanner.scanJars At least one JAR was scanned for TLDs yet contained no TLDs. Enable debug logging for this logger for a complete list of JARs that were scanned but no TLDs were found in them. Skipping unneeded JARs during scanning can improve startup time and JSP compilation time.
04-Apr-2023 16:05:44.543 INFO [http-nio-8001-exec-282] org.apache.catalina.startup.HostConfig.deployWAR Deployment of web application archive [/home/jeronimo/Documentos/udemy/integracao-continua-testes-jenkins/continuous-integration-with-test-using-jenkins/apache-tomcat-8.5.50/webapps/tasks-backend.war] has finished in [9,888] ms
04-Apr-2023 17:54:02.775 WARNING [http-nio-8001-exec-290] org.apache.catalina.loader.WebappClassLoaderBase.clearReferencesJdbc The web application [tasks-backend] registered the JDBC driver [org.postgresql.Driver] but failed to unregister it when the web application was stopped. To prevent a memory leak, the JDBC Driver has been forcibly unregistered.
04-Apr-2023 17:54:03.386 INFO [http-nio-8001-exec-290] org.apache.catalina.startup.HostConfig.undeploy Undeploying context [/tasks-backend]
04-Apr-2023 17:54:03.911 INFO [http-nio-8001-exec-288] org.apache.catalina.startup.HostConfig.deployWAR Deploying web application archive [/home/jeronimo/Documentos/udemy/integracao-continua-testes-jenkins/continuous-integration-with-test-using-jenkins/apache-tomcat-8.5.50/webapps/tasks-backend.war]
04-Apr-2023 17:54:18.853 INFO [http-nio-8001-exec-288] org.apache.jasper.servlet.TldScanner.scanJars At least one JAR was scanned for TLDs yet contained no TLDs. Enable debug logging for this logger for a complete list of JARs that were scanned but no TLDs were found in them. Skipping unneeded JARs during scanning can improve startup time and JSP compilation time.
04-Apr-2023 17:54:18.862 INFO [http-nio-8001-exec-288] org.apache.catalina.startup.HostConfig.deployWAR Deployment of web application archive [/home/jeronimo/Documentos/udemy/integracao-continua-testes-jenkins/continuous-integration-with-test-using-jenkins/apache-tomcat-8.5.50/webapps/tasks-backend.war] has finished in [14,950] ms
04-Apr-2023 20:58:12.098 WARNING [http-nio-8001-exec-300] org.apache.catalina.loader.WebappClassLoaderBase.clearReferencesJdbc The web application [tasks-backend] registered the JDBC driver [org.postgresql.Driver] but failed to unregister it when the web application was stopped. To prevent a memory leak, the JDBC Driver has been forcibly unregistered.
04-Apr-2023 20:58:12.694 INFO [http-nio-8001-exec-300] org.apache.catalina.startup.HostConfig.undeploy Undeploying context [/tasks-backend]
04-Apr-2023 20:58:13.080 INFO [http-nio-8001-exec-301] org.apache.catalina.startup.HostConfig.deployWAR Deploying web application archive [/home/jeronimo/Documentos/udemy/integracao-continua-testes-jenkins/continuous-integration-with-test-using-jenkins/apache-tomcat-8.5.50/webapps/tasks-backend.war]
04-Apr-2023 20:58:21.184 INFO [http-nio-8001-exec-301] org.apache.jasper.servlet.TldScanner.scanJars At least one JAR was scanned for TLDs yet contained no TLDs. Enable debug logging for this logger for a complete list of JARs that were scanned but no TLDs were found in them. Skipping unneeded JARs during scanning can improve startup time and JSP compilation time.
04-Apr-2023 20:58:21.198 INFO [http-nio-8001-exec-301] org.apache.catalina.startup.HostConfig.deployWAR Deployment of web application archive [/home/jeronimo/Documentos/udemy/integracao-continua-testes-jenkins/continuous-integration-with-test-using-jenkins/apache-tomcat-8.5.50/webapps/tasks-backend.war] has finished in [8,118] ms
04-Apr-2023 20:59:02.579 INFO [http-nio-8001-exec-308] org.apache.catalina.startup.HostConfig.undeploy Undeploying context [/tasks]
04-Apr-2023 20:59:02.759 INFO [http-nio-8001-exec-312] org.apache.catalina.startup.HostConfig.deployWAR Deploying web application archive [/home/jeronimo/Documentos/udemy/integracao-continua-testes-jenkins/continuous-integration-with-test-using-jenkins/apache-tomcat-8.5.50/webapps/tasks.war]
04-Apr-2023 20:59:06.973 INFO [http-nio-8001-exec-312] org.apache.jasper.servlet.TldScanner.scanJars At least one JAR was scanned for TLDs yet contained no TLDs. Enable debug logging for this logger for a complete list of JARs that were scanned but no TLDs were found in them. Skipping unneeded JARs during scanning can improve startup time and JSP compilation time.
04-Apr-2023 20:59:06.985 INFO [http-nio-8001-exec-312] org.apache.catalina.startup.HostConfig.deployWAR Deployment of web application archive [/home/jeronimo/Documentos/udemy/integracao-continua-testes-jenkins/continuous-integration-with-test-using-jenkins/apache-tomcat-8.5.50/webapps/tasks.war] has finished in [4,225] ms
