02-Apr-2023 09:55:59.684 INFO [main] org.apache.catalina.core.StandardServer.await A valid shutdown command was received via the shutdown port. Stopping the Server instance.
02-Apr-2023 09:55:59.686 INFO [main] org.apache.coyote.AbstractProtocol.pause Pausing ProtocolHandler ["http-nio-8001"]
02-Apr-2023 09:55:59.693 INFO [main] org.apache.coyote.AbstractProtocol.pause Pausing ProtocolHandler ["ajp-nio-8009"]
02-Apr-2023 09:55:59.700 INFO [main] org.apache.catalina.core.StandardService.stopInternal Stopping service [Catalina]
02-Apr-2023 09:55:59.811 WARNING [localhost-startStop-2] org.apache.catalina.loader.WebappClassLoaderBase.clearReferencesJdbc The web application [tasks-backend] registered the JDBC driver [org.postgresql.Driver] but failed to unregister it when the web application was stopped. To prevent a memory leak, the JDBC Driver has been forcibly unregistered.
02-Apr-2023 09:55:59.870 INFO [main] org.apache.coyote.AbstractProtocol.stop Stopping ProtocolHandler ["http-nio-8001"]
02-Apr-2023 09:55:59.876 INFO [main] org.apache.coyote.AbstractProtocol.stop Stopping ProtocolHandler ["ajp-nio-8009"]
02-Apr-2023 09:55:59.878 INFO [main] org.apache.coyote.AbstractProtocol.destroy Destroying ProtocolHandler ["http-nio-8001"]
02-Apr-2023 09:55:59.879 INFO [main] org.apache.coyote.AbstractProtocol.destroy Destroying ProtocolHandler ["ajp-nio-8009"]
02-Apr-2023 09:59:50.484 INFO [main] org.apache.catalina.startup.VersionLoggerListener.log Server version name:   Apache Tomcat/8.5.50
02-Apr-2023 09:59:50.489 INFO [main] org.apache.catalina.startup.VersionLoggerListener.log Server built:          Dec 7 2019 19:19:46 UTC
02-Apr-2023 09:59:50.489 INFO [main] org.apache.catalina.startup.VersionLoggerListener.log Server version number: 8.5.50.0
02-Apr-2023 09:59:50.490 INFO [main] org.apache.catalina.startup.VersionLoggerListener.log OS Name:               Linux
02-Apr-2023 09:59:50.490 INFO [main] org.apache.catalina.startup.VersionLoggerListener.log OS Version:            5.15.0-41-generic
02-Apr-2023 09:59:50.490 INFO [main] org.apache.catalina.startup.VersionLoggerListener.log Architecture:          amd64
02-Apr-2023 09:59:50.491 INFO [main] org.apache.catalina.startup.VersionLoggerListener.log Java Home:             /home/jeronimo/.sdkman/candidates/java/11.0.2-open
02-Apr-2023 09:59:50.491 INFO [main] org.apache.catalina.startup.VersionLoggerListener.log JVM Version:           11.0.2+9
02-Apr-2023 09:59:50.492 INFO [main] org.apache.catalina.startup.VersionLoggerListener.log JVM Vendor:            Oracle Corporation
02-Apr-2023 09:59:50.494 INFO [main] org.apache.catalina.startup.VersionLoggerListener.log CATALINA_BASE:         /home/jeronimo/Documentos/udemy/integracao-continua-testes-jenkins/continuous-integration-with-test-using-jenkins/apache-tomcat-8.5.50
02-Apr-2023 09:59:50.502 INFO [main] org.apache.catalina.startup.VersionLoggerListener.log CATALINA_HOME:         /home/jeronimo/Documentos/udemy/integracao-continua-testes-jenkins/continuous-integration-with-test-using-jenkins/apache-tomcat-8.5.50
02-Apr-2023 09:59:50.503 INFO [main] org.apache.catalina.startup.VersionLoggerListener.log Command line argument: --add-opens=java.base/java.lang=ALL-UNNAMED
02-Apr-2023 09:59:50.504 INFO [main] org.apache.catalina.startup.VersionLoggerListener.log Command line argument: --add-opens=java.base/java.io=ALL-UNNAMED
02-Apr-2023 09:59:50.504 INFO [main] org.apache.catalina.startup.VersionLoggerListener.log Command line argument: --add-opens=java.rmi/sun.rmi.transport=ALL-UNNAMED
02-Apr-2023 09:59:50.504 INFO [main] org.apache.catalina.startup.VersionLoggerListener.log Command line argument: -Djava.util.logging.config.file=/home/jeronimo/Documentos/udemy/integracao-continua-testes-jenkins/continuous-integration-with-test-using-jenkins/apache-tomcat-8.5.50/conf/logging.properties
02-Apr-2023 09:59:50.505 INFO [main] org.apache.catalina.startup.VersionLoggerListener.log Command line argument: -Djava.util.logging.manager=org.apache.juli.ClassLoaderLogManager
02-Apr-2023 09:59:50.505 INFO [main] org.apache.catalina.startup.VersionLoggerListener.log Command line argument: -Djdk.tls.ephemeralDHKeySize=2048
02-Apr-2023 09:59:50.505 INFO [main] org.apache.catalina.startup.VersionLoggerListener.log Command line argument: -Djava.protocol.handler.pkgs=org.apache.catalina.webresources
02-Apr-2023 09:59:50.505 INFO [main] org.apache.catalina.startup.VersionLoggerListener.log Command line argument: -Dorg.apache.catalina.security.SecurityListener.UMASK=0027
02-Apr-2023 09:59:50.506 INFO [main] org.apache.catalina.startup.VersionLoggerListener.log Command line argument: -Dignore.endorsed.dirs=
02-Apr-2023 09:59:50.506 INFO [main] org.apache.catalina.startup.VersionLoggerListener.log Command line argument: -Dcatalina.base=/home/jeronimo/Documentos/udemy/integracao-continua-testes-jenkins/continuous-integration-with-test-using-jenkins/apache-tomcat-8.5.50
02-Apr-2023 09:59:50.506 INFO [main] org.apache.catalina.startup.VersionLoggerListener.log Command line argument: -Dcatalina.home=/home/jeronimo/Documentos/udemy/integracao-continua-testes-jenkins/continuous-integration-with-test-using-jenkins/apache-tomcat-8.5.50
02-Apr-2023 09:59:50.506 INFO [main] org.apache.catalina.startup.VersionLoggerListener.log Command line argument: -Djava.io.tmpdir=/home/jeronimo/Documentos/udemy/integracao-continua-testes-jenkins/continuous-integration-with-test-using-jenkins/apache-tomcat-8.5.50/temp
02-Apr-2023 09:59:50.507 INFO [main] org.apache.catalina.core.AprLifecycleListener.lifecycleEvent The APR based Apache Tomcat Native library which allows optimal performance in production environments was not found on the java.library.path: [/usr/java/packages/lib:/usr/lib64:/lib64:/lib:/usr/lib]
02-Apr-2023 09:59:50.570 INFO [main] org.apache.coyote.AbstractProtocol.init Initializing ProtocolHandler ["http-nio-8001"]
02-Apr-2023 09:59:50.590 INFO [main] org.apache.tomcat.util.net.NioSelectorPool.getSharedSelector Using a shared selector for servlet write/read
02-Apr-2023 09:59:50.609 INFO [main] org.apache.coyote.AbstractProtocol.init Initializing ProtocolHandler ["ajp-nio-8009"]
02-Apr-2023 09:59:50.612 INFO [main] org.apache.tomcat.util.net.NioSelectorPool.getSharedSelector Using a shared selector for servlet write/read
02-Apr-2023 09:59:50.617 INFO [main] org.apache.catalina.startup.Catalina.load Initialization processed in 1059 ms
02-Apr-2023 09:59:50.719 INFO [main] org.apache.catalina.core.StandardService.startInternal Starting service [Catalina]
02-Apr-2023 09:59:50.720 INFO [main] org.apache.catalina.core.StandardEngine.startInternal Starting Servlet Engine: Apache Tomcat/8.5.50
02-Apr-2023 09:59:50.756 INFO [localhost-startStop-1] org.apache.catalina.startup.HostConfig.deployWAR Deploying web application archive [/home/jeronimo/Documentos/udemy/integracao-continua-testes-jenkins/continuous-integration-with-test-using-jenkins/apache-tomcat-8.5.50/webapps/tasks.war]
02-Apr-2023 09:59:59.248 INFO [localhost-startStop-1] org.apache.jasper.servlet.TldScanner.scanJars At least one JAR was scanned for TLDs yet contained no TLDs. Enable debug logging for this logger for a complete list of JARs that were scanned but no TLDs were found in them. Skipping unneeded JARs during scanning can improve startup time and JSP compilation time.
02-Apr-2023 09:59:59.352 INFO [localhost-startStop-1] org.apache.catalina.startup.HostConfig.deployWAR Deployment of web application archive [/home/jeronimo/Documentos/udemy/integracao-continua-testes-jenkins/continuous-integration-with-test-using-jenkins/apache-tomcat-8.5.50/webapps/tasks.war] has finished in [8,596] ms
02-Apr-2023 09:59:59.357 INFO [localhost-startStop-1] org.apache.catalina.startup.HostConfig.deployWAR Deploying web application archive [/home/jeronimo/Documentos/udemy/integracao-continua-testes-jenkins/continuous-integration-with-test-using-jenkins/apache-tomcat-8.5.50/webapps/tasks-backend.war]
02-Apr-2023 10:00:10.356 INFO [localhost-startStop-1] org.apache.jasper.servlet.TldScanner.scanJars At least one JAR was scanned for TLDs yet contained no TLDs. Enable debug logging for this logger for a complete list of JARs that were scanned but no TLDs were found in them. Skipping unneeded JARs during scanning can improve startup time and JSP compilation time.
02-Apr-2023 10:00:10.372 INFO [localhost-startStop-1] org.apache.catalina.startup.HostConfig.deployWAR Deployment of web application archive [/home/jeronimo/Documentos/udemy/integracao-continua-testes-jenkins/continuous-integration-with-test-using-jenkins/apache-tomcat-8.5.50/webapps/tasks-backend.war] has finished in [11,015] ms
02-Apr-2023 10:00:10.373 INFO [localhost-startStop-1] org.apache.catalina.startup.HostConfig.deployDirectory Deploying web application directory [/home/jeronimo/Documentos/udemy/integracao-continua-testes-jenkins/continuous-integration-with-test-using-jenkins/apache-tomcat-8.5.50/webapps/examples]
02-Apr-2023 10:00:10.704 INFO [localhost-startStop-1] org.apache.catalina.startup.HostConfig.deployDirectory Deployment of web application directory [/home/jeronimo/Documentos/udemy/integracao-continua-testes-jenkins/continuous-integration-with-test-using-jenkins/apache-tomcat-8.5.50/webapps/examples] has finished in [331] ms
02-Apr-2023 10:00:10.705 INFO [localhost-startStop-1] org.apache.catalina.startup.HostConfig.deployDirectory Deploying web application directory [/home/jeronimo/Documentos/udemy/integracao-continua-testes-jenkins/continuous-integration-with-test-using-jenkins/apache-tomcat-8.5.50/webapps/manager]
02-Apr-2023 10:00:10.755 INFO [localhost-startStop-1] org.apache.catalina.startup.HostConfig.deployDirectory Deployment of web application directory [/home/jeronimo/Documentos/udemy/integracao-continua-testes-jenkins/continuous-integration-with-test-using-jenkins/apache-tomcat-8.5.50/webapps/manager] has finished in [50] ms
02-Apr-2023 10:00:10.756 INFO [localhost-startStop-1] org.apache.catalina.startup.HostConfig.deployDirectory Deploying web application directory [/home/jeronimo/Documentos/udemy/integracao-continua-testes-jenkins/continuous-integration-with-test-using-jenkins/apache-tomcat-8.5.50/webapps/ROOT]
02-Apr-2023 10:00:10.802 INFO [localhost-startStop-1] org.apache.catalina.startup.HostConfig.deployDirectory Deployment of web application directory [/home/jeronimo/Documentos/udemy/integracao-continua-testes-jenkins/continuous-integration-with-test-using-jenkins/apache-tomcat-8.5.50/webapps/ROOT] has finished in [46] ms
02-Apr-2023 10:00:10.803 INFO [localhost-startStop-1] org.apache.catalina.startup.HostConfig.deployDirectory Deploying web application directory [/home/jeronimo/Documentos/udemy/integracao-continua-testes-jenkins/continuous-integration-with-test-using-jenkins/apache-tomcat-8.5.50/webapps/host-manager]
02-Apr-2023 10:00:10.830 INFO [localhost-startStop-1] org.apache.catalina.startup.HostConfig.deployDirectory Deployment of web application directory [/home/jeronimo/Documentos/udemy/integracao-continua-testes-jenkins/continuous-integration-with-test-using-jenkins/apache-tomcat-8.5.50/webapps/host-manager] has finished in [25] ms
02-Apr-2023 10:00:10.835 INFO [localhost-startStop-1] org.apache.catalina.startup.HostConfig.deployDirectory Deploying web application directory [/home/jeronimo/Documentos/udemy/integracao-continua-testes-jenkins/continuous-integration-with-test-using-jenkins/apache-tomcat-8.5.50/webapps/docs]
02-Apr-2023 10:00:10.860 INFO [localhost-startStop-1] org.apache.catalina.startup.HostConfig.deployDirectory Deployment of web application directory [/home/jeronimo/Documentos/udemy/integracao-continua-testes-jenkins/continuous-integration-with-test-using-jenkins/apache-tomcat-8.5.50/webapps/docs] has finished in [29] ms
02-Apr-2023 10:00:10.873 INFO [main] org.apache.coyote.AbstractProtocol.start Starting ProtocolHandler ["http-nio-8001"]
02-Apr-2023 10:00:10.910 INFO [main] org.apache.coyote.AbstractProtocol.start Starting ProtocolHandler ["ajp-nio-8009"]
02-Apr-2023 10:00:10.942 INFO [main] org.apache.catalina.startup.Catalina.start Server startup in 20325 ms
02-Apr-2023 10:00:18.238 WARNING [http-nio-8001-exec-4] org.apache.catalina.loader.WebappClassLoaderBase.clearReferencesJdbc The web application [tasks-backend] registered the JDBC driver [org.postgresql.Driver] but failed to unregister it when the web application was stopped. To prevent a memory leak, the JDBC Driver has been forcibly unregistered.
02-Apr-2023 10:00:18.807 INFO [http-nio-8001-exec-4] org.apache.catalina.startup.HostConfig.undeploy Undeploying context [/tasks-backend]
02-Apr-2023 10:02:12.706 INFO [http-nio-8001-exec-12] org.apache.catalina.startup.HostConfig.deployWAR Deploying web application archive [/home/jeronimo/Documentos/udemy/integracao-continua-testes-jenkins/continuous-integration-with-test-using-jenkins/apache-tomcat-8.5.50/webapps/tasks-backend.war]
02-Apr-2023 10:02:25.168 INFO [http-nio-8001-exec-12] org.apache.jasper.servlet.TldScanner.scanJars At least one JAR was scanned for TLDs yet contained no TLDs. Enable debug logging for this logger for a complete list of JARs that were scanned but no TLDs were found in them. Skipping unneeded JARs during scanning can improve startup time and JSP compilation time.
02-Apr-2023 10:02:25.185 INFO [http-nio-8001-exec-12] org.apache.catalina.startup.HostConfig.deployWAR Deployment of web application archive [/home/jeronimo/Documentos/udemy/integracao-continua-testes-jenkins/continuous-integration-with-test-using-jenkins/apache-tomcat-8.5.50/webapps/tasks-backend.war] has finished in [12,478] ms
02-Apr-2023 10:02:55.583 WARNING [http-nio-8001-exec-14] org.apache.catalina.loader.WebappClassLoaderBase.clearReferencesJdbc The web application [tasks-backend] registered the JDBC driver [org.postgresql.Driver] but failed to unregister it when the web application was stopped. To prevent a memory leak, the JDBC Driver has been forcibly unregistered.
02-Apr-2023 10:02:56.141 INFO [http-nio-8001-exec-14] org.apache.catalina.startup.HostConfig.undeploy Undeploying context [/tasks-backend]
02-Apr-2023 10:08:22.630 INFO [main] org.apache.catalina.core.StandardServer.await A valid shutdown command was received via the shutdown port. Stopping the Server instance.
02-Apr-2023 10:08:22.631 INFO [main] org.apache.coyote.AbstractProtocol.pause Pausing ProtocolHandler ["http-nio-8001"]
02-Apr-2023 10:08:22.638 INFO [main] org.apache.coyote.AbstractProtocol.pause Pausing ProtocolHandler ["ajp-nio-8009"]
02-Apr-2023 10:08:22.644 INFO [main] org.apache.catalina.core.StandardService.stopInternal Stopping service [Catalina]
02-Apr-2023 10:08:22.710 INFO [main] org.apache.coyote.AbstractProtocol.stop Stopping ProtocolHandler ["http-nio-8001"]
02-Apr-2023 10:08:22.712 INFO [main] org.apache.coyote.AbstractProtocol.stop Stopping ProtocolHandler ["ajp-nio-8009"]
02-Apr-2023 10:08:22.714 INFO [main] org.apache.coyote.AbstractProtocol.destroy Destroying ProtocolHandler ["http-nio-8001"]
02-Apr-2023 10:08:22.715 INFO [main] org.apache.coyote.AbstractProtocol.destroy Destroying ProtocolHandler ["ajp-nio-8009"]
02-Apr-2023 10:08:43.684 INFO [main] org.apache.catalina.startup.VersionLoggerListener.log Server version name:   Apache Tomcat/8.5.50
02-Apr-2023 10:08:43.694 INFO [main] org.apache.catalina.startup.VersionLoggerListener.log Server built:          Dec 7 2019 19:19:46 UTC
02-Apr-2023 10:08:43.698 INFO [main] org.apache.catalina.startup.VersionLoggerListener.log Server version number: 8.5.50.0
02-Apr-2023 10:08:43.699 INFO [main] org.apache.catalina.startup.VersionLoggerListener.log OS Name:               Linux
02-Apr-2023 10:08:43.699 INFO [main] org.apache.catalina.startup.VersionLoggerListener.log OS Version:            5.15.0-41-generic
02-Apr-2023 10:08:43.700 INFO [main] org.apache.catalina.startup.VersionLoggerListener.log Architecture:          amd64
02-Apr-2023 10:08:43.701 INFO [main] org.apache.catalina.startup.VersionLoggerListener.log Java Home:             /home/jeronimo/.sdkman/candidates/java/11.0.2-open
02-Apr-2023 10:08:43.701 INFO [main] org.apache.catalina.startup.VersionLoggerListener.log JVM Version:           11.0.2+9
02-Apr-2023 10:08:43.702 INFO [main] org.apache.catalina.startup.VersionLoggerListener.log JVM Vendor:            Oracle Corporation
02-Apr-2023 10:08:43.702 INFO [main] org.apache.catalina.startup.VersionLoggerListener.log CATALINA_BASE:         /home/jeronimo/Documentos/udemy/integracao-continua-testes-jenkins/continuous-integration-with-test-using-jenkins/apache-tomcat-8.5.50
02-Apr-2023 10:08:43.702 INFO [main] org.apache.catalina.startup.VersionLoggerListener.log CATALINA_HOME:         /home/jeronimo/Documentos/udemy/integracao-continua-testes-jenkins/continuous-integration-with-test-using-jenkins/apache-tomcat-8.5.50
02-Apr-2023 10:08:43.703 INFO [main] org.apache.catalina.startup.VersionLoggerListener.log Command line argument: --add-opens=java.base/java.lang=ALL-UNNAMED
02-Apr-2023 10:08:43.703 INFO [main] org.apache.catalina.startup.VersionLoggerListener.log Command line argument: --add-opens=java.base/java.io=ALL-UNNAMED
02-Apr-2023 10:08:43.703 INFO [main] org.apache.catalina.startup.VersionLoggerListener.log Command line argument: --add-opens=java.rmi/sun.rmi.transport=ALL-UNNAMED
02-Apr-2023 10:08:43.704 INFO [main] org.apache.catalina.startup.VersionLoggerListener.log Command line argument: -Djava.util.logging.config.file=/home/jeronimo/Documentos/udemy/integracao-continua-testes-jenkins/continuous-integration-with-test-using-jenkins/apache-tomcat-8.5.50/conf/logging.properties
02-Apr-2023 10:08:43.704 INFO [main] org.apache.catalina.startup.VersionLoggerListener.log Command line argument: -Djava.util.logging.manager=org.apache.juli.ClassLoaderLogManager
02-Apr-2023 10:08:43.704 INFO [main] org.apache.catalina.startup.VersionLoggerListener.log Command line argument: -Djdk.tls.ephemeralDHKeySize=2048
02-Apr-2023 10:08:43.705 INFO [main] org.apache.catalina.startup.VersionLoggerListener.log Command line argument: -Djava.protocol.handler.pkgs=org.apache.catalina.webresources
02-Apr-2023 10:08:43.705 INFO [main] org.apache.catalina.startup.VersionLoggerListener.log Command line argument: -Dorg.apache.catalina.security.SecurityListener.UMASK=0027
02-Apr-2023 10:08:43.705 INFO [main] org.apache.catalina.startup.VersionLoggerListener.log Command line argument: -Dignore.endorsed.dirs=
02-Apr-2023 10:08:43.705 INFO [main] org.apache.catalina.startup.VersionLoggerListener.log Command line argument: -Dcatalina.base=/home/jeronimo/Documentos/udemy/integracao-continua-testes-jenkins/continuous-integration-with-test-using-jenkins/apache-tomcat-8.5.50
02-Apr-2023 10:08:43.706 INFO [main] org.apache.catalina.startup.VersionLoggerListener.log Command line argument: -Dcatalina.home=/home/jeronimo/Documentos/udemy/integracao-continua-testes-jenkins/continuous-integration-with-test-using-jenkins/apache-tomcat-8.5.50
02-Apr-2023 10:08:43.706 INFO [main] org.apache.catalina.startup.VersionLoggerListener.log Command line argument: -Djava.io.tmpdir=/home/jeronimo/Documentos/udemy/integracao-continua-testes-jenkins/continuous-integration-with-test-using-jenkins/apache-tomcat-8.5.50/temp
02-Apr-2023 10:08:43.706 INFO [main] org.apache.catalina.core.AprLifecycleListener.lifecycleEvent The APR based Apache Tomcat Native library which allows optimal performance in production environments was not found on the java.library.path: [/usr/java/packages/lib:/usr/lib64:/lib64:/lib:/usr/lib]
02-Apr-2023 10:08:43.775 INFO [main] org.apache.coyote.AbstractProtocol.init Initializing ProtocolHandler ["http-nio-8001"]
02-Apr-2023 10:08:43.796 INFO [main] org.apache.tomcat.util.net.NioSelectorPool.getSharedSelector Using a shared selector for servlet write/read
02-Apr-2023 10:08:43.817 INFO [main] org.apache.coyote.AbstractProtocol.init Initializing ProtocolHandler ["ajp-nio-8009"]
02-Apr-2023 10:08:43.819 INFO [main] org.apache.tomcat.util.net.NioSelectorPool.getSharedSelector Using a shared selector for servlet write/read
02-Apr-2023 10:08:43.822 INFO [main] org.apache.catalina.startup.Catalina.load Initialization processed in 878 ms
02-Apr-2023 10:08:43.922 INFO [main] org.apache.catalina.core.StandardService.startInternal Starting service [Catalina]
02-Apr-2023 10:08:43.922 INFO [main] org.apache.catalina.core.StandardEngine.startInternal Starting Servlet Engine: Apache Tomcat/8.5.50
02-Apr-2023 10:08:43.960 INFO [localhost-startStop-1] org.apache.catalina.startup.HostConfig.deployWAR Deploying web application archive [/home/jeronimo/Documentos/udemy/integracao-continua-testes-jenkins/continuous-integration-with-test-using-jenkins/apache-tomcat-8.5.50/webapps/tasks.war]
02-Apr-2023 10:08:50.404 INFO [localhost-startStop-1] org.apache.jasper.servlet.TldScanner.scanJars At least one JAR was scanned for TLDs yet contained no TLDs. Enable debug logging for this logger for a complete list of JARs that were scanned but no TLDs were found in them. Skipping unneeded JARs during scanning can improve startup time and JSP compilation time.
02-Apr-2023 10:08:50.469 INFO [localhost-startStop-1] org.apache.catalina.startup.HostConfig.deployWAR Deployment of web application archive [/home/jeronimo/Documentos/udemy/integracao-continua-testes-jenkins/continuous-integration-with-test-using-jenkins/apache-tomcat-8.5.50/webapps/tasks.war] has finished in [6,509] ms
02-Apr-2023 10:08:50.469 INFO [localhost-startStop-1] org.apache.catalina.startup.HostConfig.deployDirectory Deploying web application directory [/home/jeronimo/Documentos/udemy/integracao-continua-testes-jenkins/continuous-integration-with-test-using-jenkins/apache-tomcat-8.5.50/webapps/examples]
02-Apr-2023 10:08:50.700 INFO [localhost-startStop-1] org.apache.catalina.startup.HostConfig.deployDirectory Deployment of web application directory [/home/jeronimo/Documentos/udemy/integracao-continua-testes-jenkins/continuous-integration-with-test-using-jenkins/apache-tomcat-8.5.50/webapps/examples] has finished in [230] ms
02-Apr-2023 10:08:50.712 INFO [localhost-startStop-1] org.apache.catalina.startup.HostConfig.deployDirectory Deploying web application directory [/home/jeronimo/Documentos/udemy/integracao-continua-testes-jenkins/continuous-integration-with-test-using-jenkins/apache-tomcat-8.5.50/webapps/manager]
02-Apr-2023 10:08:50.776 INFO [localhost-startStop-1] org.apache.catalina.startup.HostConfig.deployDirectory Deployment of web application directory [/home/jeronimo/Documentos/udemy/integracao-continua-testes-jenkins/continuous-integration-with-test-using-jenkins/apache-tomcat-8.5.50/webapps/manager] has finished in [65] ms
02-Apr-2023 10:08:50.776 INFO [localhost-startStop-1] org.apache.catalina.startup.HostConfig.deployDirectory Deploying web application directory [/home/jeronimo/Documentos/udemy/integracao-continua-testes-jenkins/continuous-integration-with-test-using-jenkins/apache-tomcat-8.5.50/webapps/ROOT]
02-Apr-2023 10:08:50.799 INFO [localhost-startStop-1] org.apache.catalina.startup.HostConfig.deployDirectory Deployment of web application directory [/home/jeronimo/Documentos/udemy/integracao-continua-testes-jenkins/continuous-integration-with-test-using-jenkins/apache-tomcat-8.5.50/webapps/ROOT] has finished in [23] ms
02-Apr-2023 10:08:50.800 INFO [localhost-startStop-1] org.apache.catalina.startup.HostConfig.deployDirectory Deploying web application directory [/home/jeronimo/Documentos/udemy/integracao-continua-testes-jenkins/continuous-integration-with-test-using-jenkins/apache-tomcat-8.5.50/webapps/host-manager]
02-Apr-2023 10:08:50.825 INFO [localhost-startStop-1] org.apache.catalina.startup.HostConfig.deployDirectory Deployment of web application directory [/home/jeronimo/Documentos/udemy/integracao-continua-testes-jenkins/continuous-integration-with-test-using-jenkins/apache-tomcat-8.5.50/webapps/host-manager] has finished in [25] ms
02-Apr-2023 10:08:50.825 INFO [localhost-startStop-1] org.apache.catalina.startup.HostConfig.deployDirectory Deploying web application directory [/home/jeronimo/Documentos/udemy/integracao-continua-testes-jenkins/continuous-integration-with-test-using-jenkins/apache-tomcat-8.5.50/webapps/docs]
02-Apr-2023 10:08:50.850 INFO [localhost-startStop-1] org.apache.catalina.startup.HostConfig.deployDirectory Deployment of web application directory [/home/jeronimo/Documentos/udemy/integracao-continua-testes-jenkins/continuous-integration-with-test-using-jenkins/apache-tomcat-8.5.50/webapps/docs] has finished in [25] ms
02-Apr-2023 10:08:50.853 INFO [main] org.apache.coyote.AbstractProtocol.start Starting ProtocolHandler ["http-nio-8001"]
02-Apr-2023 10:08:50.887 INFO [main] org.apache.coyote.AbstractProtocol.start Starting ProtocolHandler ["ajp-nio-8009"]
02-Apr-2023 10:08:50.902 INFO [main] org.apache.catalina.startup.Catalina.start Server startup in 7079 ms
02-Apr-2023 10:09:08.689 INFO [http-nio-8001-exec-2] org.apache.catalina.startup.HostConfig.undeploy Undeploying context [/tasks]
02-Apr-2023 10:10:12.954 INFO [http-nio-8001-exec-12] org.apache.catalina.startup.HostConfig.deployWAR Deploying web application archive [/home/jeronimo/Documentos/udemy/integracao-continua-testes-jenkins/continuous-integration-with-test-using-jenkins/apache-tomcat-8.5.50/webapps/tasks-backend.war]
02-Apr-2023 10:10:27.131 INFO [http-nio-8001-exec-12] org.apache.jasper.servlet.TldScanner.scanJars At least one JAR was scanned for TLDs yet contained no TLDs. Enable debug logging for this logger for a complete list of JARs that were scanned but no TLDs were found in them. Skipping unneeded JARs during scanning can improve startup time and JSP compilation time.
02-Apr-2023 10:10:27.147 INFO [http-nio-8001-exec-12] org.apache.catalina.startup.HostConfig.deployWAR Deployment of web application archive [/home/jeronimo/Documentos/udemy/integracao-continua-testes-jenkins/continuous-integration-with-test-using-jenkins/apache-tomcat-8.5.50/webapps/tasks-backend.war] has finished in [14,192] ms
02-Apr-2023 10:24:08.863 INFO [http-nio-8001-exec-15] org.apache.catalina.startup.HostConfig.deployWAR Deploying web application archive [/home/jeronimo/Documentos/udemy/integracao-continua-testes-jenkins/continuous-integration-with-test-using-jenkins/apache-tomcat-8.5.50/webapps/tasks-frontend.war]
02-Apr-2023 10:24:15.374 INFO [http-nio-8001-exec-15] org.apache.jasper.servlet.TldScanner.scanJars At least one JAR was scanned for TLDs yet contained no TLDs. Enable debug logging for this logger for a complete list of JARs that were scanned but no TLDs were found in them. Skipping unneeded JARs during scanning can improve startup time and JSP compilation time.
02-Apr-2023 10:24:15.386 INFO [http-nio-8001-exec-15] org.apache.catalina.startup.HostConfig.deployWAR Deployment of web application archive [/home/jeronimo/Documentos/udemy/integracao-continua-testes-jenkins/continuous-integration-with-test-using-jenkins/apache-tomcat-8.5.50/webapps/tasks-frontend.war] has finished in [6,524] ms
02-Apr-2023 10:32:03.239 INFO [http-nio-8001-exec-18] org.apache.catalina.startup.HostConfig.undeploy Undeploying context [/tasks-frontend]
02-Apr-2023 10:35:42.800 INFO [http-nio-8001-exec-21] org.apache.catalina.startup.HostConfig.deployWAR Deploying web application archive [/home/jeronimo/Documentos/udemy/integracao-continua-testes-jenkins/continuous-integration-with-test-using-jenkins/apache-tomcat-8.5.50/webapps/tasks.war]
02-Apr-2023 10:35:47.575 INFO [http-nio-8001-exec-21] org.apache.jasper.servlet.TldScanner.scanJars At least one JAR was scanned for TLDs yet contained no TLDs. Enable debug logging for this logger for a complete list of JARs that were scanned but no TLDs were found in them. Skipping unneeded JARs during scanning can improve startup time and JSP compilation time.
02-Apr-2023 10:35:47.585 INFO [http-nio-8001-exec-21] org.apache.catalina.startup.HostConfig.deployWAR Deployment of web application archive [/home/jeronimo/Documentos/udemy/integracao-continua-testes-jenkins/continuous-integration-with-test-using-jenkins/apache-tomcat-8.5.50/webapps/tasks.war] has finished in [4,782] ms
02-Apr-2023 10:42:31.630 INFO [http-nio-8001-exec-22] org.apache.catalina.startup.HostConfig.undeploy Undeploying context [/tasks]
02-Apr-2023 10:51:02.396 INFO [http-nio-8001-exec-35] org.apache.catalina.startup.HostConfig.deployWAR Deploying web application archive [/home/jeronimo/Documentos/udemy/integracao-continua-testes-jenkins/continuous-integration-with-test-using-jenkins/apache-tomcat-8.5.50/webapps/tasks.war]
02-Apr-2023 10:51:08.487 INFO [http-nio-8001-exec-35] org.apache.jasper.servlet.TldScanner.scanJars At least one JAR was scanned for TLDs yet contained no TLDs. Enable debug logging for this logger for a complete list of JARs that were scanned but no TLDs were found in them. Skipping unneeded JARs during scanning can improve startup time and JSP compilation time.
02-Apr-2023 10:51:08.501 INFO [http-nio-8001-exec-35] org.apache.catalina.startup.HostConfig.deployWAR Deployment of web application archive [/home/jeronimo/Documentos/udemy/integracao-continua-testes-jenkins/continuous-integration-with-test-using-jenkins/apache-tomcat-8.5.50/webapps/tasks.war] has finished in [6,105] ms
02-Apr-2023 10:51:22.295 INFO [http-nio-8001-exec-36] org.apache.catalina.startup.HostConfig.undeploy Undeploying context [/tasks]
02-Apr-2023 10:53:16.947 INFO [http-nio-8001-exec-42] org.apache.catalina.startup.HostConfig.deployWAR Deploying web application archive [/home/jeronimo/Documentos/udemy/integracao-continua-testes-jenkins/continuous-integration-with-test-using-jenkins/apache-tomcat-8.5.50/webapps/tasks.war]
02-Apr-2023 10:53:22.314 INFO [http-nio-8001-exec-42] org.apache.jasper.servlet.TldScanner.scanJars At least one JAR was scanned for TLDs yet contained no TLDs. Enable debug logging for this logger for a complete list of JARs that were scanned but no TLDs were found in them. Skipping unneeded JARs during scanning can improve startup time and JSP compilation time.
02-Apr-2023 10:53:22.328 INFO [http-nio-8001-exec-42] org.apache.catalina.startup.HostConfig.deployWAR Deployment of web application archive [/home/jeronimo/Documentos/udemy/integracao-continua-testes-jenkins/continuous-integration-with-test-using-jenkins/apache-tomcat-8.5.50/webapps/tasks.war] has finished in [5,380] ms
02-Apr-2023 10:53:47.027 INFO [http-nio-8001-exec-44] org.apache.catalina.startup.HostConfig.undeploy Undeploying context [/tasks]
02-Apr-2023 11:04:04.671 INFO [http-nio-8001-exec-55] org.apache.catalina.startup.HostConfig.deployWAR Deploying web application archive [/home/jeronimo/Documentos/udemy/integracao-continua-testes-jenkins/continuous-integration-with-test-using-jenkins/apache-tomcat-8.5.50/webapps/tasks.war]
02-Apr-2023 11:04:10.961 INFO [http-nio-8001-exec-55] org.apache.jasper.servlet.TldScanner.scanJars At least one JAR was scanned for TLDs yet contained no TLDs. Enable debug logging for this logger for a complete list of JARs that were scanned but no TLDs were found in them. Skipping unneeded JARs during scanning can improve startup time and JSP compilation time.
02-Apr-2023 11:04:10.977 INFO [http-nio-8001-exec-55] org.apache.catalina.startup.HostConfig.deployWAR Deployment of web application archive [/home/jeronimo/Documentos/udemy/integracao-continua-testes-jenkins/continuous-integration-with-test-using-jenkins/apache-tomcat-8.5.50/webapps/tasks.war] has finished in [6,309] ms
02-Apr-2023 11:24:21.973 INFO [http-nio-8001-exec-56] org.apache.catalina.startup.HostConfig.undeploy Undeploying context [/tasks]
02-Apr-2023 11:24:22.513 INFO [http-nio-8001-exec-56] org.apache.catalina.startup.HostConfig.deployWAR Deploying web application archive [/home/jeronimo/Documentos/udemy/integracao-continua-testes-jenkins/continuous-integration-with-test-using-jenkins/apache-tomcat-8.5.50/webapps/tasks.war]
02-Apr-2023 11:24:33.092 INFO [http-nio-8001-exec-56] org.apache.jasper.servlet.TldScanner.scanJars At least one JAR was scanned for TLDs yet contained no TLDs. Enable debug logging for this logger for a complete list of JARs that were scanned but no TLDs were found in them. Skipping unneeded JARs during scanning can improve startup time and JSP compilation time.
02-Apr-2023 11:24:33.111 INFO [http-nio-8001-exec-56] org.apache.catalina.startup.HostConfig.deployWAR Deployment of web application archive [/home/jeronimo/Documentos/udemy/integracao-continua-testes-jenkins/continuous-integration-with-test-using-jenkins/apache-tomcat-8.5.50/webapps/tasks.war] has finished in [10,597] ms
02-Apr-2023 11:25:23.148 INFO [http-nio-8001-exec-52] org.apache.catalina.startup.HostConfig.undeploy Undeploying context [/tasks]
02-Apr-2023 11:25:23.314 INFO [http-nio-8001-exec-59] org.apache.catalina.startup.HostConfig.deployWAR Deploying web application archive [/home/jeronimo/Documentos/udemy/integracao-continua-testes-jenkins/continuous-integration-with-test-using-jenkins/apache-tomcat-8.5.50/webapps/tasks.war]
02-Apr-2023 11:25:28.841 INFO [http-nio-8001-exec-59] org.apache.jasper.servlet.TldScanner.scanJars At least one JAR was scanned for TLDs yet contained no TLDs. Enable debug logging for this logger for a complete list of JARs that were scanned but no TLDs were found in them. Skipping unneeded JARs during scanning can improve startup time and JSP compilation time.
02-Apr-2023 11:25:28.850 INFO [http-nio-8001-exec-59] org.apache.catalina.startup.HostConfig.deployWAR Deployment of web application archive [/home/jeronimo/Documentos/udemy/integracao-continua-testes-jenkins/continuous-integration-with-test-using-jenkins/apache-tomcat-8.5.50/webapps/tasks.war] has finished in [5,536] ms
02-Apr-2023 12:25:43.091 INFO [http-nio-8001-exec-63] org.apache.catalina.startup.HostConfig.undeploy Undeploying context [/tasks]
02-Apr-2023 12:25:43.189 INFO [http-nio-8001-exec-68] org.apache.catalina.startup.HostConfig.deployWAR Deploying web application archive [/home/jeronimo/Documentos/udemy/integracao-continua-testes-jenkins/continuous-integration-with-test-using-jenkins/apache-tomcat-8.5.50/webapps/tasks.war]
02-Apr-2023 12:25:47.434 INFO [http-nio-8001-exec-68] org.apache.jasper.servlet.TldScanner.scanJars At least one JAR was scanned for TLDs yet contained no TLDs. Enable debug logging for this logger for a complete list of JARs that were scanned but no TLDs were found in them. Skipping unneeded JARs during scanning can improve startup time and JSP compilation time.
02-Apr-2023 12:25:47.440 INFO [219] org.apache.catalina.startup.HostConfig.deployWAR Deployment of web application archive [/home/jeronimo/Documentos/udemy/integracao-continua-testes-jenkins/continuous-integration-with-test-using-jenkins/apache-tomcat-8.5.50/webapps/tasks.war] has finished in [4,252] ms
02-Apr-2023 12:41:32.856 INFO [http-nio-8001-exec-71] org.apache.catalina.startup.HostConfig.undeploy Undeploying context [/tasks]
02-Apr-2023 12:41:32.948 INFO [http-nio-8001-exec-74] org.apache.catalina.startup.HostConfig.deployWAR Deploying web application archive [/home/jeronimo/Documentos/udemy/integracao-continua-testes-jenkins/continuous-integration-with-test-using-jenkins/apache-tomcat-8.5.50/webapps/tasks.war]
02-Apr-2023 12:41:37.038 INFO [http-nio-8001-exec-74] org.apache.jasper.servlet.TldScanner.scanJars At least one JAR was scanned for TLDs yet contained no TLDs. Enable debug logging for this logger for a complete list of JARs that were scanned but no TLDs were found in them. Skipping unneeded JARs during scanning can improve startup time and JSP compilation time.
02-Apr-2023 12:41:37.051 INFO [http-nio-8001-exec-74] org.apache.catalina.startup.HostConfig.deployWAR Deployment of web application archive [/home/jeronimo/Documentos/udemy/integracao-continua-testes-jenkins/continuous-integration-with-test-using-jenkins/apache-tomcat-8.5.50/webapps/tasks.war] has finished in [4,103] ms
02-Apr-2023 16:15:33.379 INFO [http-nio-8001-exec-85] org.apache.catalina.startup.HostConfig.undeploy Undeploying context [/tasks]
02-Apr-2023 16:15:33.479 INFO [http-nio-8001-exec-82] org.apache.catalina.startup.HostConfig.deployWAR Deploying web application archive [/home/jeronimo/Documentos/udemy/integracao-continua-testes-jenkins/continuous-integration-with-test-using-jenkins/apache-tomcat-8.5.50/webapps/tasks.war]
02-Apr-2023 16:15:37.940 INFO [http-nio-8001-exec-82] org.apache.jasper.servlet.TldScanner.scanJars At least one JAR was scanned for TLDs yet contained no TLDs. Enable debug logging for this logger for a complete list of JARs that were scanned but no TLDs were found in them. Skipping unneeded JARs during scanning can improve startup time and JSP compilation time.
02-Apr-2023 16:15:37.950 INFO [http-nio-8001-exec-82] org.apache.catalina.startup.HostConfig.deployWAR Deployment of web application archive [/home/jeronimo/Documentos/udemy/integracao-continua-testes-jenkins/continuous-integration-with-test-using-jenkins/apache-tomcat-8.5.50/webapps/tasks.war] has finished in [4,471] ms
02-Apr-2023 16:36:28.670 INFO [http-nio-8001-exec-93] org.apache.catalina.startup.HostConfig.undeploy Undeploying context [/tasks]
02-Apr-2023 16:42:33.272 INFO [http-nio-8001-exec-102] org.apache.catalina.startup.HostConfig.deployWAR Deploying web application archive [/home/jeronimo/Documentos/udemy/integracao-continua-testes-jenkins/continuous-integration-with-test-using-jenkins/apache-tomcat-8.5.50/webapps/tasks.war]
02-Apr-2023 16:42:37.595 INFO [http-nio-8001-exec-102] org.apache.jasper.servlet.TldScanner.scanJars At least one JAR was scanned for TLDs yet contained no TLDs. Enable debug logging for this logger for a complete list of JARs that were scanned but no TLDs were found in them. Skipping unneeded JARs during scanning can improve startup time and JSP compilation time.
02-Apr-2023 16:42:37.603 INFO [http-nio-8001-exec-102] org.apache.catalina.startup.HostConfig.deployWAR Deployment of web application archive [/home/jeronimo/Documentos/udemy/integracao-continua-testes-jenkins/continuous-integration-with-test-using-jenkins/apache-tomcat-8.5.50/webapps/tasks.war] has finished in [4,331] ms
02-Apr-2023 16:42:49.445 INFO [http-nio-8001-exec-103] org.apache.catalina.startup.HostConfig.undeploy Undeploying context [/tasks]
02-Apr-2023 17:09:43.679 INFO [http-nio-8001-exec-110] org.apache.catalina.startup.HostConfig.deployWAR Deploying web application archive [/home/jeronimo/Documentos/udemy/integracao-continua-testes-jenkins/continuous-integration-with-test-using-jenkins/apache-tomcat-8.5.50/webapps/tasks.war]
02-Apr-2023 17:09:47.310 INFO [http-nio-8001-exec-110] org.apache.jasper.servlet.TldScanner.scanJars At least one JAR was scanned for TLDs yet contained no TLDs. Enable debug logging for this logger for a complete list of JARs that were scanned but no TLDs were found in them. Skipping unneeded JARs during scanning can improve startup time and JSP compilation time.
02-Apr-2023 17:09:47.315 INFO [http-nio-8001-exec-110] org.apache.catalina.startup.HostConfig.deployWAR Deployment of web application archive [/home/jeronimo/Documentos/udemy/integracao-continua-testes-jenkins/continuous-integration-with-test-using-jenkins/apache-tomcat-8.5.50/webapps/tasks.war] has finished in [3,637] ms
02-Apr-2023 17:12:15.333 INFO [http-nio-8001-exec-111] org.apache.catalina.startup.HostConfig.undeploy Undeploying context [/tasks]
02-Apr-2023 17:12:15.412 INFO [http-nio-8001-exec-114] org.apache.catalina.startup.HostConfig.deployWAR Deploying web application archive [/home/jeronimo/Documentos/udemy/integracao-continua-testes-jenkins/continuous-integration-with-test-using-jenkins/apache-tomcat-8.5.50/webapps/tasks.war]
02-Apr-2023 17:12:18.240 INFO [http-nio-8001-exec-114] org.apache.jasper.servlet.TldScanner.scanJars At least one JAR was scanned for TLDs yet contained no TLDs. Enable debug logging for this logger for a complete list of JARs that were scanned but no TLDs were found in them. Skipping unneeded JARs during scanning can improve startup time and JSP compilation time.
02-Apr-2023 17:12:18.248 INFO [http-nio-8001-exec-114] org.apache.catalina.startup.HostConfig.deployWAR Deployment of web application archive [/home/jeronimo/Documentos/udemy/integracao-continua-testes-jenkins/continuous-integration-with-test-using-jenkins/apache-tomcat-8.5.50/webapps/tasks.war] has finished in [2,836] ms
02-Apr-2023 17:22:49.729 INFO [http-nio-8001-exec-121] org.apache.catalina.startup.HostConfig.undeploy Undeploying context [/tasks]
02-Apr-2023 17:22:52.280 WARNING [http-nio-8001-exec-123] org.apache.catalina.loader.WebappClassLoaderBase.clearReferencesJdbc The web application [tasks-backend] registered the JDBC driver [org.postgresql.Driver] but failed to unregister it when the web application was stopped. To prevent a memory leak, the JDBC Driver has been forcibly unregistered.
02-Apr-2023 17:22:52.801 INFO [http-nio-8001-exec-123] org.apache.catalina.startup.HostConfig.undeploy Undeploying context [/tasks-backend]
02-Apr-2023 17:25:58.781 INFO [http-nio-8001-exec-132] org.apache.catalina.startup.HostConfig.deployWAR Deploying web application archive [/home/jeronimo/Documentos/udemy/integracao-continua-testes-jenkins/continuous-integration-with-test-using-jenkins/apache-tomcat-8.5.50/webapps/tasks-backend.war]
02-Apr-2023 17:26:05.936 INFO [http-nio-8001-exec-132] org.apache.jasper.servlet.TldScanner.scanJars At least one JAR was scanned for TLDs yet contained no TLDs. Enable debug logging for this logger for a complete list of JARs that were scanned but no TLDs were found in them. Skipping unneeded JARs during scanning can improve startup time and JSP compilation time.
02-Apr-2023 17:26:05.945 INFO [http-nio-8001-exec-132] org.apache.catalina.startup.HostConfig.deployWAR Deployment of web application archive [/home/jeronimo/Documentos/udemy/integracao-continua-testes-jenkins/continuous-integration-with-test-using-jenkins/apache-tomcat-8.5.50/webapps/tasks-backend.war] has finished in [7,163] ms
02-Apr-2023 17:26:22.232 INFO [http-nio-8001-exec-134] org.apache.catalina.startup.HostConfig.deployWAR Deploying web application archive [/home/jeronimo/Documentos/udemy/integracao-continua-testes-jenkins/continuous-integration-with-test-using-jenkins/apache-tomcat-8.5.50/webapps/tasks.war]
02-Apr-2023 17:26:26.398 INFO [http-nio-8001-exec-134] org.apache.jasper.servlet.TldScanner.scanJars At least one JAR was scanned for TLDs yet contained no TLDs. Enable debug logging for this logger for a complete list of JARs that were scanned but no TLDs were found in them. Skipping unneeded JARs during scanning can improve startup time and JSP compilation time.
02-Apr-2023 17:26:26.404 INFO [http-nio-8001-exec-134] org.apache.catalina.startup.HostConfig.deployWAR Deployment of web application archive [/home/jeronimo/Documentos/udemy/integracao-continua-testes-jenkins/continuous-integration-with-test-using-jenkins/apache-tomcat-8.5.50/webapps/tasks.war] has finished in [4,172] ms
02-Apr-2023 17:26:45.193 WARNING [http-nio-8001-exec-135] org.apache.catalina.loader.WebappClassLoaderBase.clearReferencesJdbc The web application [tasks-backend] registered the JDBC driver [org.postgresql.Driver] but failed to unregister it when the web application was stopped. To prevent a memory leak, the JDBC Driver has been forcibly unregistered.
02-Apr-2023 17:26:45.720 INFO [http-nio-8001-exec-135] org.apache.catalina.startup.HostConfig.undeploy Undeploying context [/tasks-backend]
02-Apr-2023 17:27:04.729 INFO [http-nio-8001-exec-122] org.apache.catalina.startup.HostConfig.undeploy Undeploying context [/tasks]
02-Apr-2023 17:27:23.773 INFO [http-nio-8001-exec-126] org.apache.catalina.startup.HostConfig.deployWAR Deploying web application archive [/home/jeronimo/Documentos/udemy/integracao-continua-testes-jenkins/continuous-integration-with-test-using-jenkins/apache-tomcat-8.5.50/webapps/tasks-backend.war]
02-Apr-2023 17:27:31.606 INFO [http-nio-8001-exec-126] org.apache.jasper.servlet.TldScanner.scanJars At least one JAR was scanned for TLDs yet contained no TLDs. Enable debug logging for this logger for a complete list of JARs that were scanned but no TLDs were found in them. Skipping unneeded JARs during scanning can improve startup time and JSP compilation time.
02-Apr-2023 17:27:31.612 INFO [http-nio-8001-exec-126] org.apache.catalina.startup.HostConfig.deployWAR Deployment of web application archive [/home/jeronimo/Documentos/udemy/integracao-continua-testes-jenkins/continuous-integration-with-test-using-jenkins/apache-tomcat-8.5.50/webapps/tasks-backend.war] has finished in [7,840] ms
02-Apr-2023 17:27:47.148 INFO [http-nio-8001-exec-132] org.apache.catalina.startup.HostConfig.deployWAR Deploying web application archive [/home/jeronimo/Documentos/udemy/integracao-continua-testes-jenkins/continuous-integration-with-test-using-jenkins/apache-tomcat-8.5.50/webapps/tasks.war]
02-Apr-2023 17:27:50.853 INFO [http-nio-8001-exec-132] org.apache.jasper.servlet.TldScanner.scanJars At least one JAR was scanned for TLDs yet contained no TLDs. Enable debug logging for this logger for a complete list of JARs that were scanned but no TLDs were found in them. Skipping unneeded JARs during scanning can improve startup time and JSP compilation time.
02-Apr-2023 17:27:50.859 INFO [http-nio-8001-exec-132] org.apache.catalina.startup.HostConfig.deployWAR Deployment of web application archive [/home/jeronimo/Documentos/udemy/integracao-continua-testes-jenkins/continuous-integration-with-test-using-jenkins/apache-tomcat-8.5.50/webapps/tasks.war] has finished in [3,710] ms
02-Apr-2023 17:28:12.388 INFO [http-nio-8001-exec-142] org.apache.catalina.startup.HostConfig.undeploy Undeploying context [/tasks]
02-Apr-2023 17:28:25.118 WARNING [http-nio-8001-exec-143] org.apache.catalina.loader.WebappClassLoaderBase.clearReferencesJdbc The web application [tasks-backend] registered the JDBC driver [org.postgresql.Driver] but failed to unregister it when the web application was stopped. To prevent a memory leak, the JDBC Driver has been forcibly unregistered.
02-Apr-2023 17:28:25.634 INFO [http-nio-8001-exec-143] org.apache.catalina.startup.HostConfig.undeploy Undeploying context [/tasks-backend]
02-Apr-2023 17:28:39.942 INFO [http-nio-8001-exec-148] org.apache.catalina.startup.HostConfig.deployWAR Deploying web application archive [/home/jeronimo/Documentos/udemy/integracao-continua-testes-jenkins/continuous-integration-with-test-using-jenkins/apache-tomcat-8.5.50/webapps/tasks-backend.war]
02-Apr-2023 17:28:45.949 INFO [http-nio-8001-exec-148] org.apache.jasper.servlet.TldScanner.scanJars At least one JAR was scanned for TLDs yet contained no TLDs. Enable debug logging for this logger for a complete list of JARs that were scanned but no TLDs were found in them. Skipping unneeded JARs during scanning can improve startup time and JSP compilation time.
02-Apr-2023 17:28:45.955 INFO [http-nio-8001-exec-148] org.apache.catalina.startup.HostConfig.deployWAR Deployment of web application archive [/home/jeronimo/Documentos/udemy/integracao-continua-testes-jenkins/continuous-integration-with-test-using-jenkins/apache-tomcat-8.5.50/webapps/tasks-backend.war] has finished in [6,013] ms
02-Apr-2023 17:28:59.535 INFO [http-nio-8001-exec-139] org.apache.catalina.startup.HostConfig.deployWAR Deploying web application archive [/home/jeronimo/Documentos/udemy/integracao-continua-testes-jenkins/continuous-integration-with-test-using-jenkins/apache-tomcat-8.5.50/webapps/tasks.war]
02-Apr-2023 17:29:02.682 INFO [http-nio-8001-exec-139] org.apache.jasper.servlet.TldScanner.scanJars At least one JAR was scanned for TLDs yet contained no TLDs. Enable debug logging for this logger for a complete list of JARs that were scanned but no TLDs were found in them. Skipping unneeded JARs during scanning can improve startup time and JSP compilation time.
02-Apr-2023 17:29:02.688 INFO [http-nio-8001-exec-139] org.apache.catalina.startup.HostConfig.deployWAR Deployment of web application archive [/home/jeronimo/Documentos/udemy/integracao-continua-testes-jenkins/continuous-integration-with-test-using-jenkins/apache-tomcat-8.5.50/webapps/tasks.war] has finished in [3,153] ms
02-Apr-2023 17:29:14.496 WARNING [http-nio-8001-exec-144] org.apache.catalina.loader.WebappClassLoaderBase.clearReferencesJdbc The web application [tasks-backend] registered the JDBC driver [org.postgresql.Driver] but failed to unregister it when the web application was stopped. To prevent a memory leak, the JDBC Driver has been forcibly unregistered.
02-Apr-2023 17:29:15.020 INFO [http-nio-8001-exec-144] org.apache.catalina.startup.HostConfig.undeploy Undeploying context [/tasks-backend]
02-Apr-2023 17:29:33.153 INFO [http-nio-8001-exec-153] org.apache.catalina.startup.HostConfig.deployWAR Deploying web application archive [/home/jeronimo/Documentos/udemy/integracao-continua-testes-jenkins/continuous-integration-with-test-using-jenkins/apache-tomcat-8.5.50/webapps/tasks-backend.war]
02-Apr-2023 17:29:38.968 INFO [http-nio-8001-exec-153] org.apache.jasper.servlet.TldScanner.scanJars At least one JAR was scanned for TLDs yet contained no TLDs. Enable debug logging for this logger for a complete list of JARs that were scanned but no TLDs were found in them. Skipping unneeded JARs during scanning can improve startup time and JSP compilation time.
02-Apr-2023 17:29:38.975 INFO [http-nio-8001-exec-153] org.apache.catalina.startup.HostConfig.deployWAR Deployment of web application archive [/home/jeronimo/Documentos/udemy/integracao-continua-testes-jenkins/continuous-integration-with-test-using-jenkins/apache-tomcat-8.5.50/webapps/tasks-backend.war] has finished in [5,822] ms
02-Apr-2023 17:29:51.364 WARNING [http-nio-8001-exec-154] org.apache.catalina.loader.WebappClassLoaderBase.clearReferencesJdbc The web application [tasks-backend] registered the JDBC driver [org.postgresql.Driver] but failed to unregister it when the web application was stopped. To prevent a memory leak, the JDBC Driver has been forcibly unregistered.
02-Apr-2023 17:29:51.899 INFO [http-nio-8001-exec-154] org.apache.catalina.startup.HostConfig.undeploy Undeploying context [/tasks-backend]
02-Apr-2023 17:29:56.514 INFO [http-nio-8001-exec-160] org.apache.catalina.startup.HostConfig.undeploy Undeploying context [/tasks]
02-Apr-2023 17:29:56.609 INFO [http-nio-8001-exec-157] org.apache.catalina.startup.HostConfig.deployWAR Deploying web application archive [/home/jeronimo/Documentos/udemy/integracao-continua-testes-jenkins/continuous-integration-with-test-using-jenkins/apache-tomcat-8.5.50/webapps/tasks.war]
02-Apr-2023 17:29:59.876 INFO [http-nio-8001-exec-157] org.apache.jasper.servlet.TldScanner.scanJars At least one JAR was scanned for TLDs yet contained no TLDs. Enable debug logging for this logger for a complete list of JARs that were scanned but no TLDs were found in them. Skipping unneeded JARs during scanning can improve startup time and JSP compilation time.
02-Apr-2023 17:29:59.883 INFO [http-nio-8001-exec-157] org.apache.catalina.startup.HostConfig.deployWAR Deployment of web application archive [/home/jeronimo/Documentos/udemy/integracao-continua-testes-jenkins/continuous-integration-with-test-using-jenkins/apache-tomcat-8.5.50/webapps/tasks.war] has finished in [3,274] ms
02-Apr-2023 17:30:43.372 INFO [http-nio-8001-exec-164] org.apache.catalina.startup.HostConfig.deployWAR Deploying web application archive [/home/jeronimo/Documentos/udemy/integracao-continua-testes-jenkins/continuous-integration-with-test-using-jenkins/apache-tomcat-8.5.50/webapps/tasks-backend.war]
02-Apr-2023 17:30:49.169 INFO [http-nio-8001-exec-164] org.apache.jasper.servlet.TldScanner.scanJars At least one JAR was scanned for TLDs yet contained no TLDs. Enable debug logging for this logger for a complete list of JARs that were scanned but no TLDs were found in them. Skipping unneeded JARs during scanning can improve startup time and JSP compilation time.
02-Apr-2023 17:30:49.175 INFO [http-nio-8001-exec-164] org.apache.catalina.startup.HostConfig.deployWAR Deployment of web application archive [/home/jeronimo/Documentos/udemy/integracao-continua-testes-jenkins/continuous-integration-with-test-using-jenkins/apache-tomcat-8.5.50/webapps/tasks-backend.war] has finished in [5,803] ms
02-Apr-2023 17:31:04.909 INFO [http-nio-8001-exec-168] org.apache.catalina.startup.HostConfig.undeploy Undeploying context [/tasks]
02-Apr-2023 17:31:04.995 INFO [http-nio-8001-exec-166] org.apache.catalina.startup.HostConfig.deployWAR Deploying web application archive [/home/jeronimo/Documentos/udemy/integracao-continua-testes-jenkins/continuous-integration-with-test-using-jenkins/apache-tomcat-8.5.50/webapps/tasks.war]
02-Apr-2023 17:31:08.220 INFO [http-nio-8001-exec-166] org.apache.jasper.servlet.TldScanner.scanJars At least one JAR was scanned for TLDs yet contained no TLDs. Enable debug logging for this logger for a complete list of JARs that were scanned but no TLDs were found in them. Skipping unneeded JARs during scanning can improve startup time and JSP compilation time.
02-Apr-2023 17:31:08.227 INFO [http-nio-8001-exec-166] org.apache.catalina.startup.HostConfig.deployWAR Deployment of web application archive [/home/jeronimo/Documentos/udemy/integracao-continua-testes-jenkins/continuous-integration-with-test-using-jenkins/apache-tomcat-8.5.50/webapps/tasks.war] has finished in [3,232] ms
02-Apr-2023 21:30:20.831 WARNING [http-nio-8001-exec-176] org.apache.catalina.loader.WebappClassLoaderBase.clearReferencesJdbc The web application [tasks-backend] registered the JDBC driver [org.postgresql.Driver] but failed to unregister it when the web application was stopped. To prevent a memory leak, the JDBC Driver has been forcibly unregistered.
02-Apr-2023 21:30:21.456 INFO [http-nio-8001-exec-176] org.apache.catalina.startup.HostConfig.undeploy Undeploying context [/tasks-backend]
02-Apr-2023 21:30:22.632 INFO [http-nio-8001-exec-178] org.apache.catalina.startup.HostConfig.deployWAR Deploying web application archive [/home/jeronimo/Documentos/udemy/integracao-continua-testes-jenkins/continuous-integration-with-test-using-jenkins/apache-tomcat-8.5.50/webapps/tasks-backend.war]
02-Apr-2023 21:30:37.501 INFO [http-nio-8001-exec-178] org.apache.jasper.servlet.TldScanner.scanJars At least one JAR was scanned for TLDs yet contained no TLDs. Enable debug logging for this logger for a complete list of JARs that were scanned but no TLDs were found in them. Skipping unneeded JARs during scanning can improve startup time and JSP compilation time.
02-Apr-2023 21:30:37.512 INFO [http-nio-8001-exec-178] org.apache.catalina.startup.HostConfig.deployWAR Deployment of web application archive [/home/jeronimo/Documentos/udemy/integracao-continua-testes-jenkins/continuous-integration-with-test-using-jenkins/apache-tomcat-8.5.50/webapps/tasks-backend.war] has finished in [14,880] ms
02-Apr-2023 21:42:40.046 WARNING [http-nio-8001-exec-186] org.apache.catalina.loader.WebappClassLoaderBase.clearReferencesJdbc The web application [tasks-backend] registered the JDBC driver [org.postgresql.Driver] but failed to unregister it when the web application was stopped. To prevent a memory leak, the JDBC Driver has been forcibly unregistered.
02-Apr-2023 21:42:40.747 INFO [http-nio-8001-exec-186] org.apache.catalina.startup.HostConfig.undeploy Undeploying context [/tasks-backend]
02-Apr-2023 21:42:42.036 INFO [http-nio-8001-exec-192] org.apache.catalina.startup.HostConfig.deployWAR Deploying web application archive [/home/jeronimo/Documentos/udemy/integracao-continua-testes-jenkins/continuous-integration-with-test-using-jenkins/apache-tomcat-8.5.50/webapps/tasks-backend.war]
02-Apr-2023 21:43:01.845 INFO [http-nio-8001-exec-192] org.apache.jasper.servlet.TldScanner.scanJars At least one JAR was scanned for TLDs yet contained no TLDs. Enable debug logging for this logger for a complete list of JARs that were scanned but no TLDs were found in them. Skipping unneeded JARs during scanning can improve startup time and JSP compilation time.
02-Apr-2023 21:43:01.859 INFO [http-nio-8001-exec-192] org.apache.catalina.startup.HostConfig.deployWAR Deployment of web application archive [/home/jeronimo/Documentos/udemy/integracao-continua-testes-jenkins/continuous-integration-with-test-using-jenkins/apache-tomcat-8.5.50/webapps/tasks-backend.war] has finished in [19,824] ms
02-Apr-2023 22:10:23.882 WARNING [http-nio-8001-exec-196] org.apache.catalina.loader.WebappClassLoaderBase.clearReferencesJdbc The web application [tasks-backend] registered the JDBC driver [org.postgresql.Driver] but failed to unregister it when the web application was stopped. To prevent a memory leak, the JDBC Driver has been forcibly unregistered.
02-Apr-2023 22:10:24.430 INFO [http-nio-8001-exec-196] org.apache.catalina.startup.HostConfig.undeploy Undeploying context [/tasks-backend]
02-Apr-2023 22:10:25.148 INFO [http-nio-8001-exec-201] org.apache.catalina.startup.HostConfig.deployWAR Deploying web application archive [/home/jeronimo/Documentos/udemy/integracao-continua-testes-jenkins/continuous-integration-with-test-using-jenkins/apache-tomcat-8.5.50/webapps/tasks-backend.war]
02-Apr-2023 22:10:35.360 INFO [http-nio-8001-exec-201] org.apache.jasper.servlet.TldScanner.scanJars At least one JAR was scanned for TLDs yet contained no TLDs. Enable debug logging for this logger for a complete list of JARs that were scanned but no TLDs were found in them. Skipping unneeded JARs during scanning can improve startup time and JSP compilation time.
02-Apr-2023 22:10:35.371 INFO [http-nio-8001-exec-201] org.apache.catalina.startup.HostConfig.deployWAR Deployment of web application archive [/home/jeronimo/Documentos/udemy/integracao-continua-testes-jenkins/continuous-integration-with-test-using-jenkins/apache-tomcat-8.5.50/webapps/tasks-backend.war] has finished in [10,222] ms
