05-Apr-2023 15:58:22.997 INFO [http-nio-8001-exec-313] org.apache.catalina.core.ApplicationContext.log Initializing Spring DispatcherServlet 'dispatcherServlet'
05-Apr-2023 17:42:28.308 INFO [http-nio-8001-exec-317] org.apache.catalina.core.ApplicationContext.log Destroying Spring FrameworkServlet 'dispatcherServlet'
05-Apr-2023 17:42:28.309 INFO [http-nio-8001-exec-317] org.apache.catalina.core.ApplicationContext.log Closing Spring root WebApplicationContext
05-Apr-2023 17:42:30.879 INFO [http-nio-8001-exec-318] org.apache.catalina.core.ApplicationContext.log 2 Spring WebApplicationInitializers detected on classpath
05-Apr-2023 17:42:32.604 INFO [http-nio-8001-exec-318] org.apache.catalina.core.ApplicationContext.log Initializing Spring embedded WebApplicationContext
05-Apr-2023 17:42:51.459 INFO [http-nio-8001-exec-319] org.apache.catalina.core.ApplicationContext.log Initializing Spring DispatcherServlet 'dispatcherServlet'
05-Apr-2023 17:43:06.450 INFO [http-nio-8001-exec-323] org.apache.catalina.core.ApplicationContext.log Destroying Spring FrameworkServlet 'dispatcherServlet'
05-Apr-2023 17:43:06.452 INFO [http-nio-8001-exec-323] org.apache.catalina.core.ApplicationContext.log Closing Spring root WebApplicationContext
05-Apr-2023 17:43:06.456 INFO [http-nio-8001-exec-323] org.apache.catalina.core.ApplicationContext.log Closing Spring root WebApplicationContext
05-Apr-2023 17:43:07.896 INFO [http-nio-8001-exec-316] org.apache.catalina.core.ApplicationContext.log 3 Spring WebApplicationInitializers detected on classpath
05-Apr-2023 17:43:09.067 INFO [http-nio-8001-exec-316] org.apache.catalina.core.ApplicationContext.log Initializing Spring embedded WebApplicationContext
05-Apr-2023 17:43:09.993 INFO [http-nio-8001-exec-316] org.apache.catalina.core.ApplicationContext.log Initializing Spring embedded WebApplicationContext
05-Apr-2023 17:43:26.517 INFO [http-nio-8001-exec-328] org.apache.catalina.core.ApplicationContext.log Initializing Spring DispatcherServlet 'dispatcherServlet'
05-Apr-2023 17:44:19.295 INFO [http-nio-8001-exec-334] org.apache.catalina.core.ApplicationContext.log Destroying Spring FrameworkServlet 'dispatcherServlet'
05-Apr-2023 17:44:19.296 INFO [http-nio-8001-exec-334] org.apache.catalina.core.ApplicationContext.log Closing Spring root WebApplicationContext
05-Apr-2023 17:44:21.681 INFO [http-nio-8001-exec-330] org.apache.catalina.core.ApplicationContext.log 2 Spring WebApplicationInitializers detected on classpath
05-Apr-2023 17:44:23.408 INFO [http-nio-8001-exec-330] org.apache.catalina.core.ApplicationContext.log Initializing Spring embedded WebApplicationContext
05-Apr-2023 17:44:40.510 INFO [http-nio-8001-exec-333] org.apache.catalina.core.ApplicationContext.log Initializing Spring DispatcherServlet 'dispatcherServlet'
05-Apr-2023 17:44:56.344 INFO [http-nio-8001-exec-335] org.apache.catalina.core.ApplicationContext.log Destroying Spring FrameworkServlet 'dispatcherServlet'
05-Apr-2023 17:44:56.346 INFO [http-nio-8001-exec-335] org.apache.catalina.core.ApplicationContext.log Closing Spring root WebApplicationContext
05-Apr-2023 17:44:56.349 INFO [http-nio-8001-exec-335] org.apache.catalina.core.ApplicationContext.log Closing Spring root WebApplicationContext
05-Apr-2023 17:44:57.794 INFO [http-nio-8001-exec-336] org.apache.catalina.core.ApplicationContext.log 3 Spring WebApplicationInitializers detected on classpath
05-Apr-2023 17:44:59.011 INFO [http-nio-8001-exec-336] org.apache.catalina.core.ApplicationContext.log Initializing Spring embedded WebApplicationContext
05-Apr-2023 17:44:59.957 INFO [http-nio-8001-exec-336] org.apache.catalina.core.ApplicationContext.log Initializing Spring embedded WebApplicationContext
05-Apr-2023 17:45:16.547 INFO [http-nio-8001-exec-339] org.apache.catalina.core.ApplicationContext.log Initializing Spring DispatcherServlet 'dispatcherServlet'
