02-Apr-2023 09:55:59.755 INFO [localhost-startStop-2] org.apache.catalina.core.ApplicationContext.log Destroying Spring FrameworkServlet 'dispatcherServlet'
02-Apr-2023 09:55:59.767 INFO [localhost-startStop-2] org.apache.catalina.core.ApplicationContext.log Closing Spring root WebApplicationContext
02-Apr-2023 09:55:59.831 INFO [localhost-startStop-2] org.apache.catalina.core.ApplicationContext.log SessionListener: contextDestroyed()
02-Apr-2023 09:55:59.831 INFO [localhost-startStop-2] org.apache.catalina.core.ApplicationContext.log ContextListener: contextDestroyed()
02-Apr-2023 09:55:59.843 INFO [localhost-startStop-2] org.apache.catalina.core.ApplicationContext.log Destroying Spring FrameworkServlet 'dispatcherServlet'
02-Apr-2023 09:55:59.844 INFO [localhost-startStop-2] org.apache.catalina.core.ApplicationContext.log Closing Spring root WebApplicationContext
02-Apr-2023 09:55:59.853 INFO [localhost-startStop-2] org.apache.catalina.core.ApplicationContext.log Closing Spring root WebApplicationContext
02-Apr-2023 09:59:52.987 INFO [localhost-startStop-1] org.apache.catalina.core.ApplicationContext.log 3 Spring WebApplicationInitializers detected on classpath
02-Apr-2023 09:59:57.234 INFO [localhost-startStop-1] org.apache.catalina.core.ApplicationContext.log Initializing Spring embedded WebApplicationContext
02-Apr-2023 09:59:59.069 INFO [localhost-startStop-1] org.apache.catalina.core.ApplicationContext.log Initializing Spring embedded WebApplicationContext
02-Apr-2023 10:00:02.007 INFO [localhost-startStop-1] org.apache.catalina.core.ApplicationContext.log 2 Spring WebApplicationInitializers detected on classpath
02-Apr-2023 10:00:05.279 INFO [localhost-startStop-1] org.apache.catalina.core.ApplicationContext.log Initializing Spring embedded WebApplicationContext
02-Apr-2023 10:00:10.692 INFO [localhost-startStop-1] org.apache.catalina.core.ApplicationContext.log ContextListener: contextInitialized()
02-Apr-2023 10:00:10.692 INFO [localhost-startStop-1] org.apache.catalina.core.ApplicationContext.log SessionListener: contextInitialized()
02-Apr-2023 10:00:10.693 INFO [localhost-startStop-1] org.apache.catalina.core.ApplicationContext.log ContextListener: attributeAdded('StockTicker', 'async.Stockticker@302eff6c')
02-Apr-2023 10:00:11.103 INFO [http-nio-8001-exec-1] org.apache.catalina.core.ApplicationContext.log Initializing Spring DispatcherServlet 'dispatcherServlet'
02-Apr-2023 10:00:18.186 INFO [http-nio-8001-exec-4] org.apache.catalina.core.ApplicationContext.log Destroying Spring FrameworkServlet 'dispatcherServlet'
02-Apr-2023 10:00:18.194 INFO [http-nio-8001-exec-4] org.apache.catalina.core.ApplicationContext.log Closing Spring root WebApplicationContext
02-Apr-2023 10:02:15.494 INFO [http-nio-8001-exec-12] org.apache.catalina.core.ApplicationContext.log 2 Spring WebApplicationInitializers detected on classpath
02-Apr-2023 10:02:19.999 INFO [http-nio-8001-exec-12] org.apache.catalina.core.ApplicationContext.log Initializing Spring embedded WebApplicationContext
02-Apr-2023 10:02:55.535 INFO [http-nio-8001-exec-14] org.apache.catalina.core.ApplicationContext.log Closing Spring root WebApplicationContext
02-Apr-2023 10:03:32.785 INFO [http-nio-8001-exec-8] org.apache.catalina.core.ApplicationContext.log Initializing Spring DispatcherServlet 'dispatcherServlet'
02-Apr-2023 10:08:22.663 INFO [localhost-startStop-2] org.apache.catalina.core.ApplicationContext.log SessionListener: contextDestroyed()
02-Apr-2023 10:08:22.663 INFO [localhost-startStop-2] org.apache.catalina.core.ApplicationContext.log ContextListener: contextDestroyed()
02-Apr-2023 10:08:22.673 INFO [localhost-startStop-2] org.apache.catalina.core.ApplicationContext.log Destroying Spring FrameworkServlet 'dispatcherServlet'
02-Apr-2023 10:08:22.674 INFO [localhost-startStop-2] org.apache.catalina.core.ApplicationContext.log Closing Spring root WebApplicationContext
02-Apr-2023 10:08:22.681 INFO [localhost-startStop-2] org.apache.catalina.core.ApplicationContext.log Closing Spring root WebApplicationContext
02-Apr-2023 10:08:45.901 INFO [localhost-startStop-1] org.apache.catalina.core.ApplicationContext.log 3 Spring WebApplicationInitializers detected on classpath
02-Apr-2023 10:08:48.787 INFO [localhost-startStop-1] org.apache.catalina.core.ApplicationContext.log Initializing Spring embedded WebApplicationContext
02-Apr-2023 10:08:50.267 INFO [localhost-startStop-1] org.apache.catalina.core.ApplicationContext.log Initializing Spring embedded WebApplicationContext
02-Apr-2023 10:08:50.690 INFO [localhost-startStop-1] org.apache.catalina.core.ApplicationContext.log ContextListener: contextInitialized()
02-Apr-2023 10:08:50.691 INFO [localhost-startStop-1] org.apache.catalina.core.ApplicationContext.log SessionListener: contextInitialized()
02-Apr-2023 10:08:50.692 INFO [localhost-startStop-1] org.apache.catalina.core.ApplicationContext.log ContextListener: attributeAdded('StockTicker', 'async.Stockticker@4d823a80')
02-Apr-2023 10:09:08.115 INFO [http-nio-8001-exec-2] org.apache.catalina.core.ApplicationContext.log Closing Spring root WebApplicationContext
02-Apr-2023 10:09:08.132 INFO [http-nio-8001-exec-2] org.apache.catalina.core.ApplicationContext.log Closing Spring root WebApplicationContext
02-Apr-2023 10:10:16.381 INFO [http-nio-8001-exec-12] org.apache.catalina.core.ApplicationContext.log 2 Spring WebApplicationInitializers detected on classpath
02-Apr-2023 10:10:21.250 INFO [http-nio-8001-exec-12] org.apache.catalina.core.ApplicationContext.log Initializing Spring embedded WebApplicationContext
02-Apr-2023 10:11:10.743 INFO [http-nio-8001-exec-14] org.apache.catalina.core.ApplicationContext.log Initializing Spring DispatcherServlet 'dispatcherServlet'
02-Apr-2023 10:24:10.171 INFO [http-nio-8001-exec-15] org.apache.catalina.core.ApplicationContext.log 3 Spring WebApplicationInitializers detected on classpath
02-Apr-2023 10:24:13.186 INFO [http-nio-8001-exec-15] org.apache.catalina.core.ApplicationContext.log Initializing Spring embedded WebApplicationContext
02-Apr-2023 10:24:15.241 INFO [http-nio-8001-exec-15] org.apache.catalina.core.ApplicationContext.log Initializing Spring embedded WebApplicationContext
02-Apr-2023 10:24:31.710 INFO [http-nio-8001-exec-14] org.apache.catalina.core.ApplicationContext.log Initializing Spring DispatcherServlet 'dispatcherServlet'
02-Apr-2023 10:32:02.681 INFO [http-nio-8001-exec-18] org.apache.catalina.core.ApplicationContext.log Destroying Spring FrameworkServlet 'dispatcherServlet'
02-Apr-2023 10:32:02.683 INFO [http-nio-8001-exec-18] org.apache.catalina.core.ApplicationContext.log Closing Spring root WebApplicationContext
02-Apr-2023 10:32:02.692 INFO [http-nio-8001-exec-18] org.apache.catalina.core.ApplicationContext.log Closing Spring root WebApplicationContext
02-Apr-2023 10:35:43.789 INFO [http-nio-8001-exec-21] org.apache.catalina.core.ApplicationContext.log 3 Spring WebApplicationInitializers detected on classpath
02-Apr-2023 10:35:45.854 INFO [http-nio-8001-exec-21] org.apache.catalina.core.ApplicationContext.log Initializing Spring embedded WebApplicationContext
02-Apr-2023 10:35:47.453 INFO [http-nio-8001-exec-21] org.apache.catalina.core.ApplicationContext.log Initializing Spring embedded WebApplicationContext
02-Apr-2023 10:35:57.562 INFO [http-nio-8001-exec-22] org.apache.catalina.core.ApplicationContext.log Initializing Spring DispatcherServlet 'dispatcherServlet'
02-Apr-2023 10:42:31.072 INFO [http-nio-8001-exec-22] org.apache.catalina.core.ApplicationContext.log Destroying Spring FrameworkServlet 'dispatcherServlet'
02-Apr-2023 10:42:31.076 INFO [http-nio-8001-exec-22] org.apache.catalina.core.ApplicationContext.log Closing Spring root WebApplicationContext
02-Apr-2023 10:42:31.088 INFO [http-nio-8001-exec-22] org.apache.catalina.core.ApplicationContext.log Closing Spring root WebApplicationContext
02-Apr-2023 10:51:03.532 INFO [http-nio-8001-exec-35] org.apache.catalina.core.ApplicationContext.log 3 Spring WebApplicationInitializers detected on classpath
02-Apr-2023 10:51:05.981 INFO [http-nio-8001-exec-35] org.apache.catalina.core.ApplicationContext.log Initializing Spring embedded WebApplicationContext
02-Apr-2023 10:51:08.308 INFO [http-nio-8001-exec-35] org.apache.catalina.core.ApplicationContext.log Initializing Spring embedded WebApplicationContext
02-Apr-2023 10:51:21.743 INFO [http-nio-8001-exec-36] org.apache.catalina.core.ApplicationContext.log Closing Spring root WebApplicationContext
02-Apr-2023 10:51:21.749 INFO [http-nio-8001-exec-36] org.apache.catalina.core.ApplicationContext.log Closing Spring root WebApplicationContext
02-Apr-2023 10:53:18.075 INFO [http-nio-8001-exec-42] org.apache.catalina.core.ApplicationContext.log 3 Spring WebApplicationInitializers detected on classpath
02-Apr-2023 10:53:20.138 INFO [http-nio-8001-exec-42] org.apache.catalina.core.ApplicationContext.log Initializing Spring embedded WebApplicationContext
02-Apr-2023 10:53:22.181 INFO [http-nio-8001-exec-42] org.apache.catalina.core.ApplicationContext.log Initializing Spring embedded WebApplicationContext
02-Apr-2023 10:53:46.452 INFO [http-nio-8001-exec-44] org.apache.catalina.core.ApplicationContext.log Closing Spring root WebApplicationContext
02-Apr-2023 10:53:46.468 INFO [http-nio-8001-exec-44] org.apache.catalina.core.ApplicationContext.log Closing Spring root WebApplicationContext
02-Apr-2023 11:04:05.881 INFO [http-nio-8001-exec-55] org.apache.catalina.core.ApplicationContext.log 3 Spring WebApplicationInitializers detected on classpath
02-Apr-2023 11:04:08.895 INFO [http-nio-8001-exec-55] org.apache.catalina.core.ApplicationContext.log Initializing Spring embedded WebApplicationContext
02-Apr-2023 11:04:10.816 INFO [http-nio-8001-exec-55] org.apache.catalina.core.ApplicationContext.log Initializing Spring embedded WebApplicationContext
02-Apr-2023 11:04:20.869 INFO [http-nio-8001-exec-57] org.apache.catalina.core.ApplicationContext.log Initializing Spring DispatcherServlet 'dispatcherServlet'
02-Apr-2023 11:24:21.256 INFO [http-nio-8001-exec-56] org.apache.catalina.core.ApplicationContext.log Destroying Spring FrameworkServlet 'dispatcherServlet'
02-Apr-2023 11:24:21.258 INFO [http-nio-8001-exec-56] org.apache.catalina.core.ApplicationContext.log Closing Spring root WebApplicationContext
02-Apr-2023 11:24:21.290 INFO [http-nio-8001-exec-56] org.apache.catalina.core.ApplicationContext.log Closing Spring root WebApplicationContext
02-Apr-2023 11:24:24.629 INFO [http-nio-8001-exec-56] org.apache.catalina.core.ApplicationContext.log 3 Spring WebApplicationInitializers detected on classpath
02-Apr-2023 11:24:28.682 INFO [http-nio-8001-exec-56] org.apache.catalina.core.ApplicationContext.log Initializing Spring embedded WebApplicationContext
02-Apr-2023 11:24:32.691 INFO [http-nio-8001-exec-56] org.apache.catalina.core.ApplicationContext.log Initializing Spring embedded WebApplicationContext
02-Apr-2023 11:25:22.583 INFO [http-nio-8001-exec-52] org.apache.catalina.core.ApplicationContext.log Closing Spring root WebApplicationContext
02-Apr-2023 11:25:22.589 INFO [http-nio-8001-exec-52] org.apache.catalina.core.ApplicationContext.log Closing Spring root WebApplicationContext
02-Apr-2023 11:25:24.484 INFO [http-nio-8001-exec-59] org.apache.catalina.core.ApplicationContext.log 3 Spring WebApplicationInitializers detected on classpath
02-Apr-2023 11:25:26.414 INFO [http-nio-8001-exec-59] org.apache.catalina.core.ApplicationContext.log Initializing Spring embedded WebApplicationContext
02-Apr-2023 11:25:28.730 INFO [http-nio-8001-exec-59] org.apache.catalina.core.ApplicationContext.log Initializing Spring embedded WebApplicationContext
02-Apr-2023 11:55:16.560 INFO [http-nio-8001-exec-61] org.apache.catalina.core.ApplicationContext.log Initializing Spring DispatcherServlet 'dispatcherServlet'
02-Apr-2023 12:25:42.544 INFO [http-nio-8001-exec-63] org.apache.catalina.core.ApplicationContext.log Destroying Spring FrameworkServlet 'dispatcherServlet'
02-Apr-2023 12:25:42.546 INFO [http-nio-8001-exec-63] org.apache.catalina.core.ApplicationContext.log Closing Spring root WebApplicationContext
02-Apr-2023 12:25:42.554 INFO [http-nio-8001-exec-63] org.apache.catalina.core.ApplicationContext.log Closing Spring root WebApplicationContext
02-Apr-2023 12:25:44.076 INFO [http-nio-8001-exec-68] org.apache.catalina.core.ApplicationContext.log 3 Spring WebApplicationInitializers detected on classpath
02-Apr-2023 12:25:45.974 INFO [http-nio-8001-exec-68] org.apache.catalina.core.ApplicationContext.log Initializing Spring embedded WebApplicationContext
02-Apr-2023 12:25:47.352 INFO [http-nio-8001-exec-68] org.apache.catalina.core.ApplicationContext.log Initializing Spring embedded WebApplicationContext
02-Apr-2023 12:25:57.350 INFO [http-nio-8001-exec-64] org.apache.catalina.core.ApplicationContext.log Initializing Spring DispatcherServlet 'dispatcherServlet'
02-Apr-2023 12:41:32.320 INFO [http-nio-8001-exec-71] org.apache.catalina.core.ApplicationContext.log Destroying Spring FrameworkServlet 'dispatcherServlet'
02-Apr-2023 12:41:32.322 INFO [http-nio-8001-exec-71] org.apache.catalina.core.ApplicationContext.log Closing Spring root WebApplicationContext
02-Apr-2023 12:41:32.326 INFO [http-nio-8001-exec-71] org.apache.catalina.core.ApplicationContext.log Closing Spring root WebApplicationContext
02-Apr-2023 12:41:33.823 INFO [http-nio-8001-exec-74] org.apache.catalina.core.ApplicationContext.log 3 Spring WebApplicationInitializers detected on classpath
02-Apr-2023 12:41:35.525 INFO [http-nio-8001-exec-74] org.apache.catalina.core.ApplicationContext.log Initializing Spring embedded WebApplicationContext
02-Apr-2023 12:41:36.916 INFO [http-nio-8001-exec-74] org.apache.catalina.core.ApplicationContext.log Initializing Spring embedded WebApplicationContext
02-Apr-2023 12:42:00.729 INFO [http-nio-8001-exec-76] org.apache.catalina.core.ApplicationContext.log Initializing Spring DispatcherServlet 'dispatcherServlet'
02-Apr-2023 16:15:32.843 INFO [http-nio-8001-exec-85] org.apache.catalina.core.ApplicationContext.log Destroying Spring FrameworkServlet 'dispatcherServlet'
02-Apr-2023 16:15:32.845 INFO [http-nio-8001-exec-85] org.apache.catalina.core.ApplicationContext.log Closing Spring root WebApplicationContext
02-Apr-2023 16:15:32.850 INFO [http-nio-8001-exec-85] org.apache.catalina.core.ApplicationContext.log Closing Spring root WebApplicationContext
02-Apr-2023 16:15:34.343 INFO [http-nio-8001-exec-82] org.apache.catalina.core.ApplicationContext.log 3 Spring WebApplicationInitializers detected on classpath
02-Apr-2023 16:15:36.164 INFO [http-nio-8001-exec-82] org.apache.catalina.core.ApplicationContext.log Initializing Spring embedded WebApplicationContext
02-Apr-2023 16:15:37.790 INFO [http-nio-8001-exec-82] org.apache.catalina.core.ApplicationContext.log Initializing Spring embedded WebApplicationContext
02-Apr-2023 16:36:28.128 INFO [http-nio-8001-exec-93] org.apache.catalina.core.ApplicationContext.log Closing Spring root WebApplicationContext
02-Apr-2023 16:36:28.136 INFO [http-nio-8001-exec-93] org.apache.catalina.core.ApplicationContext.log Closing Spring root WebApplicationContext
02-Apr-2023 16:42:34.201 INFO [http-nio-8001-exec-102] org.apache.catalina.core.ApplicationContext.log 3 Spring WebApplicationInitializers detected on classpath
02-Apr-2023 16:42:36.104 INFO [http-nio-8001-exec-102] org.apache.catalina.core.ApplicationContext.log Initializing Spring embedded WebApplicationContext
02-Apr-2023 16:42:37.505 INFO [http-nio-8001-exec-102] org.apache.catalina.core.ApplicationContext.log Initializing Spring embedded WebApplicationContext
02-Apr-2023 16:42:48.907 INFO [http-nio-8001-exec-103] org.apache.catalina.core.ApplicationContext.log Closing Spring root WebApplicationContext
02-Apr-2023 16:42:48.912 INFO [http-nio-8001-exec-103] org.apache.catalina.core.ApplicationContext.log Closing Spring root WebApplicationContext
02-Apr-2023 17:09:44.499 INFO [http-nio-8001-exec-110] org.apache.catalina.core.ApplicationContext.log 3 Spring WebApplicationInitializers detected on classpath
02-Apr-2023 17:09:45.962 INFO [http-nio-8001-exec-110] org.apache.catalina.core.ApplicationContext.log Initializing Spring embedded WebApplicationContext
02-Apr-2023 17:09:47.236 INFO [http-nio-8001-exec-110] org.apache.catalina.core.ApplicationContext.log Initializing Spring embedded WebApplicationContext
02-Apr-2023 17:10:15.290 INFO [http-nio-8001-exec-113] org.apache.catalina.core.ApplicationContext.log Initializing Spring DispatcherServlet 'dispatcherServlet'
02-Apr-2023 17:12:14.801 INFO [http-nio-8001-exec-111] org.apache.catalina.core.ApplicationContext.log Destroying Spring FrameworkServlet 'dispatcherServlet'
02-Apr-2023 17:12:14.802 INFO [http-nio-8001-exec-111] org.apache.catalina.core.ApplicationContext.log Closing Spring root WebApplicationContext
02-Apr-2023 17:12:14.807 INFO [http-nio-8001-exec-111] org.apache.catalina.core.ApplicationContext.log Closing Spring root WebApplicationContext
02-Apr-2023 17:12:16.117 INFO [http-nio-8001-exec-114] org.apache.catalina.core.ApplicationContext.log 3 Spring WebApplicationInitializers detected on classpath
02-Apr-2023 17:12:17.421 INFO [http-nio-8001-exec-114] org.apache.catalina.core.ApplicationContext.log Initializing Spring embedded WebApplicationContext
02-Apr-2023 17:12:18.196 INFO [http-nio-8001-exec-114] org.apache.catalina.core.ApplicationContext.log Initializing Spring embedded WebApplicationContext
02-Apr-2023 17:12:51.256 INFO [http-nio-8001-exec-119] org.apache.catalina.core.ApplicationContext.log Initializing Spring DispatcherServlet 'dispatcherServlet'
02-Apr-2023 17:22:49.199 INFO [http-nio-8001-exec-121] org.apache.catalina.core.ApplicationContext.log Destroying Spring FrameworkServlet 'dispatcherServlet'
02-Apr-2023 17:22:49.201 INFO [http-nio-8001-exec-121] org.apache.catalina.core.ApplicationContext.log Closing Spring root WebApplicationContext
02-Apr-2023 17:22:49.208 INFO [http-nio-8001-exec-121] org.apache.catalina.core.ApplicationContext.log Closing Spring root WebApplicationContext
02-Apr-2023 17:22:52.252 INFO [http-nio-8001-exec-123] org.apache.catalina.core.ApplicationContext.log Destroying Spring FrameworkServlet 'dispatcherServlet'
02-Apr-2023 17:22:52.255 INFO [http-nio-8001-exec-123] org.apache.catalina.core.ApplicationContext.log Closing Spring root WebApplicationContext
02-Apr-2023 17:26:00.117 INFO [http-nio-8001-exec-132] org.apache.catalina.core.ApplicationContext.log 2 Spring WebApplicationInitializers detected on classpath
02-Apr-2023 17:26:02.399 INFO [http-nio-8001-exec-132] org.apache.catalina.core.ApplicationContext.log Initializing Spring embedded WebApplicationContext
02-Apr-2023 17:26:23.296 INFO [http-nio-8001-exec-134] org.apache.catalina.core.ApplicationContext.log 3 Spring WebApplicationInitializers detected on classpath
02-Apr-2023 17:26:24.923 INFO [http-nio-8001-exec-134] org.apache.catalina.core.ApplicationContext.log Initializing Spring embedded WebApplicationContext
02-Apr-2023 17:26:26.308 INFO [http-nio-8001-exec-134] org.apache.catalina.core.ApplicationContext.log Initializing Spring embedded WebApplicationContext
02-Apr-2023 17:26:45.160 INFO [http-nio-8001-exec-135] org.apache.catalina.core.ApplicationContext.log Closing Spring root WebApplicationContext
02-Apr-2023 17:27:04.204 INFO [http-nio-8001-exec-122] org.apache.catalina.core.ApplicationContext.log Closing Spring root WebApplicationContext
02-Apr-2023 17:27:04.212 INFO [http-nio-8001-exec-122] org.apache.catalina.core.ApplicationContext.log Closing Spring root WebApplicationContext
02-Apr-2023 17:27:25.207 INFO [http-nio-8001-exec-126] org.apache.catalina.core.ApplicationContext.log 2 Spring WebApplicationInitializers detected on classpath
02-Apr-2023 17:27:27.527 INFO [http-nio-8001-exec-126] org.apache.catalina.core.ApplicationContext.log Initializing Spring embedded WebApplicationContext
02-Apr-2023 17:27:47.848 INFO [http-nio-8001-exec-132] org.apache.catalina.core.ApplicationContext.log 3 Spring WebApplicationInitializers detected on classpath
02-Apr-2023 17:27:49.741 INFO [http-nio-8001-exec-132] org.apache.catalina.core.ApplicationContext.log Initializing Spring embedded WebApplicationContext
02-Apr-2023 17:27:50.760 INFO [http-nio-8001-exec-132] org.apache.catalina.core.ApplicationContext.log Initializing Spring embedded WebApplicationContext
02-Apr-2023 17:28:11.851 INFO [http-nio-8001-exec-142] org.apache.catalina.core.ApplicationContext.log Closing Spring root WebApplicationContext
02-Apr-2023 17:28:11.856 INFO [http-nio-8001-exec-142] org.apache.catalina.core.ApplicationContext.log Closing Spring root WebApplicationContext
02-Apr-2023 17:28:25.083 INFO [http-nio-8001-exec-143] org.apache.catalina.core.ApplicationContext.log Closing Spring root WebApplicationContext
02-Apr-2023 17:28:41.220 INFO [http-nio-8001-exec-148] org.apache.catalina.core.ApplicationContext.log 2 Spring WebApplicationInitializers detected on classpath
02-Apr-2023 17:28:43.006 INFO [http-nio-8001-exec-148] org.apache.catalina.core.ApplicationContext.log Initializing Spring embedded WebApplicationContext
02-Apr-2023 17:29:00.234 INFO [http-nio-8001-exec-139] org.apache.catalina.core.ApplicationContext.log 3 Spring WebApplicationInitializers detected on classpath
02-Apr-2023 17:29:01.680 INFO [http-nio-8001-exec-139] org.apache.catalina.core.ApplicationContext.log Initializing Spring embedded WebApplicationContext
02-Apr-2023 17:29:02.621 INFO [http-nio-8001-exec-139] org.apache.catalina.core.ApplicationContext.log Initializing Spring embedded WebApplicationContext
02-Apr-2023 17:29:14.470 INFO [http-nio-8001-exec-144] org.apache.catalina.core.ApplicationContext.log Closing Spring root WebApplicationContext
02-Apr-2023 17:29:34.439 INFO [http-nio-8001-exec-153] org.apache.catalina.core.ApplicationContext.log 2 Spring WebApplicationInitializers detected on classpath
02-Apr-2023 17:29:36.261 INFO [http-nio-8001-exec-153] org.apache.catalina.core.ApplicationContext.log Initializing Spring embedded WebApplicationContext
02-Apr-2023 17:29:51.293 INFO [http-nio-8001-exec-154] org.apache.catalina.core.ApplicationContext.log Closing Spring root WebApplicationContext
02-Apr-2023 17:29:55.984 INFO [http-nio-8001-exec-160] org.apache.catalina.core.ApplicationContext.log Closing Spring root WebApplicationContext
02-Apr-2023 17:29:55.990 INFO [http-nio-8001-exec-160] org.apache.catalina.core.ApplicationContext.log Closing Spring root WebApplicationContext
02-Apr-2023 17:29:57.508 INFO [http-nio-8001-exec-157] org.apache.catalina.core.ApplicationContext.log 3 Spring WebApplicationInitializers detected on classpath
02-Apr-2023 17:29:58.871 INFO [http-nio-8001-exec-157] org.apache.catalina.core.ApplicationContext.log Initializing Spring embedded WebApplicationContext
02-Apr-2023 17:29:59.808 INFO [http-nio-8001-exec-157] org.apache.catalina.core.ApplicationContext.log Initializing Spring embedded WebApplicationContext
02-Apr-2023 17:30:44.591 INFO [http-nio-8001-exec-164] org.apache.catalina.core.ApplicationContext.log 2 Spring WebApplicationInitializers detected on classpath
02-Apr-2023 17:30:46.487 INFO [http-nio-8001-exec-164] org.apache.catalina.core.ApplicationContext.log Initializing Spring embedded WebApplicationContext
02-Apr-2023 17:31:04.383 INFO [http-nio-8001-exec-168] org.apache.catalina.core.ApplicationContext.log Closing Spring root WebApplicationContext
02-Apr-2023 17:31:04.387 INFO [http-nio-8001-exec-168] org.apache.catalina.core.ApplicationContext.log Closing Spring root WebApplicationContext
02-Apr-2023 17:31:05.941 INFO [http-nio-8001-exec-166] org.apache.catalina.core.ApplicationContext.log 3 Spring WebApplicationInitializers detected on classpath
02-Apr-2023 17:31:07.195 INFO [http-nio-8001-exec-166] org.apache.catalina.core.ApplicationContext.log Initializing Spring embedded WebApplicationContext
02-Apr-2023 17:31:08.160 INFO [http-nio-8001-exec-166] org.apache.catalina.core.ApplicationContext.log Initializing Spring embedded WebApplicationContext
02-Apr-2023 17:31:30.421 INFO [http-nio-8001-exec-171] org.apache.catalina.core.ApplicationContext.log Initializing Spring DispatcherServlet 'dispatcherServlet'
02-Apr-2023 17:31:30.499 INFO [http-nio-8001-exec-170] org.apache.catalina.core.ApplicationContext.log Initializing Spring DispatcherServlet 'dispatcherServlet'
02-Apr-2023 21:30:20.720 INFO [http-nio-8001-exec-176] org.apache.catalina.core.ApplicationContext.log Destroying Spring FrameworkServlet 'dispatcherServlet'
02-Apr-2023 21:30:20.723 INFO [http-nio-8001-exec-176] org.apache.catalina.core.ApplicationContext.log Closing Spring root WebApplicationContext
02-Apr-2023 21:30:29.052 INFO [http-nio-8001-exec-178] org.apache.catalina.core.ApplicationContext.log 2 Spring WebApplicationInitializers detected on classpath
02-Apr-2023 21:30:32.427 INFO [http-nio-8001-exec-178] org.apache.catalina.core.ApplicationContext.log Initializing Spring embedded WebApplicationContext
02-Apr-2023 21:42:39.910 INFO [http-nio-8001-exec-186] org.apache.catalina.core.ApplicationContext.log Closing Spring root WebApplicationContext
02-Apr-2023 21:42:45.984 INFO [http-nio-8001-exec-192] org.apache.catalina.core.ApplicationContext.log 2 Spring WebApplicationInitializers detected on classpath
02-Apr-2023 21:42:52.909 INFO [http-nio-8001-exec-192] org.apache.catalina.core.ApplicationContext.log Initializing Spring embedded WebApplicationContext
02-Apr-2023 22:10:23.770 INFO [http-nio-8001-exec-196] org.apache.catalina.core.ApplicationContext.log Closing Spring root WebApplicationContext
02-Apr-2023 22:10:27.712 INFO [http-nio-8001-exec-201] org.apache.catalina.core.ApplicationContext.log 2 Spring WebApplicationInitializers detected on classpath
02-Apr-2023 22:10:30.905 INFO [http-nio-8001-exec-201] org.apache.catalina.core.ApplicationContext.log Initializing Spring embedded WebApplicationContext
