04-Apr-2023 11:02:13.168 INFO [http-nio-8001-exec-225] org.apache.catalina.core.ApplicationContext.log Closing Spring root WebApplicationContext
04-Apr-2023 11:02:16.985 INFO [http-nio-8001-exec-232] org.apache.catalina.core.ApplicationContext.log 2 Spring WebApplicationInitializers detected on classpath
04-Apr-2023 11:02:19.718 INFO [http-nio-8001-exec-232] org.apache.catalina.core.ApplicationContext.log Initializing Spring embedded WebApplicationContext
04-Apr-2023 13:01:40.680 INFO [http-nio-8001-exec-240] org.apache.catalina.core.ApplicationContext.log Closing Spring root WebApplicationContext
04-Apr-2023 13:01:44.436 INFO [http-nio-8001-exec-238] org.apache.catalina.core.ApplicationContext.log 2 Spring WebApplicationInitializers detected on classpath
04-Apr-2023 13:01:47.035 INFO [http-nio-8001-exec-238] org.apache.catalina.core.ApplicationContext.log Initializing Spring embedded WebApplicationContext
04-Apr-2023 13:07:47.437 INFO [http-nio-8001-exec-246] org.apache.catalina.core.ApplicationContext.log Closing Spring root WebApplicationContext
04-Apr-2023 13:07:50.765 INFO [http-nio-8001-exec-245] org.apache.catalina.core.ApplicationContext.log 2 Spring WebApplicationInitializers detected on classpath
04-Apr-2023 13:07:54.233 INFO [http-nio-8001-exec-245] org.apache.catalina.core.ApplicationContext.log Initializing Spring embedded WebApplicationContext
04-Apr-2023 15:29:35.676 INFO [http-nio-8001-exec-255] org.apache.catalina.core.ApplicationContext.log Closing Spring root WebApplicationContext
04-Apr-2023 15:29:38.892 INFO [http-nio-8001-exec-254] org.apache.catalina.core.ApplicationContext.log 2 Spring WebApplicationInitializers detected on classpath
04-Apr-2023 15:29:41.365 INFO [http-nio-8001-exec-254] org.apache.catalina.core.ApplicationContext.log Initializing Spring embedded WebApplicationContext
04-Apr-2023 15:54:52.551 INFO [http-nio-8001-exec-265] org.apache.catalina.core.ApplicationContext.log Closing Spring root WebApplicationContext
04-Apr-2023 15:54:55.580 INFO [http-nio-8001-exec-266] org.apache.catalina.core.ApplicationContext.log 2 Spring WebApplicationInitializers detected on classpath
04-Apr-2023 15:54:58.452 INFO [http-nio-8001-exec-266] org.apache.catalina.core.ApplicationContext.log Initializing Spring embedded WebApplicationContext
04-Apr-2023 16:02:41.909 INFO [http-nio-8001-exec-275] org.apache.catalina.core.ApplicationContext.log Closing Spring root WebApplicationContext
04-Apr-2023 16:02:45.054 INFO [http-nio-8001-exec-276] org.apache.catalina.core.ApplicationContext.log 2 Spring WebApplicationInitializers detected on classpath
04-Apr-2023 16:02:48.126 INFO [http-nio-8001-exec-276] org.apache.catalina.core.ApplicationContext.log Initializing Spring embedded WebApplicationContext
04-Apr-2023 16:05:33.522 INFO [http-nio-8001-exec-285] org.apache.catalina.core.ApplicationContext.log Closing Spring root WebApplicationContext
04-Apr-2023 16:05:36.809 INFO [http-nio-8001-exec-282] org.apache.catalina.core.ApplicationContext.log 2 Spring WebApplicationInitializers detected on classpath
04-Apr-2023 16:05:39.909 INFO [http-nio-8001-exec-282] org.apache.catalina.core.ApplicationContext.log Initializing Spring embedded WebApplicationContext
04-Apr-2023 17:54:02.642 INFO [http-nio-8001-exec-290] org.apache.catalina.core.ApplicationContext.log Closing Spring root WebApplicationContext
04-Apr-2023 17:54:07.116 INFO [http-nio-8001-exec-288] org.apache.catalina.core.ApplicationContext.log 2 Spring WebApplicationInitializers detected on classpath
04-Apr-2023 17:54:11.964 INFO [http-nio-8001-exec-288] org.apache.catalina.core.ApplicationContext.log Initializing Spring embedded WebApplicationContext
04-Apr-2023 19:51:17.574 INFO [http-nio-8001-exec-298] org.apache.catalina.core.ApplicationContext.log Initializing Spring DispatcherServlet 'dispatcherServlet'
04-Apr-2023 20:58:11.921 INFO [http-nio-8001-exec-300] org.apache.catalina.core.ApplicationContext.log Destroying Spring FrameworkServlet 'dispatcherServlet'
04-Apr-2023 20:58:11.934 INFO [http-nio-8001-exec-300] org.apache.catalina.core.ApplicationContext.log Closing Spring root WebApplicationContext
04-Apr-2023 20:58:14.728 INFO [http-nio-8001-exec-301] org.apache.catalina.core.ApplicationContext.log 2 Spring WebApplicationInitializers detected on classpath
04-Apr-2023 20:58:17.271 INFO [http-nio-8001-exec-301] org.apache.catalina.core.ApplicationContext.log Initializing Spring embedded WebApplicationContext
04-Apr-2023 20:58:40.886 INFO [http-nio-8001-exec-306] org.apache.catalina.core.ApplicationContext.log Initializing Spring DispatcherServlet 'dispatcherServlet'
04-Apr-2023 20:59:01.938 INFO [http-nio-8001-exec-308] org.apache.catalina.core.ApplicationContext.log Destroying Spring FrameworkServlet 'dispatcherServlet'
04-Apr-2023 20:59:01.939 INFO [http-nio-8001-exec-308] org.apache.catalina.core.ApplicationContext.log Closing Spring root WebApplicationContext
04-Apr-2023 20:59:01.961 INFO [http-nio-8001-exec-308] org.apache.catalina.core.ApplicationContext.log Closing Spring root WebApplicationContext
04-Apr-2023 20:59:03.771 INFO [http-nio-8001-exec-312] org.apache.catalina.core.ApplicationContext.log 3 Spring WebApplicationInitializers detected on classpath
04-Apr-2023 20:59:05.283 INFO [http-nio-8001-exec-312] org.apache.catalina.core.ApplicationContext.log Initializing Spring embedded WebApplicationContext
04-Apr-2023 20:59:06.852 INFO [http-nio-8001-exec-312] org.apache.catalina.core.ApplicationContext.log Initializing Spring embedded WebApplicationContext
