05-Apr-2023 17:42:28.304 INFO [http-nio-8001-exec-322] org.apache.catalina.core.ApplicationContext.log Manager: list: Listing contexts for virtual host 'localhost'
05-Apr-2023 17:42:28.305 INFO [http-nio-8001-exec-318] org.apache.catalina.core.ApplicationContext.log Manager: list: Listing contexts for virtual host 'localhost'
05-Apr-2023 17:42:28.306 INFO [http-nio-8001-exec-317] org.apache.catalina.core.ApplicationContext.log Manager: undeploy: Undeploying web application at '/tasks-backend'
05-Apr-2023 17:42:28.900 INFO [http-nio-8001-exec-318] org.apache.catalina.core.ApplicationContext.log Manager: deploy: Deploying web application '/tasks-backend'
05-Apr-2023 17:42:28.900 INFO [http-nio-8001-exec-318] org.apache.catalina.core.ApplicationContext.log Manager: Uploading WAR file to /home/jeronimo/Documentos/udemy/integracao-continua-testes-jenkins/continuous-integration-with-test-using-jenkins/apache-tomcat-8.5.50/webapps/tasks-backend.war
05-Apr-2023 17:43:06.447 INFO [http-nio-8001-exec-315] org.apache.catalina.core.ApplicationContext.log Manager: list: Listing contexts for virtual host 'localhost'
05-Apr-2023 17:43:06.448 INFO [http-nio-8001-exec-313] org.apache.catalina.core.ApplicationContext.log Manager: list: Listing contexts for virtual host 'localhost'
05-Apr-2023 17:43:06.449 INFO [http-nio-8001-exec-323] org.apache.catalina.core.ApplicationContext.log Manager: undeploy: Undeploying web application at '/tasks'
05-Apr-2023 17:43:07.007 INFO [http-nio-8001-exec-316] org.apache.catalina.core.ApplicationContext.log Manager: deploy: Deploying web application '/tasks'
05-Apr-2023 17:43:07.008 INFO [http-nio-8001-exec-316] org.apache.catalina.core.ApplicationContext.log Manager: Uploading WAR file to /home/jeronimo/Documentos/udemy/integracao-continua-testes-jenkins/continuous-integration-with-test-using-jenkins/apache-tomcat-8.5.50/webapps/tasks.war
05-Apr-2023 17:44:19.290 INFO [http-nio-8001-exec-332] org.apache.catalina.core.ApplicationContext.log Manager: list: Listing contexts for virtual host 'localhost'
05-Apr-2023 17:44:19.292 INFO [http-nio-8001-exec-333] org.apache.catalina.core.ApplicationContext.log Manager: list: Listing contexts for virtual host 'localhost'
05-Apr-2023 17:44:19.293 INFO [http-nio-8001-exec-334] org.apache.catalina.core.ApplicationContext.log Manager: undeploy: Undeploying web application at '/tasks-backend'
05-Apr-2023 17:44:19.864 INFO [http-nio-8001-exec-330] org.apache.catalina.core.ApplicationContext.log Manager: deploy: Deploying web application '/tasks-backend'
05-Apr-2023 17:44:19.865 INFO [http-nio-8001-exec-330] org.apache.catalina.core.ApplicationContext.log Manager: Uploading WAR file to /home/jeronimo/Documentos/udemy/integracao-continua-testes-jenkins/continuous-integration-with-test-using-jenkins/apache-tomcat-8.5.50/webapps/tasks-backend.war
05-Apr-2023 17:44:56.340 INFO [http-nio-8001-exec-325] org.apache.catalina.core.ApplicationContext.log Manager: list: Listing contexts for virtual host 'localhost'
05-Apr-2023 17:44:56.342 INFO [http-nio-8001-exec-313] org.apache.catalina.core.ApplicationContext.log Manager: list: Listing contexts for virtual host 'localhost'
05-Apr-2023 17:44:56.343 INFO [http-nio-8001-exec-335] org.apache.catalina.core.ApplicationContext.log Manager: undeploy: Undeploying web application at '/tasks'
05-Apr-2023 17:44:56.881 INFO [http-nio-8001-exec-336] org.apache.catalina.core.ApplicationContext.log Manager: deploy: Deploying web application '/tasks'
05-Apr-2023 17:44:56.881 INFO [http-nio-8001-exec-336] org.apache.catalina.core.ApplicationContext.log Manager: Uploading WAR file to /home/jeronimo/Documentos/udemy/integracao-continua-testes-jenkins/continuous-integration-with-test-using-jenkins/apache-tomcat-8.5.50/webapps/tasks.war
