02-Apr-2023 10:00:13.566 INFO [http-nio-8001-exec-3] org.apache.catalina.core.ApplicationContext.log HTMLManager: init: Associated with Deployer 'Catalina:type=Deployer,host=localhost'
02-Apr-2023 10:00:13.566 INFO [http-nio-8001-exec-3] org.apache.catalina.core.ApplicationContext.log HTMLManager: init: Global resources are available
02-Apr-2023 10:00:13.598 INFO [http-nio-8001-exec-3] org.apache.catalina.core.ApplicationContext.log HTMLManager: list: Listing contexts for virtual host 'localhost'
02-Apr-2023 10:00:18.180 INFO [http-nio-8001-exec-4] org.apache.catalina.core.ApplicationContext.log HTMLManager: undeploy: Undeploying web application at '/tasks-backend'
02-Apr-2023 10:00:18.830 INFO [http-nio-8001-exec-4] org.apache.catalina.core.ApplicationContext.log HTMLManager: list: Listing contexts for virtual host 'localhost'
02-Apr-2023 10:02:12.289 INFO [http-nio-8001-exec-11] org.apache.catalina.core.ApplicationContext.log Manager: init: Associated with Deployer 'Catalina:type=Deployer,host=localhost'
02-Apr-2023 10:02:12.289 INFO [http-nio-8001-exec-11] org.apache.catalina.core.ApplicationContext.log Manager: init: Global resources are available
02-Apr-2023 10:02:12.290 INFO [http-nio-8001-exec-11] org.apache.catalina.core.ApplicationContext.log Manager: list: Listing contexts for virtual host 'localhost'
02-Apr-2023 10:02:12.295 INFO [http-nio-8001-exec-12] org.apache.catalina.core.ApplicationContext.log Manager: deploy: Deploying web application '/tasks-backend'
02-Apr-2023 10:02:12.296 INFO [http-nio-8001-exec-12] org.apache.catalina.core.ApplicationContext.log Manager: Uploading WAR file to /home/jeronimo/Documentos/udemy/integracao-continua-testes-jenkins/continuous-integration-with-test-using-jenkins/apache-tomcat-8.5.50/webapps/tasks-backend.war
02-Apr-2023 10:02:55.526 INFO [http-nio-8001-exec-14] org.apache.catalina.core.ApplicationContext.log HTMLManager: undeploy: Undeploying web application at '/tasks-backend'
02-Apr-2023 10:02:56.142 INFO [http-nio-8001-exec-14] org.apache.catalina.core.ApplicationContext.log HTMLManager: list: Listing contexts for virtual host 'localhost'
02-Apr-2023 10:03:16.661 INFO [http-nio-8001-exec-10] org.apache.catalina.core.ApplicationContext.log HTMLManager: list: Listing contexts for virtual host 'localhost'
02-Apr-2023 10:04:08.649 INFO [http-nio-8001-exec-6] org.apache.catalina.core.ApplicationContext.log HTMLManager: list: Listing contexts for virtual host 'localhost'
02-Apr-2023 10:04:24.199 INFO [http-nio-8001-exec-19] org.apache.catalina.core.ApplicationContext.log HTMLManager: list: Listing contexts for virtual host 'localhost'
02-Apr-2023 10:09:03.991 INFO [http-nio-8001-exec-1] org.apache.catalina.core.ApplicationContext.log HTMLManager: init: Associated with Deployer 'Catalina:type=Deployer,host=localhost'
02-Apr-2023 10:09:03.992 INFO [http-nio-8001-exec-1] org.apache.catalina.core.ApplicationContext.log HTMLManager: init: Global resources are available
02-Apr-2023 10:09:04.000 INFO [http-nio-8001-exec-1] org.apache.catalina.core.ApplicationContext.log HTMLManager: list: Listing contexts for virtual host 'localhost'
02-Apr-2023 10:09:08.098 INFO [http-nio-8001-exec-2] org.apache.catalina.core.ApplicationContext.log HTMLManager: undeploy: Undeploying web application at '/tasks'
02-Apr-2023 10:09:08.712 INFO [http-nio-8001-exec-2] org.apache.catalina.core.ApplicationContext.log HTMLManager: list: Listing contexts for virtual host 'localhost'
02-Apr-2023 10:10:12.426 INFO [http-nio-8001-exec-11] org.apache.catalina.core.ApplicationContext.log Manager: init: Associated with Deployer 'Catalina:type=Deployer,host=localhost'
02-Apr-2023 10:10:12.427 INFO [http-nio-8001-exec-11] org.apache.catalina.core.ApplicationContext.log Manager: init: Global resources are available
02-Apr-2023 10:10:12.428 INFO [http-nio-8001-exec-11] org.apache.catalina.core.ApplicationContext.log Manager: list: Listing contexts for virtual host 'localhost'
02-Apr-2023 10:10:12.436 INFO [http-nio-8001-exec-12] org.apache.catalina.core.ApplicationContext.log Manager: deploy: Deploying web application '/tasks-backend'
02-Apr-2023 10:10:12.436 INFO [http-nio-8001-exec-12] org.apache.catalina.core.ApplicationContext.log Manager: Uploading WAR file to /home/jeronimo/Documentos/udemy/integracao-continua-testes-jenkins/continuous-integration-with-test-using-jenkins/apache-tomcat-8.5.50/webapps/tasks-backend.war
02-Apr-2023 10:11:05.064 INFO [http-nio-8001-exec-4] org.apache.catalina.core.ApplicationContext.log HTMLManager: undeploy: Undeploying web application at '/tasks'
02-Apr-2023 10:11:05.064 INFO [http-nio-8001-exec-4] org.apache.catalina.core.ApplicationContext.log HTMLManager: list: Listing contexts for virtual host 'localhost'
02-Apr-2023 10:24:08.660 INFO [http-nio-8001-exec-13] org.apache.catalina.core.ApplicationContext.log Manager: list: Listing contexts for virtual host 'localhost'
02-Apr-2023 10:24:08.664 INFO [http-nio-8001-exec-15] org.apache.catalina.core.ApplicationContext.log Manager: deploy: Deploying web application '/tasks-frontend'
02-Apr-2023 10:24:08.664 INFO [http-nio-8001-exec-15] org.apache.catalina.core.ApplicationContext.log Manager: Uploading WAR file to /home/jeronimo/Documentos/udemy/integracao-continua-testes-jenkins/continuous-integration-with-test-using-jenkins/apache-tomcat-8.5.50/webapps/tasks-frontend.war
02-Apr-2023 10:24:26.472 INFO [http-nio-8001-exec-16] org.apache.catalina.core.ApplicationContext.log HTMLManager: undeploy: Undeploying web application at '/tasks'
02-Apr-2023 10:24:26.474 INFO [http-nio-8001-exec-16] org.apache.catalina.core.ApplicationContext.log HTMLManager: list: Listing contexts for virtual host 'localhost'
02-Apr-2023 10:30:08.526 INFO [http-nio-8001-exec-11] org.apache.catalina.core.ApplicationContext.log HTMLManager: list: Listing contexts for virtual host 'localhost'
02-Apr-2023 10:31:58.212 INFO [http-nio-8001-exec-17] org.apache.catalina.core.ApplicationContext.log HTMLManager: list: Listing contexts for virtual host 'localhost'
02-Apr-2023 10:32:02.678 INFO [http-nio-8001-exec-18] org.apache.catalina.core.ApplicationContext.log HTMLManager: undeploy: Undeploying web application at '/tasks-frontend'
02-Apr-2023 10:32:03.241 INFO [http-nio-8001-exec-18] org.apache.catalina.core.ApplicationContext.log HTMLManager: list: Listing contexts for virtual host 'localhost'
02-Apr-2023 10:35:47.586 INFO [http-nio-8001-exec-21] org.apache.catalina.core.ApplicationContext.log HTMLManager: list: Listing contexts for virtual host 'localhost'
02-Apr-2023 10:42:31.069 INFO [http-nio-8001-exec-22] org.apache.catalina.core.ApplicationContext.log HTMLManager: undeploy: Undeploying web application at '/tasks'
02-Apr-2023 10:42:31.633 INFO [http-nio-8001-exec-22] org.apache.catalina.core.ApplicationContext.log HTMLManager: list: Listing contexts for virtual host 'localhost'
02-Apr-2023 10:49:09.280 INFO [http-nio-8001-exec-31] org.apache.catalina.core.ApplicationContext.log HTMLManager: undeploy: Undeploying web application at '/tasks'
02-Apr-2023 10:49:09.280 INFO [http-nio-8001-exec-31] org.apache.catalina.core.ApplicationContext.log HTMLManager: list: Listing contexts for virtual host 'localhost'
02-Apr-2023 10:51:01.960 INFO [http-nio-8001-exec-34] org.apache.catalina.core.ApplicationContext.log Manager: list: Listing contexts for virtual host 'localhost'
02-Apr-2023 10:51:01.968 INFO [http-nio-8001-exec-35] org.apache.catalina.core.ApplicationContext.log Manager: deploy: Deploying web application '/tasks'
02-Apr-2023 10:51:01.968 INFO [http-nio-8001-exec-35] org.apache.catalina.core.ApplicationContext.log Manager: Uploading WAR file to /home/jeronimo/Documentos/udemy/integracao-continua-testes-jenkins/continuous-integration-with-test-using-jenkins/apache-tomcat-8.5.50/webapps/tasks.war
02-Apr-2023 10:51:21.739 INFO [http-nio-8001-exec-36] org.apache.catalina.core.ApplicationContext.log HTMLManager: undeploy: Undeploying web application at '/tasks'
02-Apr-2023 10:51:22.296 INFO [http-nio-8001-exec-36] org.apache.catalina.core.ApplicationContext.log HTMLManager: list: Listing contexts for virtual host 'localhost'
02-Apr-2023 10:51:31.305 INFO [http-nio-8001-exec-33] org.apache.catalina.core.ApplicationContext.log HTMLManager: undeploy: Undeploying web application at '/tasks'
02-Apr-2023 10:51:31.305 INFO [http-nio-8001-exec-33] org.apache.catalina.core.ApplicationContext.log HTMLManager: list: Listing contexts for virtual host 'localhost'
02-Apr-2023 10:53:16.692 INFO [http-nio-8001-exec-41] org.apache.catalina.core.ApplicationContext.log Manager: list: Listing contexts for virtual host 'localhost'
02-Apr-2023 10:53:16.703 INFO [http-nio-8001-exec-42] org.apache.catalina.core.ApplicationContext.log Manager: deploy: Deploying web application '/tasks'
02-Apr-2023 10:53:16.703 INFO [http-nio-8001-exec-42] org.apache.catalina.core.ApplicationContext.log Manager: Uploading WAR file to /home/jeronimo/Documentos/udemy/integracao-continua-testes-jenkins/continuous-integration-with-test-using-jenkins/apache-tomcat-8.5.50/webapps/tasks.war
02-Apr-2023 10:53:46.448 INFO [http-nio-8001-exec-44] org.apache.catalina.core.ApplicationContext.log HTMLManager: undeploy: Undeploying web application at '/tasks'
02-Apr-2023 10:53:47.029 INFO [http-nio-8001-exec-44] org.apache.catalina.core.ApplicationContext.log HTMLManager: list: Listing contexts for virtual host 'localhost'
02-Apr-2023 11:02:30.273 INFO [http-nio-8001-exec-48] org.apache.catalina.core.ApplicationContext.log HTMLManager: list: Listing contexts for virtual host 'localhost'
02-Apr-2023 11:02:48.008 INFO [http-nio-8001-exec-51] org.apache.catalina.core.ApplicationContext.log HTMLManager: list: Listing contexts for virtual host 'localhost'
02-Apr-2023 11:04:04.510 INFO [http-nio-8001-exec-54] org.apache.catalina.core.ApplicationContext.log Manager: list: Listing contexts for virtual host 'localhost'
02-Apr-2023 11:04:04.513 INFO [http-nio-8001-exec-55] org.apache.catalina.core.ApplicationContext.log Manager: deploy: Deploying web application '/tasks'
02-Apr-2023 11:04:04.513 INFO [http-nio-8001-exec-55] org.apache.catalina.core.ApplicationContext.log Manager: Uploading WAR file to /home/jeronimo/Documentos/udemy/integracao-continua-testes-jenkins/continuous-integration-with-test-using-jenkins/apache-tomcat-8.5.50/webapps/tasks.war
02-Apr-2023 11:04:17.621 INFO [http-nio-8001-exec-56] org.apache.catalina.core.ApplicationContext.log HTMLManager: list: Listing contexts for virtual host 'localhost'
02-Apr-2023 11:24:21.238 INFO [http-nio-8001-exec-54] org.apache.catalina.core.ApplicationContext.log Manager: list: Listing contexts for virtual host 'localhost'
02-Apr-2023 11:24:21.242 INFO [http-nio-8001-exec-55] org.apache.catalina.core.ApplicationContext.log Manager: list: Listing contexts for virtual host 'localhost'
02-Apr-2023 11:24:21.252 INFO [http-nio-8001-exec-56] org.apache.catalina.core.ApplicationContext.log Manager: undeploy: Undeploying web application at '/tasks'
02-Apr-2023 11:24:21.992 INFO [http-nio-8001-exec-56] org.apache.catalina.core.ApplicationContext.log Manager: deploy: Deploying web application '/tasks'
02-Apr-2023 11:24:21.993 INFO [http-nio-8001-exec-56] org.apache.catalina.core.ApplicationContext.log Manager: Uploading WAR file to /home/jeronimo/Documentos/udemy/integracao-continua-testes-jenkins/continuous-integration-with-test-using-jenkins/apache-tomcat-8.5.50/webapps/tasks.war
02-Apr-2023 11:25:22.572 INFO [http-nio-8001-exec-58] org.apache.catalina.core.ApplicationContext.log Manager: list: Listing contexts for virtual host 'localhost'
02-Apr-2023 11:25:22.575 INFO [http-nio-8001-exec-59] org.apache.catalina.core.ApplicationContext.log Manager: list: Listing contexts for virtual host 'localhost'
02-Apr-2023 11:25:22.579 INFO [http-nio-8001-exec-52] org.apache.catalina.core.ApplicationContext.log Manager: undeploy: Undeploying web application at '/tasks'
02-Apr-2023 11:25:23.152 INFO [http-nio-8001-exec-59] org.apache.catalina.core.ApplicationContext.log Manager: deploy: Deploying web application '/tasks'
02-Apr-2023 11:25:23.152 INFO [http-nio-8001-exec-59] org.apache.catalina.core.ApplicationContext.log Manager: Uploading WAR file to /home/jeronimo/Documentos/udemy/integracao-continua-testes-jenkins/continuous-integration-with-test-using-jenkins/apache-tomcat-8.5.50/webapps/tasks.war
02-Apr-2023 12:25:42.540 INFO [http-nio-8001-exec-70] org.apache.catalina.core.ApplicationContext.log Manager: list: Listing contexts for virtual host 'localhost'
02-Apr-2023 12:25:42.541 INFO [http-nio-8001-exec-61] org.apache.catalina.core.ApplicationContext.log Manager: list: Listing contexts for virtual host 'localhost'
02-Apr-2023 12:25:42.543 INFO [http-nio-8001-exec-63] org.apache.catalina.core.ApplicationContext.log Manager: undeploy: Undeploying web application at '/tasks'
02-Apr-2023 12:25:43.093 INFO [http-nio-8001-exec-68] org.apache.catalina.core.ApplicationContext.log Manager: deploy: Deploying web application '/tasks'
02-Apr-2023 12:25:43.094 INFO [http-nio-8001-exec-68] org.apache.catalina.core.ApplicationContext.log Manager: Uploading WAR file to /home/jeronimo/Documentos/udemy/integracao-continua-testes-jenkins/continuous-integration-with-test-using-jenkins/apache-tomcat-8.5.50/webapps/tasks.war
02-Apr-2023 12:28:46.475 INFO [http-nio-8001-exec-78] org.apache.catalina.core.ApplicationContext.log HTMLManager: list: Listing contexts for virtual host 'localhost'
02-Apr-2023 12:41:32.314 INFO [http-nio-8001-exec-79] org.apache.catalina.core.ApplicationContext.log Manager: list: Listing contexts for virtual host 'localhost'
02-Apr-2023 12:41:32.317 INFO [http-nio-8001-exec-74] org.apache.catalina.core.ApplicationContext.log Manager: list: Listing contexts for virtual host 'localhost'
02-Apr-2023 12:41:32.318 INFO [http-nio-8001-exec-71] org.apache.catalina.core.ApplicationContext.log Manager: undeploy: Undeploying web application at '/tasks'
02-Apr-2023 12:41:32.859 INFO [http-nio-8001-exec-74] org.apache.catalina.core.ApplicationContext.log Manager: deploy: Deploying web application '/tasks'
02-Apr-2023 12:41:32.859 INFO [http-nio-8001-exec-74] org.apache.catalina.core.ApplicationContext.log Manager: Uploading WAR file to /home/jeronimo/Documentos/udemy/integracao-continua-testes-jenkins/continuous-integration-with-test-using-jenkins/apache-tomcat-8.5.50/webapps/tasks.war
02-Apr-2023 12:42:23.350 INFO [http-nio-8001-exec-84] org.apache.catalina.core.ApplicationContext.log HTMLManager: list: Listing contexts for virtual host 'localhost'
02-Apr-2023 16:14:11.421 INFO [http-nio-8001-exec-83] org.apache.catalina.core.ApplicationContext.log HTMLManager: list: Listing contexts for virtual host 'localhost'
02-Apr-2023 16:15:32.837 INFO [http-nio-8001-exec-88] org.apache.catalina.core.ApplicationContext.log Manager: list: Listing contexts for virtual host 'localhost'
02-Apr-2023 16:15:32.838 INFO [http-nio-8001-exec-84] org.apache.catalina.core.ApplicationContext.log Manager: list: Listing contexts for virtual host 'localhost'
02-Apr-2023 16:15:32.841 INFO [http-nio-8001-exec-85] org.apache.catalina.core.ApplicationContext.log Manager: undeploy: Undeploying web application at '/tasks'
02-Apr-2023 16:15:33.383 INFO [http-nio-8001-exec-82] org.apache.catalina.core.ApplicationContext.log Manager: deploy: Deploying web application '/tasks'
02-Apr-2023 16:15:33.383 INFO [http-nio-8001-exec-82] org.apache.catalina.core.ApplicationContext.log Manager: Uploading WAR file to /home/jeronimo/Documentos/udemy/integracao-continua-testes-jenkins/continuous-integration-with-test-using-jenkins/apache-tomcat-8.5.50/webapps/tasks.war
02-Apr-2023 16:36:20.332 INFO [http-nio-8001-exec-92] org.apache.catalina.core.ApplicationContext.log HTMLManager: list: Listing contexts for virtual host 'localhost'
02-Apr-2023 16:36:28.124 INFO [http-nio-8001-exec-93] org.apache.catalina.core.ApplicationContext.log HTMLManager: undeploy: Undeploying web application at '/tasks'
02-Apr-2023 16:36:28.672 INFO [http-nio-8001-exec-93] org.apache.catalina.core.ApplicationContext.log HTMLManager: list: Listing contexts for virtual host 'localhost'
02-Apr-2023 16:42:33.161 INFO [http-nio-8001-exec-101] org.apache.catalina.core.ApplicationContext.log Manager: list: Listing contexts for virtual host 'localhost'
02-Apr-2023 16:42:33.167 INFO [http-nio-8001-exec-102] org.apache.catalina.core.ApplicationContext.log Manager: deploy: Deploying web application '/tasks'
02-Apr-2023 16:42:33.168 INFO [http-nio-8001-exec-102] org.apache.catalina.core.ApplicationContext.log Manager: Uploading WAR file to /home/jeronimo/Documentos/udemy/integracao-continua-testes-jenkins/continuous-integration-with-test-using-jenkins/apache-tomcat-8.5.50/webapps/tasks.war
02-Apr-2023 16:42:48.904 INFO [http-nio-8001-exec-103] org.apache.catalina.core.ApplicationContext.log HTMLManager: undeploy: Undeploying web application at '/tasks'
02-Apr-2023 16:42:49.447 INFO [http-nio-8001-exec-103] org.apache.catalina.core.ApplicationContext.log HTMLManager: list: Listing contexts for virtual host 'localhost'
02-Apr-2023 16:42:54.030 INFO [http-nio-8001-exec-108] org.apache.catalina.core.ApplicationContext.log HTMLManager: undeploy: Undeploying web application at '/tasks'
02-Apr-2023 16:42:54.030 INFO [http-nio-8001-exec-108] org.apache.catalina.core.ApplicationContext.log HTMLManager: list: Listing contexts for virtual host 'localhost'
02-Apr-2023 16:43:16.927 INFO [http-nio-8001-exec-109] org.apache.catalina.core.ApplicationContext.log HTMLManager: undeploy: Undeploying web application at '/tasks'
02-Apr-2023 16:43:16.927 INFO [http-nio-8001-exec-109] org.apache.catalina.core.ApplicationContext.log HTMLManager: list: Listing contexts for virtual host 'localhost'
02-Apr-2023 16:43:28.020 INFO [http-nio-8001-exec-94] org.apache.catalina.core.ApplicationContext.log HTMLManager: list: Listing contexts for virtual host 'localhost'
02-Apr-2023 16:45:56.108 INFO [http-nio-8001-exec-110] org.apache.catalina.core.ApplicationContext.log HTMLManager: list: Listing contexts for virtual host 'localhost'
02-Apr-2023 16:45:57.674 INFO [http-nio-8001-exec-111] org.apache.catalina.core.ApplicationContext.log HTMLManager: list: Listing contexts for virtual host 'localhost'
02-Apr-2023 16:45:58.305 INFO [http-nio-8001-exec-112] org.apache.catalina.core.ApplicationContext.log HTMLManager: list: Listing contexts for virtual host 'localhost'
02-Apr-2023 16:45:58.853 INFO [http-nio-8001-exec-113] org.apache.catalina.core.ApplicationContext.log HTMLManager: list: Listing contexts for virtual host 'localhost'
02-Apr-2023 17:02:14.774 INFO [http-nio-8001-exec-116] org.apache.catalina.core.ApplicationContext.log HTMLManager: list: Listing contexts for virtual host 'localhost'
02-Apr-2023 17:09:43.583 INFO [http-nio-8001-exec-119] org.apache.catalina.core.ApplicationContext.log Manager: list: Listing contexts for virtual host 'localhost'
02-Apr-2023 17:09:43.585 INFO [http-nio-8001-exec-110] org.apache.catalina.core.ApplicationContext.log Manager: deploy: Deploying web application '/tasks'
02-Apr-2023 17:09:43.585 INFO [http-nio-8001-exec-110] org.apache.catalina.core.ApplicationContext.log Manager: Uploading WAR file to /home/jeronimo/Documentos/udemy/integracao-continua-testes-jenkins/continuous-integration-with-test-using-jenkins/apache-tomcat-8.5.50/webapps/tasks.war
02-Apr-2023 17:10:11.828 INFO [http-nio-8001-exec-112] org.apache.catalina.core.ApplicationContext.log HTMLManager: list: Listing contexts for virtual host 'localhost'
02-Apr-2023 17:12:14.796 INFO [http-nio-8001-exec-118] org.apache.catalina.core.ApplicationContext.log Manager: list: Listing contexts for virtual host 'localhost'
02-Apr-2023 17:12:14.798 INFO [http-nio-8001-exec-119] org.apache.catalina.core.ApplicationContext.log Manager: list: Listing contexts for virtual host 'localhost'
02-Apr-2023 17:12:14.799 INFO [http-nio-8001-exec-111] org.apache.catalina.core.ApplicationContext.log Manager: undeploy: Undeploying web application at '/tasks'
02-Apr-2023 17:12:15.337 INFO [http-nio-8001-exec-114] org.apache.catalina.core.ApplicationContext.log Manager: deploy: Deploying web application '/tasks'
02-Apr-2023 17:12:15.337 INFO [http-nio-8001-exec-114] org.apache.catalina.core.ApplicationContext.log Manager: Uploading WAR file to /home/jeronimo/Documentos/udemy/integracao-continua-testes-jenkins/continuous-integration-with-test-using-jenkins/apache-tomcat-8.5.50/webapps/tasks.war
02-Apr-2023 17:22:44.443 INFO [http-nio-8001-exec-120] org.apache.catalina.core.ApplicationContext.log HTMLManager: list: Listing contexts for virtual host 'localhost'
02-Apr-2023 17:22:49.196 INFO [http-nio-8001-exec-121] org.apache.catalina.core.ApplicationContext.log HTMLManager: undeploy: Undeploying web application at '/tasks'
02-Apr-2023 17:22:49.731 INFO [http-nio-8001-exec-121] org.apache.catalina.core.ApplicationContext.log HTMLManager: list: Listing contexts for virtual host 'localhost'
02-Apr-2023 17:22:52.251 INFO [http-nio-8001-exec-123] org.apache.catalina.core.ApplicationContext.log HTMLManager: undeploy: Undeploying web application at '/tasks-backend'
02-Apr-2023 17:22:52.803 INFO [http-nio-8001-exec-123] org.apache.catalina.core.ApplicationContext.log HTMLManager: list: Listing contexts for virtual host 'localhost'
02-Apr-2023 17:22:56.431 INFO [http-nio-8001-exec-127] org.apache.catalina.core.ApplicationContext.log HTMLManager: undeploy: Undeploying web application at '/tasks-backend'
02-Apr-2023 17:22:56.432 INFO [http-nio-8001-exec-127] org.apache.catalina.core.ApplicationContext.log HTMLManager: list: Listing contexts for virtual host 'localhost'
02-Apr-2023 17:25:58.602 INFO [http-nio-8001-exec-131] org.apache.catalina.core.ApplicationContext.log Manager: list: Listing contexts for virtual host 'localhost'
02-Apr-2023 17:25:58.604 INFO [http-nio-8001-exec-132] org.apache.catalina.core.ApplicationContext.log Manager: deploy: Deploying web application '/tasks-backend'
02-Apr-2023 17:25:58.604 INFO [http-nio-8001-exec-132] org.apache.catalina.core.ApplicationContext.log Manager: Uploading WAR file to /home/jeronimo/Documentos/udemy/integracao-continua-testes-jenkins/continuous-integration-with-test-using-jenkins/apache-tomcat-8.5.50/webapps/tasks-backend.war
02-Apr-2023 17:26:22.142 INFO [http-nio-8001-exec-133] org.apache.catalina.core.ApplicationContext.log Manager: list: Listing contexts for virtual host 'localhost'
02-Apr-2023 17:26:22.144 INFO [http-nio-8001-exec-134] org.apache.catalina.core.ApplicationContext.log Manager: deploy: Deploying web application '/tasks'
02-Apr-2023 17:26:22.144 INFO [http-nio-8001-exec-134] org.apache.catalina.core.ApplicationContext.log Manager: Uploading WAR file to /home/jeronimo/Documentos/udemy/integracao-continua-testes-jenkins/continuous-integration-with-test-using-jenkins/apache-tomcat-8.5.50/webapps/tasks.war
02-Apr-2023 17:26:45.153 INFO [http-nio-8001-exec-135] org.apache.catalina.core.ApplicationContext.log HTMLManager: undeploy: Undeploying web application at '/tasks-backend'
02-Apr-2023 17:26:45.723 INFO [http-nio-8001-exec-135] org.apache.catalina.core.ApplicationContext.log HTMLManager: list: Listing contexts for virtual host 'localhost'
02-Apr-2023 17:26:52.980 INFO [http-nio-8001-exec-131] org.apache.catalina.core.ApplicationContext.log HTMLManager: undeploy: Undeploying web application at '/tasks-backend'
02-Apr-2023 17:26:52.980 INFO [http-nio-8001-exec-131] org.apache.catalina.core.ApplicationContext.log HTMLManager: list: Listing contexts for virtual host 'localhost'
02-Apr-2023 17:26:57.919 INFO [http-nio-8001-exec-133] org.apache.catalina.core.ApplicationContext.log HTMLManager: undeploy: Undeploying web application at '/tasks-backend'
02-Apr-2023 17:26:57.919 INFO [http-nio-8001-exec-133] org.apache.catalina.core.ApplicationContext.log HTMLManager: list: Listing contexts for virtual host 'localhost'
02-Apr-2023 17:27:04.201 INFO [http-nio-8001-exec-122] org.apache.catalina.core.ApplicationContext.log HTMLManager: undeploy: Undeploying web application at '/tasks'
02-Apr-2023 17:27:04.731 INFO [http-nio-8001-exec-122] org.apache.catalina.core.ApplicationContext.log HTMLManager: list: Listing contexts for virtual host 'localhost'
02-Apr-2023 17:27:23.582 INFO [http-nio-8001-exec-140] org.apache.catalina.core.ApplicationContext.log Manager: list: Listing contexts for virtual host 'localhost'
02-Apr-2023 17:27:23.584 INFO [http-nio-8001-exec-126] org.apache.catalina.core.ApplicationContext.log Manager: deploy: Deploying web application '/tasks-backend'
02-Apr-2023 17:27:23.584 INFO [http-nio-8001-exec-126] org.apache.catalina.core.ApplicationContext.log Manager: Uploading WAR file to /home/jeronimo/Documentos/udemy/integracao-continua-testes-jenkins/continuous-integration-with-test-using-jenkins/apache-tomcat-8.5.50/webapps/tasks-backend.war
02-Apr-2023 17:27:47.068 INFO [http-nio-8001-exec-129] org.apache.catalina.core.ApplicationContext.log Manager: list: Listing contexts for virtual host 'localhost'
02-Apr-2023 17:27:47.070 INFO [http-nio-8001-exec-132] org.apache.catalina.core.ApplicationContext.log Manager: deploy: Deploying web application '/tasks'
02-Apr-2023 17:27:47.070 INFO [http-nio-8001-exec-132] org.apache.catalina.core.ApplicationContext.log Manager: Uploading WAR file to /home/jeronimo/Documentos/udemy/integracao-continua-testes-jenkins/continuous-integration-with-test-using-jenkins/apache-tomcat-8.5.50/webapps/tasks.war
02-Apr-2023 17:28:11.844 INFO [http-nio-8001-exec-142] org.apache.catalina.core.ApplicationContext.log HTMLManager: undeploy: Undeploying web application at '/tasks'
02-Apr-2023 17:28:12.390 INFO [http-nio-8001-exec-142] org.apache.catalina.core.ApplicationContext.log HTMLManager: list: Listing contexts for virtual host 'localhost'
02-Apr-2023 17:28:25.077 INFO [http-nio-8001-exec-143] org.apache.catalina.core.ApplicationContext.log HTMLManager: undeploy: Undeploying web application at '/tasks-backend'
02-Apr-2023 17:28:25.635 INFO [http-nio-8001-exec-143] org.apache.catalina.core.ApplicationContext.log HTMLManager: list: Listing contexts for virtual host 'localhost'
02-Apr-2023 17:28:39.796 INFO [http-nio-8001-exec-146] org.apache.catalina.core.ApplicationContext.log Manager: list: Listing contexts for virtual host 'localhost'
02-Apr-2023 17:28:39.798 INFO [http-nio-8001-exec-148] org.apache.catalina.core.ApplicationContext.log Manager: deploy: Deploying web application '/tasks-backend'
02-Apr-2023 17:28:39.798 INFO [http-nio-8001-exec-148] org.apache.catalina.core.ApplicationContext.log Manager: Uploading WAR file to /home/jeronimo/Documentos/udemy/integracao-continua-testes-jenkins/continuous-integration-with-test-using-jenkins/apache-tomcat-8.5.50/webapps/tasks-backend.war
02-Apr-2023 17:28:59.454 INFO [http-nio-8001-exec-141] org.apache.catalina.core.ApplicationContext.log Manager: list: Listing contexts for virtual host 'localhost'
02-Apr-2023 17:28:59.456 INFO [http-nio-8001-exec-139] org.apache.catalina.core.ApplicationContext.log Manager: deploy: Deploying web application '/tasks'
02-Apr-2023 17:28:59.456 INFO [http-nio-8001-exec-139] org.apache.catalina.core.ApplicationContext.log Manager: Uploading WAR file to /home/jeronimo/Documentos/udemy/integracao-continua-testes-jenkins/continuous-integration-with-test-using-jenkins/apache-tomcat-8.5.50/webapps/tasks.war
02-Apr-2023 17:29:14.465 INFO [http-nio-8001-exec-144] org.apache.catalina.core.ApplicationContext.log HTMLManager: undeploy: Undeploying web application at '/tasks-backend'
02-Apr-2023 17:29:15.021 INFO [http-nio-8001-exec-144] org.apache.catalina.core.ApplicationContext.log HTMLManager: list: Listing contexts for virtual host 'localhost'
02-Apr-2023 17:29:32.981 INFO [http-nio-8001-exec-152] org.apache.catalina.core.ApplicationContext.log Manager: list: Listing contexts for virtual host 'localhost'
02-Apr-2023 17:29:32.983 INFO [http-nio-8001-exec-153] org.apache.catalina.core.ApplicationContext.log Manager: deploy: Deploying web application '/tasks-backend'
02-Apr-2023 17:29:32.983 INFO [http-nio-8001-exec-153] org.apache.catalina.core.ApplicationContext.log Manager: Uploading WAR file to /home/jeronimo/Documentos/udemy/integracao-continua-testes-jenkins/continuous-integration-with-test-using-jenkins/apache-tomcat-8.5.50/webapps/tasks-backend.war
02-Apr-2023 17:29:51.285 INFO [http-nio-8001-exec-154] org.apache.catalina.core.ApplicationContext.log HTMLManager: undeploy: Undeploying web application at '/tasks-backend'
02-Apr-2023 17:29:51.900 INFO [http-nio-8001-exec-154] org.apache.catalina.core.ApplicationContext.log HTMLManager: list: Listing contexts for virtual host 'localhost'
02-Apr-2023 17:29:55.969 INFO [http-nio-8001-exec-159] org.apache.catalina.core.ApplicationContext.log Manager: list: Listing contexts for virtual host 'localhost'
02-Apr-2023 17:29:55.971 INFO [http-nio-8001-exec-157] org.apache.catalina.core.ApplicationContext.log Manager: list: Listing contexts for virtual host 'localhost'
02-Apr-2023 17:29:55.974 INFO [http-nio-8001-exec-160] org.apache.catalina.core.ApplicationContext.log Manager: undeploy: Undeploying web application at '/tasks'
02-Apr-2023 17:29:56.518 INFO [http-nio-8001-exec-157] org.apache.catalina.core.ApplicationContext.log Manager: deploy: Deploying web application '/tasks'
02-Apr-2023 17:29:56.518 INFO [http-nio-8001-exec-157] org.apache.catalina.core.ApplicationContext.log Manager: Uploading WAR file to /home/jeronimo/Documentos/udemy/integracao-continua-testes-jenkins/continuous-integration-with-test-using-jenkins/apache-tomcat-8.5.50/webapps/tasks.war
02-Apr-2023 17:29:56.587 INFO [http-nio-8001-exec-162] org.apache.catalina.core.ApplicationContext.log HTMLManager: undeploy: Undeploying web application at '/tasks-backend'
02-Apr-2023 17:29:56.587 INFO [http-nio-8001-exec-162] org.apache.catalina.core.ApplicationContext.log HTMLManager: list: Listing contexts for virtual host 'localhost'
02-Apr-2023 17:30:03.584 INFO [http-nio-8001-exec-156] org.apache.catalina.core.ApplicationContext.log HTMLManager: undeploy: Undeploying web application at '/tasks-backend'
02-Apr-2023 17:30:03.584 INFO [http-nio-8001-exec-156] org.apache.catalina.core.ApplicationContext.log HTMLManager: list: Listing contexts for virtual host 'localhost'
02-Apr-2023 17:30:28.540 INFO [http-nio-8001-exec-151] org.apache.catalina.core.ApplicationContext.log HTMLManager: list: Listing contexts for virtual host 'localhost'
02-Apr-2023 17:30:43.224 INFO [http-nio-8001-exec-162] org.apache.catalina.core.ApplicationContext.log Manager: list: Listing contexts for virtual host 'localhost'
02-Apr-2023 17:30:43.226 INFO [http-nio-8001-exec-164] org.apache.catalina.core.ApplicationContext.log Manager: deploy: Deploying web application '/tasks-backend'
02-Apr-2023 17:30:43.226 INFO [http-nio-8001-exec-164] org.apache.catalina.core.ApplicationContext.log Manager: Uploading WAR file to /home/jeronimo/Documentos/udemy/integracao-continua-testes-jenkins/continuous-integration-with-test-using-jenkins/apache-tomcat-8.5.50/webapps/tasks-backend.war
02-Apr-2023 17:31:04.377 INFO [http-nio-8001-exec-166] org.apache.catalina.core.ApplicationContext.log Manager: list: Listing contexts for virtual host 'localhost'
02-Apr-2023 17:31:04.379 INFO [http-nio-8001-exec-167] org.apache.catalina.core.ApplicationContext.log Manager: list: Listing contexts for virtual host 'localhost'
02-Apr-2023 17:31:04.380 INFO [http-nio-8001-exec-168] org.apache.catalina.core.ApplicationContext.log Manager: undeploy: Undeploying web application at '/tasks'
02-Apr-2023 17:31:04.912 INFO [http-nio-8001-exec-166] org.apache.catalina.core.ApplicationContext.log Manager: deploy: Deploying web application '/tasks'
02-Apr-2023 17:31:04.912 INFO [http-nio-8001-exec-166] org.apache.catalina.core.ApplicationContext.log Manager: Uploading WAR file to /home/jeronimo/Documentos/udemy/integracao-continua-testes-jenkins/continuous-integration-with-test-using-jenkins/apache-tomcat-8.5.50/webapps/tasks.war
02-Apr-2023 17:31:24.824 INFO [http-nio-8001-exec-169] org.apache.catalina.core.ApplicationContext.log HTMLManager: list: Listing contexts for virtual host 'localhost'
02-Apr-2023 17:31:27.442 INFO [http-nio-8001-exec-172] org.apache.catalina.core.ApplicationContext.log HTMLManager: list: Listing contexts for virtual host 'localhost'
02-Apr-2023 21:30:20.703 INFO [http-nio-8001-exec-177] org.apache.catalina.core.ApplicationContext.log Manager: list: Listing contexts for virtual host 'localhost'
02-Apr-2023 21:30:20.713 INFO [http-nio-8001-exec-178] org.apache.catalina.core.ApplicationContext.log Manager: list: Listing contexts for virtual host 'localhost'
02-Apr-2023 21:30:20.717 INFO [http-nio-8001-exec-176] org.apache.catalina.core.ApplicationContext.log Manager: undeploy: Undeploying web application at '/tasks-backend'
02-Apr-2023 21:30:21.463 INFO [http-nio-8001-exec-178] org.apache.catalina.core.ApplicationContext.log Manager: deploy: Deploying web application '/tasks-backend'
02-Apr-2023 21:30:21.463 INFO [http-nio-8001-exec-178] org.apache.catalina.core.ApplicationContext.log Manager: Uploading WAR file to /home/jeronimo/Documentos/udemy/integracao-continua-testes-jenkins/continuous-integration-with-test-using-jenkins/apache-tomcat-8.5.50/webapps/tasks-backend.war
02-Apr-2023 21:42:39.867 INFO [http-nio-8001-exec-184] org.apache.catalina.core.ApplicationContext.log Manager: list: Listing contexts for virtual host 'localhost'
02-Apr-2023 21:42:39.892 INFO [http-nio-8001-exec-185] org.apache.catalina.core.ApplicationContext.log Manager: list: Listing contexts for virtual host 'localhost'
02-Apr-2023 21:42:39.897 INFO [http-nio-8001-exec-186] org.apache.catalina.core.ApplicationContext.log Manager: undeploy: Undeploying web application at '/tasks-backend'
02-Apr-2023 21:42:40.750 INFO [http-nio-8001-exec-192] org.apache.catalina.core.ApplicationContext.log Manager: deploy: Deploying web application '/tasks-backend'
02-Apr-2023 21:42:40.750 INFO [http-nio-8001-exec-192] org.apache.catalina.core.ApplicationContext.log Manager: Uploading WAR file to /home/jeronimo/Documentos/udemy/integracao-continua-testes-jenkins/continuous-integration-with-test-using-jenkins/apache-tomcat-8.5.50/webapps/tasks-backend.war
02-Apr-2023 22:10:23.750 INFO [http-nio-8001-exec-194] org.apache.catalina.core.ApplicationContext.log Manager: list: Listing contexts for virtual host 'localhost'
02-Apr-2023 22:10:23.754 INFO [http-nio-8001-exec-195] org.apache.catalina.core.ApplicationContext.log Manager: list: Listing contexts for virtual host 'localhost'
02-Apr-2023 22:10:23.766 INFO [http-nio-8001-exec-196] org.apache.catalina.core.ApplicationContext.log Manager: undeploy: Undeploying web application at '/tasks-backend'
02-Apr-2023 22:10:24.443 INFO [http-nio-8001-exec-201] org.apache.catalina.core.ApplicationContext.log Manager: deploy: Deploying web application '/tasks-backend'
02-Apr-2023 22:10:24.443 INFO [http-nio-8001-exec-201] org.apache.catalina.core.ApplicationContext.log Manager: Uploading WAR file to /home/jeronimo/Documentos/udemy/integracao-continua-testes-jenkins/continuous-integration-with-test-using-jenkins/apache-tomcat-8.5.50/webapps/tasks-backend.war
