06-Apr-2023 09:20:19.709 INFO [http-nio-8001-exec-342] org.apache.catalina.core.ApplicationContext.log Manager: list: Listing contexts for virtual host 'localhost'
06-Apr-2023 09:20:19.710 INFO [http-nio-8001-exec-345] org.apache.catalina.core.ApplicationContext.log Manager: list: Listing contexts for virtual host 'localhost'
06-Apr-2023 09:20:19.711 INFO [http-nio-8001-exec-346] org.apache.catalina.core.ApplicationContext.log Manager: undeploy: Undeploying web application at '/tasks-backend'
06-Apr-2023 09:20:20.307 INFO [http-nio-8001-exec-347] org.apache.catalina.core.ApplicationContext.log Manager: deploy: Deploying web application '/tasks-backend'
06-Apr-2023 09:20:20.307 INFO [http-nio-8001-exec-347] org.apache.catalina.core.ApplicationContext.log Manager: Uploading WAR file to /home/jeronimo/Documentos/udemy/integracao-continua-testes-jenkins/continuous-integration-with-test-using-jenkins/apache-tomcat-8.5.50/webapps/tasks-backend.war
06-Apr-2023 09:20:58.585 INFO [http-nio-8001-exec-348] org.apache.catalina.core.ApplicationContext.log Manager: list: Listing contexts for virtual host 'localhost'
06-Apr-2023 09:20:58.587 INFO [http-nio-8001-exec-345] org.apache.catalina.core.ApplicationContext.log Manager: list: Listing contexts for virtual host 'localhost'
06-Apr-2023 09:20:58.588 INFO [http-nio-8001-exec-351] org.apache.catalina.core.ApplicationContext.log Manager: undeploy: Undeploying web application at '/tasks'
06-Apr-2023 09:20:59.124 INFO [http-nio-8001-exec-352] org.apache.catalina.core.ApplicationContext.log Manager: deploy: Deploying web application '/tasks'
06-Apr-2023 09:20:59.125 INFO [http-nio-8001-exec-352] org.apache.catalina.core.ApplicationContext.log Manager: Uploading WAR file to /home/jeronimo/Documentos/udemy/integracao-continua-testes-jenkins/continuous-integration-with-test-using-jenkins/apache-tomcat-8.5.50/webapps/tasks.war
06-Apr-2023 11:02:01.943 INFO [http-nio-8001-exec-359] org.apache.catalina.core.ApplicationContext.log HTMLManager: list: Listing contexts for virtual host 'localhost'
06-Apr-2023 11:03:48.249 INFO [http-nio-8001-exec-359] org.apache.catalina.core.ApplicationContext.log Manager: list: Listing contexts for virtual host 'localhost'
06-Apr-2023 11:03:48.253 INFO [http-nio-8001-exec-360] org.apache.catalina.core.ApplicationContext.log Manager: list: Listing contexts for virtual host 'localhost'
06-Apr-2023 11:03:48.256 INFO [http-nio-8001-exec-361] org.apache.catalina.core.ApplicationContext.log Manager: undeploy: Undeploying web application at '/tasks'
06-Apr-2023 11:03:48.903 INFO [http-nio-8001-exec-358] org.apache.catalina.core.ApplicationContext.log Manager: deploy: Deploying web application '/tasks'
06-Apr-2023 11:03:48.903 INFO [http-nio-8001-exec-358] org.apache.catalina.core.ApplicationContext.log Manager: Uploading WAR file to /home/jeronimo/Documentos/udemy/integracao-continua-testes-jenkins/continuous-integration-with-test-using-jenkins/apache-tomcat-8.5.50/webapps/tasks.war
06-Apr-2023 11:04:36.829 INFO [http-nio-8001-exec-359] org.apache.catalina.core.ApplicationContext.log HTMLManager: undeploy: Undeploying web application at '/tasks'
06-Apr-2023 11:04:37.387 INFO [http-nio-8001-exec-359] org.apache.catalina.core.ApplicationContext.log HTMLManager: list: Listing contexts for virtual host 'localhost'
06-Apr-2023 11:04:50.502 INFO [http-nio-8001-exec-373] org.apache.catalina.core.ApplicationContext.log Manager: list: Listing contexts for virtual host 'localhost'
06-Apr-2023 11:04:50.504 INFO [http-nio-8001-exec-369] org.apache.catalina.core.ApplicationContext.log Manager: deploy: Deploying web application '/tasks'
06-Apr-2023 11:04:50.504 INFO [http-nio-8001-exec-369] org.apache.catalina.core.ApplicationContext.log Manager: Uploading WAR file to /home/jeronimo/Documentos/udemy/integracao-continua-testes-jenkins/continuous-integration-with-test-using-jenkins/apache-tomcat-8.5.50/webapps/tasks.war
06-Apr-2023 11:05:05.476 INFO [http-nio-8001-exec-372] org.apache.catalina.core.ApplicationContext.log HTMLManager: undeploy: Undeploying web application at '/tasks'
06-Apr-2023 11:05:06.098 INFO [http-nio-8001-exec-372] org.apache.catalina.core.ApplicationContext.log HTMLManager: list: Listing contexts for virtual host 'localhost'
06-Apr-2023 11:05:37.096 INFO [http-nio-8001-exec-380] org.apache.catalina.core.ApplicationContext.log Manager: list: Listing contexts for virtual host 'localhost'
06-Apr-2023 11:05:37.097 INFO [http-nio-8001-exec-381] org.apache.catalina.core.ApplicationContext.log Manager: deploy: Deploying web application '/tasks'
06-Apr-2023 11:05:37.097 INFO [http-nio-8001-exec-381] org.apache.catalina.core.ApplicationContext.log Manager: Uploading WAR file to /home/jeronimo/Documentos/udemy/integracao-continua-testes-jenkins/continuous-integration-with-test-using-jenkins/apache-tomcat-8.5.50/webapps/tasks.war
06-Apr-2023 11:05:51.080 INFO [http-nio-8001-exec-385] org.apache.catalina.core.ApplicationContext.log HTMLManager: undeploy: Undeploying web application at '/tasks'
06-Apr-2023 11:05:51.622 INFO [http-nio-8001-exec-385] org.apache.catalina.core.ApplicationContext.log HTMLManager: list: Listing contexts for virtual host 'localhost'
06-Apr-2023 11:05:55.401 INFO [http-nio-8001-exec-380] org.apache.catalina.core.ApplicationContext.log HTMLManager: undeploy: Undeploying web application at '/tasks'
06-Apr-2023 11:05:55.401 INFO [http-nio-8001-exec-380] org.apache.catalina.core.ApplicationContext.log HTMLManager: list: Listing contexts for virtual host 'localhost'
06-Apr-2023 11:28:19.479 INFO [http-nio-8001-exec-389] org.apache.catalina.core.ApplicationContext.log Manager: list: Listing contexts for virtual host 'localhost'
06-Apr-2023 11:28:19.481 INFO [http-nio-8001-exec-390] org.apache.catalina.core.ApplicationContext.log Manager: deploy: Deploying web application '/tasks'
06-Apr-2023 11:28:19.481 INFO [http-nio-8001-exec-390] org.apache.catalina.core.ApplicationContext.log Manager: Uploading WAR file to /home/jeronimo/Documentos/udemy/integracao-continua-testes-jenkins/continuous-integration-with-test-using-jenkins/apache-tomcat-8.5.50/webapps/tasks.war
06-Apr-2023 11:28:41.722 INFO [http-nio-8001-exec-391] org.apache.catalina.core.ApplicationContext.log HTMLManager: undeploy: Undeploying web application at '/tasks'
06-Apr-2023 11:28:42.298 INFO [http-nio-8001-exec-391] org.apache.catalina.core.ApplicationContext.log HTMLManager: list: Listing contexts for virtual host 'localhost'
06-Apr-2023 11:30:47.027 INFO [http-nio-8001-exec-398] org.apache.catalina.core.ApplicationContext.log HTMLManager: list: Listing contexts for virtual host 'localhost'
06-Apr-2023 11:40:17.128 INFO [http-nio-8001-exec-405] org.apache.catalina.core.ApplicationContext.log HTMLManager: undeploy: Undeploying web application at '/tasks-backend'
06-Apr-2023 11:40:17.727 INFO [http-nio-8001-exec-405] org.apache.catalina.core.ApplicationContext.log HTMLManager: list: Listing contexts for virtual host 'localhost'
06-Apr-2023 11:41:01.772 INFO [http-nio-8001-exec-402] org.apache.catalina.core.ApplicationContext.log HTMLManager: list: Listing contexts for virtual host 'localhost'
06-Apr-2023 16:05:57.180 INFO [http-nio-8001-exec-414] org.apache.catalina.core.ApplicationContext.log HTMLManager: list: Listing contexts for virtual host 'localhost'
06-Apr-2023 16:05:59.961 INFO [http-nio-8001-exec-411] org.apache.catalina.core.ApplicationContext.log HTMLManager: undeploy: Undeploying web application at '/tasks'
06-Apr-2023 16:06:00.541 INFO [http-nio-8001-exec-411] org.apache.catalina.core.ApplicationContext.log HTMLManager: list: Listing contexts for virtual host 'localhost'
06-Apr-2023 16:06:04.075 INFO [http-nio-8001-exec-412] org.apache.catalina.core.ApplicationContext.log HTMLManager: undeploy: Undeploying web application at '/tasks-backend'
06-Apr-2023 16:06:04.664 INFO [http-nio-8001-exec-412] org.apache.catalina.core.ApplicationContext.log HTMLManager: list: Listing contexts for virtual host 'localhost'
06-Apr-2023 16:06:43.929 INFO [http-nio-8001-exec-417] org.apache.catalina.core.ApplicationContext.log HTMLManager: list: Listing contexts for virtual host 'localhost'
06-Apr-2023 16:07:01.015 INFO [http-nio-8001-exec-415] org.apache.catalina.core.ApplicationContext.log HTMLManager: undeploy: Undeploying web application at '/tasks'
06-Apr-2023 16:07:01.558 INFO [http-nio-8001-exec-415] org.apache.catalina.core.ApplicationContext.log HTMLManager: list: Listing contexts for virtual host 'localhost'
06-Apr-2023 16:07:14.112 INFO [http-nio-8001-exec-420] org.apache.catalina.core.ApplicationContext.log HTMLManager: list: Listing contexts for virtual host 'localhost'
06-Apr-2023 16:07:22.811 INFO [http-nio-8001-exec-422] org.apache.catalina.core.ApplicationContext.log HTMLManager: undeploy: Undeploying web application at '/tasks'
06-Apr-2023 16:07:23.372 INFO [http-nio-8001-exec-422] org.apache.catalina.core.ApplicationContext.log HTMLManager: list: Listing contexts for virtual host 'localhost'
06-Apr-2023 16:07:56.570 INFO [http-nio-8001-exec-1] org.apache.catalina.core.ApplicationContext.log HTMLManager: init: Associated with Deployer 'Catalina:type=Deployer,host=localhost'
06-Apr-2023 16:07:56.570 INFO [http-nio-8001-exec-1] org.apache.catalina.core.ApplicationContext.log HTMLManager: init: Global resources are available
06-Apr-2023 16:07:56.580 INFO [http-nio-8001-exec-1] org.apache.catalina.core.ApplicationContext.log HTMLManager: undeploy: Undeploying web application at '/tasks'
06-Apr-2023 16:07:56.581 INFO [http-nio-8001-exec-1] org.apache.catalina.core.ApplicationContext.log HTMLManager: list: Listing contexts for virtual host 'localhost'
06-Apr-2023 16:08:06.343 INFO [http-nio-8001-exec-2] org.apache.catalina.core.ApplicationContext.log HTMLManager: list: Listing contexts for virtual host 'localhost'
06-Apr-2023 16:08:36.078 INFO [http-nio-8001-exec-6] org.apache.catalina.core.ApplicationContext.log HTMLManager: list: Listing contexts for virtual host 'localhost'
06-Apr-2023 16:09:19.215 INFO [http-nio-8001-exec-9] org.apache.catalina.core.ApplicationContext.log HTMLManager: list: Listing contexts for virtual host 'localhost'
06-Apr-2023 18:28:51.244 INFO [http-nio-8001-exec-7] org.apache.catalina.core.ApplicationContext.log HTMLManager: init: Associated with Deployer 'Catalina:type=Deployer,host=localhost'
06-Apr-2023 18:28:51.244 INFO [http-nio-8001-exec-7] org.apache.catalina.core.ApplicationContext.log HTMLManager: init: Global resources are available
06-Apr-2023 18:28:51.270 INFO [http-nio-8001-exec-7] org.apache.catalina.core.ApplicationContext.log HTMLManager: list: Listing contexts for virtual host 'localhost'
06-Apr-2023 18:28:54.126 INFO [http-nio-8001-exec-4] org.apache.catalina.core.ApplicationContext.log HTMLManager: undeploy: Undeploying web application at '/tasks'
06-Apr-2023 18:28:54.799 INFO [http-nio-8001-exec-4] org.apache.catalina.core.ApplicationContext.log HTMLManager: list: Listing contexts for virtual host 'localhost'
06-Apr-2023 18:28:56.613 INFO [http-nio-8001-exec-6] org.apache.catalina.core.ApplicationContext.log HTMLManager: undeploy: Undeploying web application at '/tasks-backend'
06-Apr-2023 18:28:57.225 INFO [http-nio-8001-exec-6] org.apache.catalina.core.ApplicationContext.log HTMLManager: list: Listing contexts for virtual host 'localhost'
06-Apr-2023 18:29:01.365 INFO [http-nio-8001-exec-1] org.apache.catalina.core.ApplicationContext.log HTMLManager: undeploy: Undeploying web application at '/tasks-backend'
06-Apr-2023 18:29:01.366 INFO [http-nio-8001-exec-1] org.apache.catalina.core.ApplicationContext.log HTMLManager: list: Listing contexts for virtual host 'localhost'
06-Apr-2023 18:29:25.534 INFO [http-nio-8001-exec-5] org.apache.catalina.core.ApplicationContext.log Manager: init: Associated with Deployer 'Catalina:type=Deployer,host=localhost'
06-Apr-2023 18:29:25.534 INFO [http-nio-8001-exec-5] org.apache.catalina.core.ApplicationContext.log Manager: init: Global resources are available
06-Apr-2023 18:29:25.534 INFO [http-nio-8001-exec-5] org.apache.catalina.core.ApplicationContext.log Manager: list: Listing contexts for virtual host 'localhost'
06-Apr-2023 18:29:25.536 INFO [http-nio-8001-exec-7] org.apache.catalina.core.ApplicationContext.log Manager: deploy: Deploying web application '/tasks-backend'
06-Apr-2023 18:29:25.537 INFO [http-nio-8001-exec-7] org.apache.catalina.core.ApplicationContext.log Manager: Uploading WAR file to /home/jeronimo/Documentos/udemy/integracao-continua-testes-jenkins/continuous-integration-with-test-using-jenkins/apache-tomcat-8.5.50/webapps/tasks-backend.war
06-Apr-2023 18:30:06.076 INFO [http-nio-8001-exec-14] org.apache.catalina.core.ApplicationContext.log Manager: list: Listing contexts for virtual host 'localhost'
06-Apr-2023 18:30:06.078 INFO [http-nio-8001-exec-15] org.apache.catalina.core.ApplicationContext.log Manager: deploy: Deploying web application '/tasks'
06-Apr-2023 18:30:06.079 INFO [http-nio-8001-exec-15] org.apache.catalina.core.ApplicationContext.log Manager: Uploading WAR file to /home/jeronimo/Documentos/udemy/integracao-continua-testes-jenkins/continuous-integration-with-test-using-jenkins/apache-tomcat-8.5.50/webapps/tasks.war
06-Apr-2023 18:32:00.441 INFO [http-nio-8001-exec-15] org.apache.catalina.core.ApplicationContext.log HTMLManager: undeploy: Undeploying web application at '/tasks-backend'
06-Apr-2023 18:32:01.058 INFO [http-nio-8001-exec-15] org.apache.catalina.core.ApplicationContext.log HTMLManager: list: Listing contexts for virtual host 'localhost'
06-Apr-2023 18:32:08.769 INFO [http-nio-8001-exec-13] org.apache.catalina.core.ApplicationContext.log HTMLManager: undeploy: Undeploying web application at '/tasks-backend'
06-Apr-2023 18:32:08.770 INFO [88] org.apache.catalina.core.ApplicationContext.log HTMLManager: list: Listing contexts for virtual host 'localhost'
06-Apr-2023 18:32:12.200 INFO [http-nio-8001-exec-19] org.apache.catalina.core.ApplicationContext.log HTMLManager: undeploy: Undeploying web application at '/tasks-backend'
06-Apr-2023 18:32:12.200 INFO [http-nio-8001-exec-19] org.apache.catalina.core.ApplicationContext.log HTMLManager: list: Listing contexts for virtual host 'localhost'
06-Apr-2023 18:32:19.791 INFO [http-nio-8001-exec-20] org.apache.catalina.core.ApplicationContext.log HTMLManager: undeploy: Undeploying web application at '/tasks'
06-Apr-2023 18:32:20.356 INFO [http-nio-8001-exec-20] org.apache.catalina.core.ApplicationContext.log HTMLManager: list: Listing contexts for virtual host 'localhost'
06-Apr-2023 18:32:40.957 INFO [http-nio-8001-exec-22] org.apache.catalina.core.ApplicationContext.log Manager: list: Listing contexts for virtual host 'localhost'
06-Apr-2023 18:32:40.960 INFO [http-nio-8001-exec-14] org.apache.catalina.core.ApplicationContext.log Manager: deploy: Deploying web application '/tasks-backend'
06-Apr-2023 18:32:40.960 INFO [http-nio-8001-exec-14] org.apache.catalina.core.ApplicationContext.log Manager: Uploading WAR file to /home/jeronimo/Documentos/udemy/integracao-continua-testes-jenkins/continuous-integration-with-test-using-jenkins/apache-tomcat-8.5.50/webapps/tasks-backend.war
06-Apr-2023 18:33:30.911 INFO [http-nio-8001-exec-28] org.apache.catalina.core.ApplicationContext.log Manager: list: Listing contexts for virtual host 'localhost'
06-Apr-2023 18:33:30.913 INFO [http-nio-8001-exec-29] org.apache.catalina.core.ApplicationContext.log Manager: deploy: Deploying web application '/tasks'
06-Apr-2023 18:33:30.913 INFO [http-nio-8001-exec-29] org.apache.catalina.core.ApplicationContext.log Manager: Uploading WAR file to /home/jeronimo/Documentos/udemy/integracao-continua-testes-jenkins/continuous-integration-with-test-using-jenkins/apache-tomcat-8.5.50/webapps/tasks.war
06-Apr-2023 18:34:14.243 INFO [http-nio-8001-exec-35] org.apache.catalina.core.ApplicationContext.log HTMLManager: undeploy: Undeploying web application at '/tasks'
06-Apr-2023 18:34:14.845 INFO [http-nio-8001-exec-35] org.apache.catalina.core.ApplicationContext.log HTMLManager: list: Listing contexts for virtual host 'localhost'
06-Apr-2023 18:34:20.097 INFO [http-nio-8001-exec-31] org.apache.catalina.core.ApplicationContext.log HTMLManager: undeploy: Undeploying web application at '/tasks'
06-Apr-2023 18:34:20.098 INFO [http-nio-8001-exec-31] org.apache.catalina.core.ApplicationContext.log HTMLManager: list: Listing contexts for virtual host 'localhost'
